[2022-09-08T10:31:54.628+0000] {taskinstance.py:1171} INFO - Dependencies all met for <TaskInstance: our_first_dag_v5.thrid_task scheduled__2021-07-30T00:00:00+00:00 [queued]>
[2022-09-08T10:31:54.793+0000] {taskinstance.py:1171} INFO - Dependencies all met for <TaskInstance: our_first_dag_v5.thrid_task scheduled__2021-07-30T00:00:00+00:00 [queued]>
[2022-09-08T10:31:54.797+0000] {taskinstance.py:1368} INFO - 
--------------------------------------------------------------------------------
[2022-09-08T10:31:54.799+0000] {taskinstance.py:1369} INFO - Starting attempt 1 of 6
[2022-09-08T10:31:54.800+0000] {taskinstance.py:1370} INFO - 
--------------------------------------------------------------------------------
[2022-09-08T10:31:54.932+0000] {taskinstance.py:1389} INFO - Executing <Task(BashOperator): thrid_task> on 2021-07-30 00:00:00+00:00
[2022-09-08T10:31:54.963+0000] {standard_task_runner.py:52} INFO - Started process 3300 to run task
[2022-09-08T10:31:55.034+0000] {standard_task_runner.py:79} INFO - Running: ['***', 'tasks', 'run', 'our_first_dag_v5', 'thrid_task', 'scheduled__2021-07-30T00:00:00+00:00', '--job-id', '22', '--raw', '--subdir', 'DAGS_FOLDER/example_dags.py', '--cfg-path', '/tmp/tmpsph5eua6', '--error-file', '/tmp/tmpgze2juth']
[2022-09-08T10:31:55.064+0000] {standard_task_runner.py:80} INFO - Job 22: Subtask thrid_task
[2022-09-08T10:31:55.402+0000] {task_command.py:371} INFO - Running <TaskInstance: our_first_dag_v5.thrid_task scheduled__2021-07-30T00:00:00+00:00 [running]> on host c56eb7ae2624
[2022-09-08T10:32:02.327+0000] {taskinstance.py:1583} INFO - Exporting the following env vars:
AIRFLOW_CTX_DAG_OWNER=coder2j
AIRFLOW_CTX_DAG_ID=our_first_dag_v5
AIRFLOW_CTX_TASK_ID=thrid_task
AIRFLOW_CTX_EXECUTION_DATE=2021-07-30T00:00:00+00:00
AIRFLOW_CTX_TRY_NUMBER=1
AIRFLOW_CTX_DAG_RUN_ID=scheduled__2021-07-30T00:00:00+00:00
[2022-09-08T10:32:02.333+0000] {subprocess.py:62} INFO - Tmp dir root location: 
 /tmp
[2022-09-08T10:32:02.339+0000] {subprocess.py:74} INFO - Running command: ['/bin/bash', '-c', 'echo hey, I am task3 and will be running after task1 at the same time as task2!']
[2022-09-08T10:32:02.413+0000] {subprocess.py:85} INFO - Output:
[2022-09-08T10:32:02.441+0000] {subprocess.py:92} INFO - hey, I am task3 and will be running after task1 at the same time as task2!
[2022-09-08T10:32:02.449+0000] {subprocess.py:96} INFO - Command exited with return code 0
[2022-09-08T10:32:03.125+0000] {taskinstance.py:1412} INFO - Marking task as SUCCESS. dag_id=our_first_dag_v5, task_id=thrid_task, execution_date=20210730T000000, start_date=20220908T103154, end_date=20220908T103203
[2022-09-08T10:32:04.126+0000] {local_task_job.py:156} INFO - Task exited with return code 0
[2022-09-08T10:32:04.301+0000] {local_task_job.py:279} INFO - 0 downstream tasks scheduled from follow-on schedule check
