[2022-09-08T11:12:28.881+0000] {taskinstance.py:1171} INFO - Dependencies all met for <TaskInstance: first_dag_v12.second_task manual__2022-09-08T11:12:27.257199+00:00 [queued]>
[2022-09-08T11:12:28.887+0000] {taskinstance.py:1171} INFO - Dependencies all met for <TaskInstance: first_dag_v12.second_task manual__2022-09-08T11:12:27.257199+00:00 [queued]>
[2022-09-08T11:12:28.888+0000] {taskinstance.py:1368} INFO - 
--------------------------------------------------------------------------------
[2022-09-08T11:12:28.889+0000] {taskinstance.py:1369} INFO - Starting attempt 1 of 6
[2022-09-08T11:12:28.890+0000] {taskinstance.py:1370} INFO - 
--------------------------------------------------------------------------------
[2022-09-08T11:12:28.897+0000] {taskinstance.py:1389} INFO - Executing <Task(BashOperator): second_task> on 2022-09-08 11:12:27.257199+00:00
[2022-09-08T11:12:28.901+0000] {standard_task_runner.py:52} INFO - Started process 764 to run task
[2022-09-08T11:12:28.903+0000] {standard_task_runner.py:79} INFO - Running: ['***', 'tasks', 'run', 'first_dag_v12', 'second_task', 'manual__2022-09-08T11:12:27.257199+00:00', '--job-id', '19', '--raw', '--subdir', 'DAGS_FOLDER/example_dags.py', '--cfg-path', '/tmp/tmpokcep_qm', '--error-file', '/tmp/tmp4pg1l4fr']
[2022-09-08T11:12:28.904+0000] {standard_task_runner.py:80} INFO - Job 19: Subtask second_task
[2022-09-08T11:12:28.943+0000] {task_command.py:371} INFO - Running <TaskInstance: first_dag_v12.second_task manual__2022-09-08T11:12:27.257199+00:00 [running]> on host e458dbb0fb9f
[2022-09-08T11:12:28.982+0000] {taskinstance.py:1583} INFO - Exporting the following env vars:
AIRFLOW_CTX_DAG_OWNER=coder2j
AIRFLOW_CTX_DAG_ID=first_dag_v12
AIRFLOW_CTX_TASK_ID=second_task
AIRFLOW_CTX_EXECUTION_DATE=2022-09-08T11:12:27.257199+00:00
AIRFLOW_CTX_TRY_NUMBER=1
AIRFLOW_CTX_DAG_RUN_ID=manual__2022-09-08T11:12:27.257199+00:00
[2022-09-08T11:12:28.983+0000] {subprocess.py:62} INFO - Tmp dir root location: 
 /tmp
[2022-09-08T11:12:28.985+0000] {subprocess.py:74} INFO - Running command: ['/bin/bash', '-c', 'echo Dm log nhu lon']
[2022-09-08T11:12:28.992+0000] {subprocess.py:85} INFO - Output:
[2022-09-08T11:12:28.993+0000] {subprocess.py:92} INFO - Dm log nhu lon
[2022-09-08T11:12:28.994+0000] {subprocess.py:96} INFO - Command exited with return code 0
[2022-09-08T11:12:29.090+0000] {taskinstance.py:1412} INFO - Marking task as SUCCESS. dag_id=first_dag_v12, task_id=second_task, execution_date=20220908T111227, start_date=20220908T111228, end_date=20220908T111229
[2022-09-08T11:12:29.116+0000] {local_task_job.py:156} INFO - Task exited with return code 0
[2022-09-08T11:12:29.134+0000] {local_task_job.py:279} INFO - 0 downstream tasks scheduled from follow-on schedule check
