[2022-09-08T10:32:07.540+0000] {taskinstance.py:1171} INFO - Dependencies all met for <TaskInstance: our_first_dag_v5.thrid_task scheduled__2021-08-05T00:00:00+00:00 [queued]>
[2022-09-08T10:32:07.672+0000] {taskinstance.py:1171} INFO - Dependencies all met for <TaskInstance: our_first_dag_v5.thrid_task scheduled__2021-08-05T00:00:00+00:00 [queued]>
[2022-09-08T10:32:07.677+0000] {taskinstance.py:1368} INFO - 
--------------------------------------------------------------------------------
[2022-09-08T10:32:07.679+0000] {taskinstance.py:1369} INFO - Starting attempt 1 of 6
[2022-09-08T10:32:07.683+0000] {taskinstance.py:1370} INFO - 
--------------------------------------------------------------------------------
[2022-09-08T10:32:07.979+0000] {taskinstance.py:1389} INFO - Executing <Task(BashOperator): thrid_task> on 2021-08-05 00:00:00+00:00
[2022-09-08T10:32:08.183+0000] {standard_task_runner.py:52} INFO - Started process 3355 to run task
[2022-09-08T10:32:08.295+0000] {standard_task_runner.py:79} INFO - Running: ['***', 'tasks', 'run', 'our_first_dag_v5', 'thrid_task', 'scheduled__2021-08-05T00:00:00+00:00', '--job-id', '40', '--raw', '--subdir', 'DAGS_FOLDER/example_dags.py', '--cfg-path', '/tmp/tmpqrcw18_4', '--error-file', '/tmp/tmp_dsu_cvj']
[2022-09-08T10:32:08.349+0000] {standard_task_runner.py:80} INFO - Job 40: Subtask thrid_task
[2022-09-08T10:32:09.336+0000] {task_command.py:371} INFO - Running <TaskInstance: our_first_dag_v5.thrid_task scheduled__2021-08-05T00:00:00+00:00 [running]> on host c56eb7ae2624
[2022-09-08T10:32:17.315+0000] {taskinstance.py:1583} INFO - Exporting the following env vars:
AIRFLOW_CTX_DAG_OWNER=coder2j
AIRFLOW_CTX_DAG_ID=our_first_dag_v5
AIRFLOW_CTX_TASK_ID=thrid_task
AIRFLOW_CTX_EXECUTION_DATE=2021-08-05T00:00:00+00:00
AIRFLOW_CTX_TRY_NUMBER=1
AIRFLOW_CTX_DAG_RUN_ID=scheduled__2021-08-05T00:00:00+00:00
[2022-09-08T10:32:17.335+0000] {subprocess.py:62} INFO - Tmp dir root location: 
 /tmp
[2022-09-08T10:32:17.374+0000] {subprocess.py:74} INFO - Running command: ['/bin/bash', '-c', 'echo hey, I am task3 and will be running after task1 at the same time as task2!']
[2022-09-08T10:32:17.596+0000] {subprocess.py:85} INFO - Output:
[2022-09-08T10:32:17.627+0000] {subprocess.py:92} INFO - hey, I am task3 and will be running after task1 at the same time as task2!
[2022-09-08T10:32:17.630+0000] {subprocess.py:96} INFO - Command exited with return code 0
[2022-09-08T10:32:17.870+0000] {taskinstance.py:1412} INFO - Marking task as SUCCESS. dag_id=our_first_dag_v5, task_id=thrid_task, execution_date=20210805T000000, start_date=20220908T103207, end_date=20220908T103217
[2022-09-08T10:32:18.205+0000] {local_task_job.py:156} INFO - Task exited with return code 0
[2022-09-08T10:32:18.436+0000] {local_task_job.py:279} INFO - 0 downstream tasks scheduled from follow-on schedule check
