[2022-09-08T10:32:55.912+0000] {taskinstance.py:1171} INFO - Dependencies all met for <TaskInstance: our_first_dag_v5.first_task scheduled__2021-09-08T00:00:00+00:00 [queued]>
[2022-09-08T10:32:55.985+0000] {taskinstance.py:1171} INFO - Dependencies all met for <TaskInstance: our_first_dag_v5.first_task scheduled__2021-09-08T00:00:00+00:00 [queued]>
[2022-09-08T10:32:55.988+0000] {taskinstance.py:1368} INFO - 
--------------------------------------------------------------------------------
[2022-09-08T10:32:55.990+0000] {taskinstance.py:1369} INFO - Starting attempt 1 of 6
[2022-09-08T10:32:55.991+0000] {taskinstance.py:1370} INFO - 
--------------------------------------------------------------------------------
[2022-09-08T10:32:56.066+0000] {taskinstance.py:1389} INFO - Executing <Task(BashOperator): first_task> on 2021-09-08 00:00:00+00:00
[2022-09-08T10:32:56.096+0000] {standard_task_runner.py:52} INFO - Started process 3618 to run task
[2022-09-08T10:32:56.118+0000] {standard_task_runner.py:79} INFO - Running: ['***', 'tasks', 'run', 'our_first_dag_v5', 'first_task', 'scheduled__2021-09-08T00:00:00+00:00', '--job-id', '112', '--raw', '--subdir', 'DAGS_FOLDER/example_dags.py', '--cfg-path', '/tmp/tmpwmyytb8x', '--error-file', '/tmp/tmpbw389e71']
[2022-09-08T10:32:56.123+0000] {standard_task_runner.py:80} INFO - Job 112: Subtask first_task
[2022-09-08T10:32:56.247+0000] {task_command.py:371} INFO - Running <TaskInstance: our_first_dag_v5.first_task scheduled__2021-09-08T00:00:00+00:00 [running]> on host c56eb7ae2624
[2022-09-08T10:32:57.229+0000] {taskinstance.py:1583} INFO - Exporting the following env vars:
AIRFLOW_CTX_DAG_OWNER=coder2j
AIRFLOW_CTX_DAG_ID=our_first_dag_v5
AIRFLOW_CTX_TASK_ID=first_task
AIRFLOW_CTX_EXECUTION_DATE=2021-09-08T00:00:00+00:00
AIRFLOW_CTX_TRY_NUMBER=1
AIRFLOW_CTX_DAG_RUN_ID=scheduled__2021-09-08T00:00:00+00:00
[2022-09-08T10:32:57.233+0000] {subprocess.py:62} INFO - Tmp dir root location: 
 /tmp
[2022-09-08T10:32:57.237+0000] {subprocess.py:74} INFO - Running command: ['/bin/bash', '-c', 'echo hello world, this is the first task!']
[2022-09-08T10:32:57.384+0000] {subprocess.py:85} INFO - Output:
[2022-09-08T10:32:57.414+0000] {subprocess.py:92} INFO - hello world, this is the first task!
[2022-09-08T10:32:57.429+0000] {subprocess.py:96} INFO - Command exited with return code 0
[2022-09-08T10:32:57.524+0000] {taskinstance.py:1412} INFO - Marking task as SUCCESS. dag_id=our_first_dag_v5, task_id=first_task, execution_date=20210908T000000, start_date=20220908T103255, end_date=20220908T103257
[2022-09-08T10:32:57.838+0000] {local_task_job.py:156} INFO - Task exited with return code 0
[2022-09-08T10:32:58.536+0000] {local_task_job.py:279} INFO - 0 downstream tasks scheduled from follow-on schedule check
