[2022-09-08T14:49:16.016+0000] {taskinstance.py:1171} INFO - Dependencies all met for <TaskInstance: dag_with_taskflow_api_v01.get_age scheduled__2022-09-05T00:00:00+00:00 [queued]>
[2022-09-08T14:49:16.028+0000] {taskinstance.py:1171} INFO - Dependencies all met for <TaskInstance: dag_with_taskflow_api_v01.get_age scheduled__2022-09-05T00:00:00+00:00 [queued]>
[2022-09-08T14:49:16.029+0000] {taskinstance.py:1368} INFO - 
--------------------------------------------------------------------------------
[2022-09-08T14:49:16.030+0000] {taskinstance.py:1369} INFO - Starting attempt 1 of 6
[2022-09-08T14:49:16.031+0000] {taskinstance.py:1370} INFO - 
--------------------------------------------------------------------------------
[2022-09-08T14:49:16.047+0000] {taskinstance.py:1389} INFO - Executing <Task(_PythonDecoratedOperator): get_age> on 2022-09-05 00:00:00+00:00
[2022-09-08T14:49:16.060+0000] {standard_task_runner.py:52} INFO - Started process 2457 to run task
[2022-09-08T14:49:16.068+0000] {standard_task_runner.py:79} INFO - Running: ['***', 'tasks', 'run', 'dag_with_taskflow_api_v01', 'get_age', 'scheduled__2022-09-05T00:00:00+00:00', '--job-id', '90', '--raw', '--subdir', 'DAGS_FOLDER/dag_with_taskflow.py', '--cfg-path', '/tmp/tmpw0lluuo7', '--error-file', '/tmp/tmpppw0_w4k']
[2022-09-08T14:49:16.070+0000] {standard_task_runner.py:80} INFO - Job 90: Subtask get_age
[2022-09-08T14:49:16.190+0000] {task_command.py:371} INFO - Running <TaskInstance: dag_with_taskflow_api_v01.get_age scheduled__2022-09-05T00:00:00+00:00 [running]> on host e458dbb0fb9f
[2022-09-08T14:49:16.678+0000] {taskinstance.py:1583} INFO - Exporting the following env vars:
AIRFLOW_CTX_DAG_OWNER=coder2j
AIRFLOW_CTX_DAG_ID=dag_with_taskflow_api_v01
AIRFLOW_CTX_TASK_ID=get_age
AIRFLOW_CTX_EXECUTION_DATE=2022-09-05T00:00:00+00:00
AIRFLOW_CTX_TRY_NUMBER=1
AIRFLOW_CTX_DAG_RUN_ID=scheduled__2022-09-05T00:00:00+00:00
[2022-09-08T14:49:16.683+0000] {python.py:173} INFO - Done. Returned value was: 21
[2022-09-08T14:49:16.737+0000] {taskinstance.py:1412} INFO - Marking task as SUCCESS. dag_id=dag_with_taskflow_api_v01, task_id=get_age, execution_date=20220905T000000, start_date=20220908T144916, end_date=20220908T144916
[2022-09-08T14:49:16.813+0000] {local_task_job.py:156} INFO - Task exited with return code 0
[2022-09-08T14:49:16.961+0000] {local_task_job.py:279} INFO - 0 downstream tasks scheduled from follow-on schedule check
