[2022-09-08T14:33:55.106+0000] {taskinstance.py:1171} INFO - Dependencies all met for <TaskInstance: second_dag_v7.task_2 scheduled__2022-09-06T00:00:00+00:00 [queued]>
[2022-09-08T14:33:55.118+0000] {taskinstance.py:1171} INFO - Dependencies all met for <TaskInstance: second_dag_v7.task_2 scheduled__2022-09-06T00:00:00+00:00 [queued]>
[2022-09-08T14:33:55.119+0000] {taskinstance.py:1368} INFO - 
--------------------------------------------------------------------------------
[2022-09-08T14:33:55.120+0000] {taskinstance.py:1369} INFO - Starting attempt 1 of 6
[2022-09-08T14:33:55.121+0000] {taskinstance.py:1370} INFO - 
--------------------------------------------------------------------------------
[2022-09-08T14:33:55.131+0000] {taskinstance.py:1389} INFO - Executing <Task(PythonOperator): task_2> on 2022-09-06 00:00:00+00:00
[2022-09-08T14:33:55.136+0000] {standard_task_runner.py:52} INFO - Started process 1340 to run task
[2022-09-08T14:33:55.143+0000] {standard_task_runner.py:79} INFO - Running: ['***', 'tasks', 'run', 'second_dag_v7', 'task_2', 'scheduled__2022-09-06T00:00:00+00:00', '--job-id', '83', '--raw', '--subdir', 'DAGS_FOLDER/create_dag_with_python_operator.py', '--cfg-path', '/tmp/tmp3_j49ay1', '--error-file', '/tmp/tmp3cs5d5hv']
[2022-09-08T14:33:55.146+0000] {standard_task_runner.py:80} INFO - Job 83: Subtask task_2
[2022-09-08T14:33:55.213+0000] {task_command.py:371} INFO - Running <TaskInstance: second_dag_v7.task_2 scheduled__2022-09-06T00:00:00+00:00 [running]> on host e458dbb0fb9f
[2022-09-08T14:33:55.607+0000] {taskinstance.py:1583} INFO - Exporting the following env vars:
AIRFLOW_CTX_DAG_OWNER=coder2j
AIRFLOW_CTX_DAG_ID=second_dag_v7
AIRFLOW_CTX_TASK_ID=task_2
AIRFLOW_CTX_EXECUTION_DATE=2022-09-06T00:00:00+00:00
AIRFLOW_CTX_TRY_NUMBER=1
AIRFLOW_CTX_DAG_RUN_ID=scheduled__2022-09-06T00:00:00+00:00
[2022-09-08T14:33:55.610+0000] {python.py:173} INFO - Done. Returned value was: vua trai dat
[2022-09-08T14:33:55.635+0000] {taskinstance.py:1412} INFO - Marking task as SUCCESS. dag_id=second_dag_v7, task_id=task_2, execution_date=20220906T000000, start_date=20220908T143355, end_date=20220908T143355
[2022-09-08T14:33:55.679+0000] {local_task_job.py:156} INFO - Task exited with return code 0
[2022-09-08T14:33:55.753+0000] {local_task_job.py:279} INFO - 1 downstream tasks scheduled from follow-on schedule check
