[2022-09-08T10:32:58.541+0000] {taskinstance.py:1171} INFO - Dependencies all met for <TaskInstance: our_first_dag_v5.first_task scheduled__2021-09-11T00:00:00+00:00 [queued]>
[2022-09-08T10:32:58.605+0000] {taskinstance.py:1171} INFO - Dependencies all met for <TaskInstance: our_first_dag_v5.first_task scheduled__2021-09-11T00:00:00+00:00 [queued]>
[2022-09-08T10:32:58.606+0000] {taskinstance.py:1368} INFO - 
--------------------------------------------------------------------------------
[2022-09-08T10:32:58.612+0000] {taskinstance.py:1369} INFO - Starting attempt 1 of 6
[2022-09-08T10:32:58.614+0000] {taskinstance.py:1370} INFO - 
--------------------------------------------------------------------------------
[2022-09-08T10:32:58.696+0000] {taskinstance.py:1389} INFO - Executing <Task(BashOperator): first_task> on 2021-09-11 00:00:00+00:00
[2022-09-08T10:32:58.719+0000] {standard_task_runner.py:52} INFO - Started process 3640 to run task
[2022-09-08T10:32:58.748+0000] {standard_task_runner.py:79} INFO - Running: ['***', 'tasks', 'run', 'our_first_dag_v5', 'first_task', 'scheduled__2021-09-11T00:00:00+00:00', '--job-id', '121', '--raw', '--subdir', 'DAGS_FOLDER/example_dags.py', '--cfg-path', '/tmp/tmp8_kjpx1p', '--error-file', '/tmp/tmpbz3ph33q']
[2022-09-08T10:32:58.774+0000] {standard_task_runner.py:80} INFO - Job 121: Subtask first_task
[2022-09-08T10:32:59.091+0000] {task_command.py:371} INFO - Running <TaskInstance: our_first_dag_v5.first_task scheduled__2021-09-11T00:00:00+00:00 [running]> on host c56eb7ae2624
[2022-09-08T10:33:07.863+0000] {taskinstance.py:1583} INFO - Exporting the following env vars:
AIRFLOW_CTX_DAG_OWNER=coder2j
AIRFLOW_CTX_DAG_ID=our_first_dag_v5
AIRFLOW_CTX_TASK_ID=first_task
AIRFLOW_CTX_EXECUTION_DATE=2021-09-11T00:00:00+00:00
AIRFLOW_CTX_TRY_NUMBER=1
AIRFLOW_CTX_DAG_RUN_ID=scheduled__2021-09-11T00:00:00+00:00
[2022-09-08T10:33:07.872+0000] {subprocess.py:62} INFO - Tmp dir root location: 
 /tmp
[2022-09-08T10:33:07.877+0000] {subprocess.py:74} INFO - Running command: ['/bin/bash', '-c', 'echo hello world, this is the first task!']
[2022-09-08T10:33:07.947+0000] {subprocess.py:85} INFO - Output:
[2022-09-08T10:33:07.951+0000] {subprocess.py:92} INFO - hello world, this is the first task!
[2022-09-08T10:33:07.973+0000] {subprocess.py:96} INFO - Command exited with return code 0
[2022-09-08T10:33:08.222+0000] {taskinstance.py:1412} INFO - Marking task as SUCCESS. dag_id=our_first_dag_v5, task_id=first_task, execution_date=20210911T000000, start_date=20220908T103258, end_date=20220908T103308
[2022-09-08T10:33:09.127+0000] {local_task_job.py:156} INFO - Task exited with return code 0
[2022-09-08T10:33:10.043+0000] {local_task_job.py:279} INFO - 0 downstream tasks scheduled from follow-on schedule check
