[2022-09-08T11:47:24.332+0000] {taskinstance.py:1171} INFO - Dependencies all met for <TaskInstance: second_dag_v4.python_la_so_1 scheduled__2022-09-07T00:00:00+00:00 [queued]>
[2022-09-08T11:47:24.339+0000] {taskinstance.py:1171} INFO - Dependencies all met for <TaskInstance: second_dag_v4.python_la_so_1 scheduled__2022-09-07T00:00:00+00:00 [queued]>
[2022-09-08T11:47:24.339+0000] {taskinstance.py:1368} INFO - 
--------------------------------------------------------------------------------
[2022-09-08T11:47:24.340+0000] {taskinstance.py:1369} INFO - Starting attempt 4 of 6
[2022-09-08T11:47:24.341+0000] {taskinstance.py:1370} INFO - 
--------------------------------------------------------------------------------
[2022-09-08T11:47:24.349+0000] {taskinstance.py:1389} INFO - Executing <Task(PythonOperator): python_la_so_1> on 2022-09-07 00:00:00+00:00
[2022-09-08T11:47:24.353+0000] {standard_task_runner.py:52} INFO - Started process 3255 to run task
[2022-09-08T11:47:24.356+0000] {standard_task_runner.py:79} INFO - Running: ['***', 'tasks', 'run', 'second_dag_v4', 'python_la_so_1', 'scheduled__2022-09-07T00:00:00+00:00', '--job-id', '64', '--raw', '--subdir', 'DAGS_FOLDER/create_dag_with_python_operator.py', '--cfg-path', '/tmp/tmp2c13ef5v', '--error-file', '/tmp/tmpqbdwsina']
[2022-09-08T11:47:24.358+0000] {standard_task_runner.py:80} INFO - Job 64: Subtask python_la_so_1
[2022-09-08T11:47:24.395+0000] {task_command.py:371} INFO - Running <TaskInstance: second_dag_v4.python_la_so_1 scheduled__2022-09-07T00:00:00+00:00 [running]> on host e458dbb0fb9f
[2022-09-08T11:47:24.442+0000] {taskinstance.py:1583} INFO - Exporting the following env vars:
AIRFLOW_CTX_DAG_OWNER=coder2j
AIRFLOW_CTX_DAG_ID=second_dag_v4
AIRFLOW_CTX_TASK_ID=python_la_so_1
AIRFLOW_CTX_EXECUTION_DATE=2022-09-07T00:00:00+00:00
AIRFLOW_CTX_TRY_NUMBER=4
AIRFLOW_CTX_DAG_RUN_ID=scheduled__2022-09-07T00:00:00+00:00
[2022-09-08T11:47:24.450+0000] {logging_mixin.py:115} INFO - hello world cong and I comment vua trai dat
[2022-09-08T11:47:24.451+0000] {python.py:173} INFO - Done. Returned value was: None
[2022-09-08T11:47:24.611+0000] {taskinstance.py:1412} INFO - Marking task as SUCCESS. dag_id=second_dag_v4, task_id=python_la_so_1, execution_date=20220907T000000, start_date=20220908T114724, end_date=20220908T114724
[2022-09-08T11:47:24.651+0000] {local_task_job.py:156} INFO - Task exited with return code 0
[2022-09-08T11:47:24.669+0000] {local_task_job.py:279} INFO - 0 downstream tasks scheduled from follow-on schedule check
