[2022-09-08T11:10:52.432+0000] {taskinstance.py:1171} INFO - Dependencies all met for <TaskInstance: first_dag_v11.first_task manual__2022-09-08T11:10:51.928216+00:00 [queued]>
[2022-09-08T11:10:52.438+0000] {taskinstance.py:1171} INFO - Dependencies all met for <TaskInstance: first_dag_v11.first_task manual__2022-09-08T11:10:51.928216+00:00 [queued]>
[2022-09-08T11:10:52.439+0000] {taskinstance.py:1368} INFO - 
--------------------------------------------------------------------------------
[2022-09-08T11:10:52.440+0000] {taskinstance.py:1369} INFO - Starting attempt 1 of 6
[2022-09-08T11:10:52.441+0000] {taskinstance.py:1370} INFO - 
--------------------------------------------------------------------------------
[2022-09-08T11:10:52.449+0000] {taskinstance.py:1389} INFO - Executing <Task(BashOperator): first_task> on 2022-09-08 11:10:51.928216+00:00
[2022-09-08T11:10:52.453+0000] {standard_task_runner.py:52} INFO - Started process 638 to run task
[2022-09-08T11:10:52.456+0000] {standard_task_runner.py:79} INFO - Running: ['***', 'tasks', 'run', 'first_dag_v11', 'first_task', 'manual__2022-09-08T11:10:51.928216+00:00', '--job-id', '12', '--raw', '--subdir', 'DAGS_FOLDER/example_dags.py', '--cfg-path', '/tmp/tmpju7cznl1', '--error-file', '/tmp/tmpzs9op5xb']
[2022-09-08T11:10:52.458+0000] {standard_task_runner.py:80} INFO - Job 12: Subtask first_task
[2022-09-08T11:10:52.502+0000] {task_command.py:371} INFO - Running <TaskInstance: first_dag_v11.first_task manual__2022-09-08T11:10:51.928216+00:00 [running]> on host e458dbb0fb9f
[2022-09-08T11:10:52.544+0000] {taskinstance.py:1583} INFO - Exporting the following env vars:
AIRFLOW_CTX_DAG_OWNER=coder2j
AIRFLOW_CTX_DAG_ID=first_dag_v11
AIRFLOW_CTX_TASK_ID=first_task
AIRFLOW_CTX_EXECUTION_DATE=2022-09-08T11:10:51.928216+00:00
AIRFLOW_CTX_TRY_NUMBER=1
AIRFLOW_CTX_DAG_RUN_ID=manual__2022-09-08T11:10:51.928216+00:00
[2022-09-08T11:10:52.545+0000] {subprocess.py:62} INFO - Tmp dir root location: 
 /tmp
[2022-09-08T11:10:52.546+0000] {subprocess.py:74} INFO - Running command: ['/bin/bash', '-c', 'echo hello world, this is the first task!']
[2022-09-08T11:10:52.553+0000] {subprocess.py:85} INFO - Output:
[2022-09-08T11:10:52.555+0000] {subprocess.py:92} INFO - hello world, this is the first task!
[2022-09-08T11:10:52.556+0000] {subprocess.py:96} INFO - Command exited with return code 0
[2022-09-08T11:10:52.661+0000] {taskinstance.py:1412} INFO - Marking task as SUCCESS. dag_id=first_dag_v11, task_id=first_task, execution_date=20220908T111051, start_date=20220908T111052, end_date=20220908T111052
[2022-09-08T11:10:52.710+0000] {local_task_job.py:156} INFO - Task exited with return code 0
[2022-09-08T11:10:52.734+0000] {local_task_job.py:279} INFO - 1 downstream tasks scheduled from follow-on schedule check
