[2022-09-08T14:49:16.105+0000] {taskinstance.py:1171} INFO - Dependencies all met for <TaskInstance: dag_with_taskflow_api_v01.get_name scheduled__2022-09-07T00:00:00+00:00 [queued]>
[2022-09-08T14:49:16.134+0000] {taskinstance.py:1171} INFO - Dependencies all met for <TaskInstance: dag_with_taskflow_api_v01.get_name scheduled__2022-09-07T00:00:00+00:00 [queued]>
[2022-09-08T14:49:16.136+0000] {taskinstance.py:1368} INFO - 
--------------------------------------------------------------------------------
[2022-09-08T14:49:16.137+0000] {taskinstance.py:1369} INFO - Starting attempt 1 of 6
[2022-09-08T14:49:16.138+0000] {taskinstance.py:1370} INFO - 
--------------------------------------------------------------------------------
[2022-09-08T14:49:16.166+0000] {taskinstance.py:1389} INFO - Executing <Task(_PythonDecoratedOperator): get_name> on 2022-09-07 00:00:00+00:00
[2022-09-08T14:49:16.175+0000] {standard_task_runner.py:52} INFO - Started process 2461 to run task
[2022-09-08T14:49:16.181+0000] {standard_task_runner.py:79} INFO - Running: ['***', 'tasks', 'run', 'dag_with_taskflow_api_v01', 'get_name', 'scheduled__2022-09-07T00:00:00+00:00', '--job-id', '93', '--raw', '--subdir', 'DAGS_FOLDER/dag_with_taskflow.py', '--cfg-path', '/tmp/tmpgq9zmfkp', '--error-file', '/tmp/tmpmepc5mr6']
[2022-09-08T14:49:16.185+0000] {standard_task_runner.py:80} INFO - Job 93: Subtask get_name
[2022-09-08T14:49:16.343+0000] {task_command.py:371} INFO - Running <TaskInstance: dag_with_taskflow_api_v01.get_name scheduled__2022-09-07T00:00:00+00:00 [running]> on host e458dbb0fb9f
[2022-09-08T14:49:16.773+0000] {taskinstance.py:1583} INFO - Exporting the following env vars:
AIRFLOW_CTX_DAG_OWNER=coder2j
AIRFLOW_CTX_DAG_ID=dag_with_taskflow_api_v01
AIRFLOW_CTX_TASK_ID=get_name
AIRFLOW_CTX_EXECUTION_DATE=2022-09-07T00:00:00+00:00
AIRFLOW_CTX_TRY_NUMBER=1
AIRFLOW_CTX_DAG_RUN_ID=scheduled__2022-09-07T00:00:00+00:00
[2022-09-08T14:49:16.777+0000] {python.py:173} INFO - Done. Returned value was: {'first_name': 'CongDC', 'last_name': 'doan xem'}
[2022-09-08T14:49:16.932+0000] {taskinstance.py:1412} INFO - Marking task as SUCCESS. dag_id=dag_with_taskflow_api_v01, task_id=get_name, execution_date=20220907T000000, start_date=20220908T144916, end_date=20220908T144916
[2022-09-08T14:49:17.011+0000] {local_task_job.py:156} INFO - Task exited with return code 0
[2022-09-08T14:49:17.049+0000] {local_task_job.py:279} INFO - 1 downstream tasks scheduled from follow-on schedule check
