[2022-09-08T10:31:49.938+0000] {taskinstance.py:1171} INFO - Dependencies all met for <TaskInstance: our_first_dag_v5.first_task scheduled__2021-08-01T00:00:00+00:00 [queued]>
[2022-09-08T10:31:49.976+0000] {taskinstance.py:1171} INFO - Dependencies all met for <TaskInstance: our_first_dag_v5.first_task scheduled__2021-08-01T00:00:00+00:00 [queued]>
[2022-09-08T10:31:49.977+0000] {taskinstance.py:1368} INFO - 
--------------------------------------------------------------------------------
[2022-09-08T10:31:49.978+0000] {taskinstance.py:1369} INFO - Starting attempt 1 of 6
[2022-09-08T10:31:49.980+0000] {taskinstance.py:1370} INFO - 
--------------------------------------------------------------------------------
[2022-09-08T10:31:50.003+0000] {taskinstance.py:1389} INFO - Executing <Task(BashOperator): first_task> on 2021-08-01 00:00:00+00:00
[2022-09-08T10:31:50.009+0000] {standard_task_runner.py:52} INFO - Started process 3261 to run task
[2022-09-08T10:31:50.016+0000] {standard_task_runner.py:79} INFO - Running: ['***', 'tasks', 'run', 'our_first_dag_v5', 'first_task', 'scheduled__2021-08-01T00:00:00+00:00', '--job-id', '10', '--raw', '--subdir', 'DAGS_FOLDER/example_dags.py', '--cfg-path', '/tmp/tmpwm_7ycys', '--error-file', '/tmp/tmpj6_dbjjt']
[2022-09-08T10:31:50.018+0000] {standard_task_runner.py:80} INFO - Job 10: Subtask first_task
[2022-09-08T10:31:50.133+0000] {task_command.py:371} INFO - Running <TaskInstance: our_first_dag_v5.first_task scheduled__2021-08-01T00:00:00+00:00 [running]> on host c56eb7ae2624
[2022-09-08T10:31:51.126+0000] {taskinstance.py:1583} INFO - Exporting the following env vars:
AIRFLOW_CTX_DAG_OWNER=coder2j
AIRFLOW_CTX_DAG_ID=our_first_dag_v5
AIRFLOW_CTX_TASK_ID=first_task
AIRFLOW_CTX_EXECUTION_DATE=2021-08-01T00:00:00+00:00
AIRFLOW_CTX_TRY_NUMBER=1
AIRFLOW_CTX_DAG_RUN_ID=scheduled__2021-08-01T00:00:00+00:00
[2022-09-08T10:31:51.137+0000] {subprocess.py:62} INFO - Tmp dir root location: 
 /tmp
[2022-09-08T10:31:51.147+0000] {subprocess.py:74} INFO - Running command: ['/bin/bash', '-c', 'echo hello world, this is the first task!']
[2022-09-08T10:31:51.281+0000] {subprocess.py:85} INFO - Output:
[2022-09-08T10:31:51.286+0000] {subprocess.py:92} INFO - hello world, this is the first task!
[2022-09-08T10:31:51.293+0000] {subprocess.py:96} INFO - Command exited with return code 0
[2022-09-08T10:31:51.685+0000] {taskinstance.py:1412} INFO - Marking task as SUCCESS. dag_id=our_first_dag_v5, task_id=first_task, execution_date=20210801T000000, start_date=20220908T103149, end_date=20220908T103151
[2022-09-08T10:31:52.273+0000] {local_task_job.py:156} INFO - Task exited with return code 0
[2022-09-08T10:31:52.589+0000] {local_task_job.py:279} INFO - 0 downstream tasks scheduled from follow-on schedule check
