[2022-09-08T11:17:18.517+0000] {taskinstance.py:1171} INFO - Dependencies all met for <TaskInstance: first_dag_v13.third_task manual__2022-09-08T11:17:15.889006+00:00 [queued]>
[2022-09-08T11:17:18.523+0000] {taskinstance.py:1171} INFO - Dependencies all met for <TaskInstance: first_dag_v13.third_task manual__2022-09-08T11:17:15.889006+00:00 [queued]>
[2022-09-08T11:17:18.523+0000] {taskinstance.py:1368} INFO - 
--------------------------------------------------------------------------------
[2022-09-08T11:17:18.524+0000] {taskinstance.py:1369} INFO - Starting attempt 1 of 6
[2022-09-08T11:17:18.525+0000] {taskinstance.py:1370} INFO - 
--------------------------------------------------------------------------------
[2022-09-08T11:17:18.533+0000] {taskinstance.py:1389} INFO - Executing <Task(BashOperator): third_task> on 2022-09-08 11:17:15.889006+00:00
[2022-09-08T11:17:18.537+0000] {standard_task_runner.py:52} INFO - Started process 1091 to run task
[2022-09-08T11:17:18.539+0000] {standard_task_runner.py:79} INFO - Running: ['***', 'tasks', 'run', 'first_dag_v13', 'third_task', 'manual__2022-09-08T11:17:15.889006+00:00', '--job-id', '27', '--raw', '--subdir', 'DAGS_FOLDER/example_dags.py', '--cfg-path', '/tmp/tmp3m65m84c', '--error-file', '/tmp/tmpwkwqevnj']
[2022-09-08T11:17:18.541+0000] {standard_task_runner.py:80} INFO - Job 27: Subtask third_task
[2022-09-08T11:17:18.584+0000] {task_command.py:371} INFO - Running <TaskInstance: first_dag_v13.third_task manual__2022-09-08T11:17:15.889006+00:00 [running]> on host e458dbb0fb9f
[2022-09-08T11:17:18.629+0000] {taskinstance.py:1583} INFO - Exporting the following env vars:
AIRFLOW_CTX_DAG_OWNER=coder2j
AIRFLOW_CTX_DAG_ID=first_dag_v13
AIRFLOW_CTX_TASK_ID=third_task
AIRFLOW_CTX_EXECUTION_DATE=2022-09-08T11:17:15.889006+00:00
AIRFLOW_CTX_TRY_NUMBER=1
AIRFLOW_CTX_DAG_RUN_ID=manual__2022-09-08T11:17:15.889006+00:00
[2022-09-08T11:17:18.631+0000] {subprocess.py:62} INFO - Tmp dir root location: 
 /tmp
[2022-09-08T11:17:18.632+0000] {subprocess.py:74} INFO - Running command: ['/bin/bash', '-c', 'echo Vai lon luon']
[2022-09-08T11:17:18.639+0000] {subprocess.py:85} INFO - Output:
[2022-09-08T11:17:18.641+0000] {subprocess.py:92} INFO - Vai lon luon
[2022-09-08T11:17:18.641+0000] {subprocess.py:96} INFO - Command exited with return code 0
[2022-09-08T11:17:18.799+0000] {taskinstance.py:1412} INFO - Marking task as SUCCESS. dag_id=first_dag_v13, task_id=third_task, execution_date=20220908T111715, start_date=20220908T111718, end_date=20220908T111718
[2022-09-08T11:17:18.833+0000] {local_task_job.py:156} INFO - Task exited with return code 0
[2022-09-08T11:17:18.854+0000] {local_task_job.py:279} INFO - 0 downstream tasks scheduled from follow-on schedule check
