[2022-09-08T10:32:00.961+0000] {taskinstance.py:1171} INFO - Dependencies all met for <TaskInstance: our_first_dag_v5.first_task scheduled__2021-08-11T00:00:00+00:00 [queued]>
[2022-09-08T10:32:01.437+0000] {taskinstance.py:1171} INFO - Dependencies all met for <TaskInstance: our_first_dag_v5.first_task scheduled__2021-08-11T00:00:00+00:00 [queued]>
[2022-09-08T10:32:01.470+0000] {taskinstance.py:1368} INFO - 
--------------------------------------------------------------------------------
[2022-09-08T10:32:01.472+0000] {taskinstance.py:1369} INFO - Starting attempt 1 of 6
[2022-09-08T10:32:01.474+0000] {taskinstance.py:1370} INFO - 
--------------------------------------------------------------------------------
[2022-09-08T10:32:01.559+0000] {taskinstance.py:1389} INFO - Executing <Task(BashOperator): first_task> on 2021-08-11 00:00:00+00:00
[2022-09-08T10:32:01.626+0000] {standard_task_runner.py:52} INFO - Started process 3314 to run task
[2022-09-08T10:32:01.684+0000] {standard_task_runner.py:79} INFO - Running: ['***', 'tasks', 'run', 'our_first_dag_v5', 'first_task', 'scheduled__2021-08-11T00:00:00+00:00', '--job-id', '27', '--raw', '--subdir', 'DAGS_FOLDER/example_dags.py', '--cfg-path', '/tmp/tmp0mde_055', '--error-file', '/tmp/tmpykulu_kd']
[2022-09-08T10:32:01.725+0000] {standard_task_runner.py:80} INFO - Job 27: Subtask first_task
[2022-09-08T10:32:02.011+0000] {task_command.py:371} INFO - Running <TaskInstance: our_first_dag_v5.first_task scheduled__2021-08-11T00:00:00+00:00 [running]> on host c56eb7ae2624
[2022-09-08T10:32:05.696+0000] {taskinstance.py:1583} INFO - Exporting the following env vars:
AIRFLOW_CTX_DAG_OWNER=coder2j
AIRFLOW_CTX_DAG_ID=our_first_dag_v5
AIRFLOW_CTX_TASK_ID=first_task
AIRFLOW_CTX_EXECUTION_DATE=2021-08-11T00:00:00+00:00
AIRFLOW_CTX_TRY_NUMBER=1
AIRFLOW_CTX_DAG_RUN_ID=scheduled__2021-08-11T00:00:00+00:00
[2022-09-08T10:32:05.707+0000] {subprocess.py:62} INFO - Tmp dir root location: 
 /tmp
[2022-09-08T10:32:05.744+0000] {subprocess.py:74} INFO - Running command: ['/bin/bash', '-c', 'echo hello world, this is the first task!']
[2022-09-08T10:32:05.968+0000] {subprocess.py:85} INFO - Output:
[2022-09-08T10:32:06.010+0000] {subprocess.py:92} INFO - hello world, this is the first task!
[2022-09-08T10:32:06.013+0000] {subprocess.py:96} INFO - Command exited with return code 0
[2022-09-08T10:32:06.519+0000] {taskinstance.py:1412} INFO - Marking task as SUCCESS. dag_id=our_first_dag_v5, task_id=first_task, execution_date=20210811T000000, start_date=20220908T103201, end_date=20220908T103206
[2022-09-08T10:32:07.117+0000] {local_task_job.py:227} WARNING - State of this instance has been externally set to success. Terminating instance.
[2022-09-08T10:32:07.159+0000] {process_utils.py:129} INFO - Sending Signals.SIGTERM to group 3314. PIDs of all processes in the group: [3314]
[2022-09-08T10:32:07.177+0000] {process_utils.py:80} INFO - Sending the signal Signals.SIGTERM to group 3314
[2022-09-08T10:32:07.180+0000] {process_utils.py:75} INFO - Process psutil.Process(pid=3314, status='terminated', exitcode=0, started='10:32:01') (3314) terminated with exit code 0
