[2022-09-08T14:49:17.864+0000] {taskinstance.py:1171} INFO - Dependencies all met for <TaskInstance: dag_with_taskflow_api_v01.greet scheduled__2022-09-05T00:00:00+00:00 [queued]>
[2022-09-08T14:49:17.875+0000] {taskinstance.py:1171} INFO - Dependencies all met for <TaskInstance: dag_with_taskflow_api_v01.greet scheduled__2022-09-05T00:00:00+00:00 [queued]>
[2022-09-08T14:49:17.876+0000] {taskinstance.py:1368} INFO - 
--------------------------------------------------------------------------------
[2022-09-08T14:49:17.878+0000] {taskinstance.py:1369} INFO - Starting attempt 1 of 6
[2022-09-08T14:49:17.879+0000] {taskinstance.py:1370} INFO - 
--------------------------------------------------------------------------------
[2022-09-08T14:49:17.908+0000] {taskinstance.py:1389} INFO - Executing <Task(_PythonDecoratedOperator): greet> on 2022-09-05 00:00:00+00:00
[2022-09-08T14:49:17.913+0000] {standard_task_runner.py:52} INFO - Started process 2467 to run task
[2022-09-08T14:49:17.918+0000] {standard_task_runner.py:79} INFO - Running: ['***', 'tasks', 'run', 'dag_with_taskflow_api_v01', 'greet', 'scheduled__2022-09-05T00:00:00+00:00', '--job-id', '97', '--raw', '--subdir', 'DAGS_FOLDER/dag_with_taskflow.py', '--cfg-path', '/tmp/tmp9gpj90z5', '--error-file', '/tmp/tmpr09j5w6j']
[2022-09-08T14:49:17.920+0000] {standard_task_runner.py:80} INFO - Job 97: Subtask greet
[2022-09-08T14:49:17.970+0000] {task_command.py:371} INFO - Running <TaskInstance: dag_with_taskflow_api_v01.greet scheduled__2022-09-05T00:00:00+00:00 [running]> on host e458dbb0fb9f
[2022-09-08T14:49:18.233+0000] {taskinstance.py:1583} INFO - Exporting the following env vars:
AIRFLOW_CTX_DAG_OWNER=coder2j
AIRFLOW_CTX_DAG_ID=dag_with_taskflow_api_v01
AIRFLOW_CTX_TASK_ID=greet
AIRFLOW_CTX_EXECUTION_DATE=2022-09-05T00:00:00+00:00
AIRFLOW_CTX_TRY_NUMBER=1
AIRFLOW_CTX_DAG_RUN_ID=scheduled__2022-09-05T00:00:00+00:00
[2022-09-08T14:49:18.235+0000] {logging_mixin.py:115} INFO - Hello World! My name is CongDC doan xem and I am 21 years old!
[2022-09-08T14:49:18.237+0000] {python.py:173} INFO - Done. Returned value was: None
[2022-09-08T14:49:18.255+0000] {taskinstance.py:1412} INFO - Marking task as SUCCESS. dag_id=dag_with_taskflow_api_v01, task_id=greet, execution_date=20220905T000000, start_date=20220908T144917, end_date=20220908T144918
[2022-09-08T14:49:18.293+0000] {local_task_job.py:156} INFO - Task exited with return code 0
[2022-09-08T14:49:18.317+0000] {local_task_job.py:279} INFO - 0 downstream tasks scheduled from follow-on schedule check
