[2022-09-08T11:48:30.028+0000] {taskinstance.py:1171} INFO - Dependencies all met for <TaskInstance: second_dag_v4.python_la_so_1 manual__2022-09-08T11:42:25.957774+00:00 [queued]>
[2022-09-08T11:48:30.033+0000] {taskinstance.py:1171} INFO - Dependencies all met for <TaskInstance: second_dag_v4.python_la_so_1 manual__2022-09-08T11:42:25.957774+00:00 [queued]>
[2022-09-08T11:48:30.034+0000] {taskinstance.py:1368} INFO - 
--------------------------------------------------------------------------------
[2022-09-08T11:48:30.035+0000] {taskinstance.py:1369} INFO - Starting attempt 4 of 6
[2022-09-08T11:48:30.036+0000] {taskinstance.py:1370} INFO - 
--------------------------------------------------------------------------------
[2022-09-08T11:48:30.043+0000] {taskinstance.py:1389} INFO - Executing <Task(PythonOperator): python_la_so_1> on 2022-09-08 11:42:25.957774+00:00
[2022-09-08T11:48:30.046+0000] {standard_task_runner.py:52} INFO - Started process 3337 to run task
[2022-09-08T11:48:30.048+0000] {standard_task_runner.py:79} INFO - Running: ['***', 'tasks', 'run', 'second_dag_v4', 'python_la_so_1', 'manual__2022-09-08T11:42:25.957774+00:00', '--job-id', '66', '--raw', '--subdir', 'DAGS_FOLDER/create_dag_with_python_operator.py', '--cfg-path', '/tmp/tmp_ok2rpcz', '--error-file', '/tmp/tmptgmadn6u']
[2022-09-08T11:48:30.050+0000] {standard_task_runner.py:80} INFO - Job 66: Subtask python_la_so_1
[2022-09-08T11:48:30.087+0000] {task_command.py:371} INFO - Running <TaskInstance: second_dag_v4.python_la_so_1 manual__2022-09-08T11:42:25.957774+00:00 [running]> on host e458dbb0fb9f
[2022-09-08T11:48:30.125+0000] {taskinstance.py:1583} INFO - Exporting the following env vars:
AIRFLOW_CTX_DAG_OWNER=coder2j
AIRFLOW_CTX_DAG_ID=second_dag_v4
AIRFLOW_CTX_TASK_ID=python_la_so_1
AIRFLOW_CTX_EXECUTION_DATE=2022-09-08T11:42:25.957774+00:00
AIRFLOW_CTX_TRY_NUMBER=4
AIRFLOW_CTX_DAG_RUN_ID=manual__2022-09-08T11:42:25.957774+00:00
[2022-09-08T11:48:30.133+0000] {logging_mixin.py:115} INFO - hello world cong and I comment vua trai dat
[2022-09-08T11:48:30.134+0000] {python.py:173} INFO - Done. Returned value was: None
[2022-09-08T11:48:30.217+0000] {taskinstance.py:1412} INFO - Marking task as SUCCESS. dag_id=second_dag_v4, task_id=python_la_so_1, execution_date=20220908T114225, start_date=20220908T114830, end_date=20220908T114830
[2022-09-08T11:48:30.266+0000] {local_task_job.py:156} INFO - Task exited with return code 0
[2022-09-08T11:48:30.285+0000] {local_task_job.py:279} INFO - 0 downstream tasks scheduled from follow-on schedule check
