[2022-09-08T10:32:28.992+0000] {taskinstance.py:1171} INFO - Dependencies all met for <TaskInstance: our_first_dag_v5.first_task scheduled__2021-08-25T00:00:00+00:00 [queued]>
[2022-09-08T10:32:29.060+0000] {taskinstance.py:1171} INFO - Dependencies all met for <TaskInstance: our_first_dag_v5.first_task scheduled__2021-08-25T00:00:00+00:00 [queued]>
[2022-09-08T10:32:29.063+0000] {taskinstance.py:1368} INFO - 
--------------------------------------------------------------------------------
[2022-09-08T10:32:29.084+0000] {taskinstance.py:1369} INFO - Starting attempt 1 of 6
[2022-09-08T10:32:29.086+0000] {taskinstance.py:1370} INFO - 
--------------------------------------------------------------------------------
[2022-09-08T10:32:29.135+0000] {taskinstance.py:1389} INFO - Executing <Task(BashOperator): first_task> on 2021-08-25 00:00:00+00:00
[2022-09-08T10:32:29.165+0000] {standard_task_runner.py:52} INFO - Started process 3463 to run task
[2022-09-08T10:32:29.241+0000] {standard_task_runner.py:79} INFO - Running: ['***', 'tasks', 'run', 'our_first_dag_v5', 'first_task', 'scheduled__2021-08-25T00:00:00+00:00', '--job-id', '66', '--raw', '--subdir', 'DAGS_FOLDER/example_dags.py', '--cfg-path', '/tmp/tmp9owefznx', '--error-file', '/tmp/tmpus2j8lo7']
[2022-09-08T10:32:29.251+0000] {standard_task_runner.py:80} INFO - Job 66: Subtask first_task
[2022-09-08T10:32:29.563+0000] {task_command.py:371} INFO - Running <TaskInstance: our_first_dag_v5.first_task scheduled__2021-08-25T00:00:00+00:00 [running]> on host c56eb7ae2624
[2022-09-08T10:32:31.571+0000] {taskinstance.py:1583} INFO - Exporting the following env vars:
AIRFLOW_CTX_DAG_OWNER=coder2j
AIRFLOW_CTX_DAG_ID=our_first_dag_v5
AIRFLOW_CTX_TASK_ID=first_task
AIRFLOW_CTX_EXECUTION_DATE=2021-08-25T00:00:00+00:00
AIRFLOW_CTX_TRY_NUMBER=1
AIRFLOW_CTX_DAG_RUN_ID=scheduled__2021-08-25T00:00:00+00:00
[2022-09-08T10:32:31.582+0000] {subprocess.py:62} INFO - Tmp dir root location: 
 /tmp
[2022-09-08T10:32:31.591+0000] {subprocess.py:74} INFO - Running command: ['/bin/bash', '-c', 'echo hello world, this is the first task!']
[2022-09-08T10:32:31.754+0000] {subprocess.py:85} INFO - Output:
[2022-09-08T10:32:31.768+0000] {subprocess.py:92} INFO - hello world, this is the first task!
[2022-09-08T10:32:31.805+0000] {subprocess.py:96} INFO - Command exited with return code 0
[2022-09-08T10:32:33.245+0000] {taskinstance.py:1412} INFO - Marking task as SUCCESS. dag_id=our_first_dag_v5, task_id=first_task, execution_date=20210825T000000, start_date=20220908T103228, end_date=20220908T103233
[2022-09-08T10:32:34.443+0000] {local_task_job.py:227} WARNING - State of this instance has been externally set to success. Terminating instance.
[2022-09-08T10:32:34.554+0000] {process_utils.py:129} INFO - Sending Signals.SIGTERM to group 3463. PIDs of all processes in the group: [3463]
[2022-09-08T10:32:34.574+0000] {process_utils.py:80} INFO - Sending the signal Signals.SIGTERM to group 3463
[2022-09-08T10:32:34.764+0000] {process_utils.py:75} INFO - Process psutil.Process(pid=3463, status='terminated', exitcode=0, started='10:32:28') (3463) terminated with exit code 0
