[2022-09-08T10:32:27.211+0000] {taskinstance.py:1171} INFO - Dependencies all met for <TaskInstance: our_first_dag_v5.first_task scheduled__2021-08-21T00:00:00+00:00 [queued]>
[2022-09-08T10:32:27.244+0000] {taskinstance.py:1171} INFO - Dependencies all met for <TaskInstance: our_first_dag_v5.first_task scheduled__2021-08-21T00:00:00+00:00 [queued]>
[2022-09-08T10:32:27.245+0000] {taskinstance.py:1368} INFO - 
--------------------------------------------------------------------------------
[2022-09-08T10:32:27.253+0000] {taskinstance.py:1369} INFO - Starting attempt 1 of 6
[2022-09-08T10:32:27.255+0000] {taskinstance.py:1370} INFO - 
--------------------------------------------------------------------------------
[2022-09-08T10:32:27.309+0000] {taskinstance.py:1389} INFO - Executing <Task(BashOperator): first_task> on 2021-08-21 00:00:00+00:00
[2022-09-08T10:32:27.330+0000] {standard_task_runner.py:52} INFO - Started process 3439 to run task
[2022-09-08T10:32:27.336+0000] {standard_task_runner.py:79} INFO - Running: ['***', 'tasks', 'run', 'our_first_dag_v5', 'first_task', 'scheduled__2021-08-21T00:00:00+00:00', '--job-id', '63', '--raw', '--subdir', 'DAGS_FOLDER/example_dags.py', '--cfg-path', '/tmp/tmp4vz7fzz_', '--error-file', '/tmp/tmphw55ou6j']
[2022-09-08T10:32:27.343+0000] {standard_task_runner.py:80} INFO - Job 63: Subtask first_task
[2022-09-08T10:32:27.595+0000] {task_command.py:371} INFO - Running <TaskInstance: our_first_dag_v5.first_task scheduled__2021-08-21T00:00:00+00:00 [running]> on host c56eb7ae2624
[2022-09-08T10:32:28.855+0000] {taskinstance.py:1583} INFO - Exporting the following env vars:
AIRFLOW_CTX_DAG_OWNER=coder2j
AIRFLOW_CTX_DAG_ID=our_first_dag_v5
AIRFLOW_CTX_TASK_ID=first_task
AIRFLOW_CTX_EXECUTION_DATE=2021-08-21T00:00:00+00:00
AIRFLOW_CTX_TRY_NUMBER=1
AIRFLOW_CTX_DAG_RUN_ID=scheduled__2021-08-21T00:00:00+00:00
[2022-09-08T10:32:28.865+0000] {subprocess.py:62} INFO - Tmp dir root location: 
 /tmp
[2022-09-08T10:32:28.867+0000] {subprocess.py:74} INFO - Running command: ['/bin/bash', '-c', 'echo hello world, this is the first task!']
[2022-09-08T10:32:28.899+0000] {subprocess.py:85} INFO - Output:
[2022-09-08T10:32:28.902+0000] {subprocess.py:92} INFO - hello world, this is the first task!
[2022-09-08T10:32:28.905+0000] {subprocess.py:96} INFO - Command exited with return code 0
[2022-09-08T10:32:28.961+0000] {taskinstance.py:1412} INFO - Marking task as SUCCESS. dag_id=our_first_dag_v5, task_id=first_task, execution_date=20210821T000000, start_date=20220908T103227, end_date=20220908T103228
[2022-09-08T10:32:29.088+0000] {local_task_job.py:156} INFO - Task exited with return code 0
[2022-09-08T10:32:29.282+0000] {local_task_job.py:279} INFO - 2 downstream tasks scheduled from follow-on schedule check
