[2022-09-08T11:45:50.583+0000] {taskinstance.py:1171} INFO - Dependencies all met for <TaskInstance: second_dag_v4.python_la_so_1 manual__2022-09-08T11:45:49.002632+00:00 [queued]>
[2022-09-08T11:45:50.590+0000] {taskinstance.py:1171} INFO - Dependencies all met for <TaskInstance: second_dag_v4.python_la_so_1 manual__2022-09-08T11:45:49.002632+00:00 [queued]>
[2022-09-08T11:45:50.591+0000] {taskinstance.py:1368} INFO - 
--------------------------------------------------------------------------------
[2022-09-08T11:45:50.592+0000] {taskinstance.py:1369} INFO - Starting attempt 1 of 6
[2022-09-08T11:45:50.593+0000] {taskinstance.py:1370} INFO - 
--------------------------------------------------------------------------------
[2022-09-08T11:45:50.601+0000] {taskinstance.py:1389} INFO - Executing <Task(PythonOperator): python_la_so_1> on 2022-09-08 11:45:49.002632+00:00
[2022-09-08T11:45:50.604+0000] {standard_task_runner.py:52} INFO - Started process 3119 to run task
[2022-09-08T11:45:50.606+0000] {standard_task_runner.py:79} INFO - Running: ['***', 'tasks', 'run', 'second_dag_v4', 'python_la_so_1', 'manual__2022-09-08T11:45:49.002632+00:00', '--job-id', '58', '--raw', '--subdir', 'DAGS_FOLDER/create_dag_with_python_operator.py', '--cfg-path', '/tmp/tmpol9e9gz2', '--error-file', '/tmp/tmpg3boezx6']
[2022-09-08T11:45:50.608+0000] {standard_task_runner.py:80} INFO - Job 58: Subtask python_la_so_1
[2022-09-08T11:45:50.644+0000] {task_command.py:371} INFO - Running <TaskInstance: second_dag_v4.python_la_so_1 manual__2022-09-08T11:45:49.002632+00:00 [running]> on host e458dbb0fb9f
[2022-09-08T11:45:50.684+0000] {taskinstance.py:1583} INFO - Exporting the following env vars:
AIRFLOW_CTX_DAG_OWNER=coder2j
AIRFLOW_CTX_DAG_ID=second_dag_v4
AIRFLOW_CTX_TASK_ID=python_la_so_1
AIRFLOW_CTX_EXECUTION_DATE=2022-09-08T11:45:49.002632+00:00
AIRFLOW_CTX_TRY_NUMBER=1
AIRFLOW_CTX_DAG_RUN_ID=manual__2022-09-08T11:45:49.002632+00:00
[2022-09-08T11:45:50.792+0000] {logging_mixin.py:115} INFO - hello world cong and I comment vua trai dat
[2022-09-08T11:45:50.794+0000] {python.py:173} INFO - Done. Returned value was: None
[2022-09-08T11:45:50.802+0000] {taskinstance.py:1412} INFO - Marking task as SUCCESS. dag_id=second_dag_v4, task_id=python_la_so_1, execution_date=20220908T114549, start_date=20220908T114550, end_date=20220908T114550
[2022-09-08T11:45:50.823+0000] {local_task_job.py:156} INFO - Task exited with return code 0
[2022-09-08T11:45:50.845+0000] {local_task_job.py:279} INFO - 0 downstream tasks scheduled from follow-on schedule check
