[2022-09-08T10:33:11.235+0000] {taskinstance.py:1171} INFO - Dependencies all met for <TaskInstance: our_first_dag_v5.second_task scheduled__2021-09-04T00:00:00+00:00 [queued]>
[2022-09-08T10:33:11.309+0000] {taskinstance.py:1171} INFO - Dependencies all met for <TaskInstance: our_first_dag_v5.second_task scheduled__2021-09-04T00:00:00+00:00 [queued]>
[2022-09-08T10:33:11.318+0000] {taskinstance.py:1368} INFO - 
--------------------------------------------------------------------------------
[2022-09-08T10:33:11.321+0000] {taskinstance.py:1369} INFO - Starting attempt 1 of 6
[2022-09-08T10:33:11.326+0000] {taskinstance.py:1370} INFO - 
--------------------------------------------------------------------------------
[2022-09-08T10:33:11.595+0000] {taskinstance.py:1389} INFO - Executing <Task(BashOperator): second_task> on 2021-09-04 00:00:00+00:00
[2022-09-08T10:33:11.751+0000] {standard_task_runner.py:52} INFO - Started process 3699 to run task
[2022-09-08T10:33:11.770+0000] {standard_task_runner.py:79} INFO - Running: ['***', 'tasks', 'run', 'our_first_dag_v5', 'second_task', 'scheduled__2021-09-04T00:00:00+00:00', '--job-id', '134', '--raw', '--subdir', 'DAGS_FOLDER/example_dags.py', '--cfg-path', '/tmp/tmpxdgny6k7', '--error-file', '/tmp/tmp619kr6ra']
[2022-09-08T10:33:11.782+0000] {standard_task_runner.py:80} INFO - Job 134: Subtask second_task
[2022-09-08T10:33:12.244+0000] {task_command.py:371} INFO - Running <TaskInstance: our_first_dag_v5.second_task scheduled__2021-09-04T00:00:00+00:00 [running]> on host c56eb7ae2624
[2022-09-08T10:33:18.105+0000] {taskinstance.py:1583} INFO - Exporting the following env vars:
AIRFLOW_CTX_DAG_OWNER=coder2j
AIRFLOW_CTX_DAG_ID=our_first_dag_v5
AIRFLOW_CTX_TASK_ID=second_task
AIRFLOW_CTX_EXECUTION_DATE=2021-09-04T00:00:00+00:00
AIRFLOW_CTX_TRY_NUMBER=1
AIRFLOW_CTX_DAG_RUN_ID=scheduled__2021-09-04T00:00:00+00:00
[2022-09-08T10:33:18.130+0000] {subprocess.py:62} INFO - Tmp dir root location: 
 /tmp
[2022-09-08T10:33:18.137+0000] {subprocess.py:74} INFO - Running command: ['/bin/bash', '-c', 'echo hey, I am task2 and will be running after task1!']
[2022-09-08T10:33:18.358+0000] {subprocess.py:85} INFO - Output:
[2022-09-08T10:33:18.389+0000] {subprocess.py:92} INFO - hey, I am task2 and will be running after task1!
[2022-09-08T10:33:18.402+0000] {subprocess.py:96} INFO - Command exited with return code 0
[2022-09-08T10:33:18.825+0000] {taskinstance.py:1412} INFO - Marking task as SUCCESS. dag_id=our_first_dag_v5, task_id=second_task, execution_date=20210904T000000, start_date=20220908T103311, end_date=20220908T103318
[2022-09-08T10:33:19.789+0000] {local_task_job.py:156} INFO - Task exited with return code 0
[2022-09-08T10:33:20.736+0000] {local_task_job.py:279} INFO - 0 downstream tasks scheduled from follow-on schedule check
