[2022-09-08T10:31:55.070+0000] {taskinstance.py:1171} INFO - Dependencies all met for <TaskInstance: our_first_dag_v5.second_task manual__2022-09-08T10:31:49.195538+00:00 [queued]>
[2022-09-08T10:31:55.140+0000] {taskinstance.py:1171} INFO - Dependencies all met for <TaskInstance: our_first_dag_v5.second_task manual__2022-09-08T10:31:49.195538+00:00 [queued]>
[2022-09-08T10:31:55.146+0000] {taskinstance.py:1368} INFO - 
--------------------------------------------------------------------------------
[2022-09-08T10:31:55.156+0000] {taskinstance.py:1369} INFO - Starting attempt 1 of 6
[2022-09-08T10:31:55.157+0000] {taskinstance.py:1370} INFO - 
--------------------------------------------------------------------------------
[2022-09-08T10:31:55.307+0000] {taskinstance.py:1389} INFO - Executing <Task(BashOperator): second_task> on 2022-09-08 10:31:49.195538+00:00
[2022-09-08T10:31:55.347+0000] {standard_task_runner.py:52} INFO - Started process 3302 to run task
[2022-09-08T10:31:55.410+0000] {standard_task_runner.py:79} INFO - Running: ['***', 'tasks', 'run', 'our_first_dag_v5', 'second_task', 'manual__2022-09-08T10:31:49.195538+00:00', '--job-id', '23', '--raw', '--subdir', 'DAGS_FOLDER/example_dags.py', '--cfg-path', '/tmp/tmpyed3xut4', '--error-file', '/tmp/tmpu083l4li']
[2022-09-08T10:31:55.438+0000] {standard_task_runner.py:80} INFO - Job 23: Subtask second_task
[2022-09-08T10:31:57.085+0000] {task_command.py:371} INFO - Running <TaskInstance: our_first_dag_v5.second_task manual__2022-09-08T10:31:49.195538+00:00 [running]> on host c56eb7ae2624
[2022-09-08T10:32:02.577+0000] {taskinstance.py:1583} INFO - Exporting the following env vars:
AIRFLOW_CTX_DAG_OWNER=coder2j
AIRFLOW_CTX_DAG_ID=our_first_dag_v5
AIRFLOW_CTX_TASK_ID=second_task
AIRFLOW_CTX_EXECUTION_DATE=2022-09-08T10:31:49.195538+00:00
AIRFLOW_CTX_TRY_NUMBER=1
AIRFLOW_CTX_DAG_RUN_ID=manual__2022-09-08T10:31:49.195538+00:00
[2022-09-08T10:32:02.590+0000] {subprocess.py:62} INFO - Tmp dir root location: 
 /tmp
[2022-09-08T10:32:02.595+0000] {subprocess.py:74} INFO - Running command: ['/bin/bash', '-c', 'echo hey, I am task2 and will be running after task1!']
[2022-09-08T10:32:02.732+0000] {subprocess.py:85} INFO - Output:
[2022-09-08T10:32:02.736+0000] {subprocess.py:92} INFO - hey, I am task2 and will be running after task1!
[2022-09-08T10:32:02.740+0000] {subprocess.py:96} INFO - Command exited with return code 0
[2022-09-08T10:32:03.085+0000] {taskinstance.py:1412} INFO - Marking task as SUCCESS. dag_id=our_first_dag_v5, task_id=second_task, execution_date=20220908T103149, start_date=20220908T103155, end_date=20220908T103203
[2022-09-08T10:32:03.935+0000] {local_task_job.py:156} INFO - Task exited with return code 0
[2022-09-08T10:32:04.489+0000] {local_task_job.py:279} INFO - 0 downstream tasks scheduled from follow-on schedule check
