[2022-09-08T10:32:26.146+0000] {taskinstance.py:1171} INFO - Dependencies all met for <TaskInstance: our_first_dag_v5.first_task scheduled__2021-08-14T00:00:00+00:00 [queued]>
[2022-09-08T10:32:26.157+0000] {taskinstance.py:1171} INFO - Dependencies all met for <TaskInstance: our_first_dag_v5.first_task scheduled__2021-08-14T00:00:00+00:00 [queued]>
[2022-09-08T10:32:26.159+0000] {taskinstance.py:1368} INFO - 
--------------------------------------------------------------------------------
[2022-09-08T10:32:26.160+0000] {taskinstance.py:1369} INFO - Starting attempt 1 of 6
[2022-09-08T10:32:26.161+0000] {taskinstance.py:1370} INFO - 
--------------------------------------------------------------------------------
[2022-09-08T10:32:26.195+0000] {taskinstance.py:1389} INFO - Executing <Task(BashOperator): first_task> on 2021-08-14 00:00:00+00:00
[2022-09-08T10:32:26.202+0000] {standard_task_runner.py:52} INFO - Started process 3424 to run task
[2022-09-08T10:32:26.217+0000] {standard_task_runner.py:79} INFO - Running: ['***', 'tasks', 'run', 'our_first_dag_v5', 'first_task', 'scheduled__2021-08-14T00:00:00+00:00', '--job-id', '55', '--raw', '--subdir', 'DAGS_FOLDER/example_dags.py', '--cfg-path', '/tmp/tmpdnduuq31', '--error-file', '/tmp/tmpae1burf5']
[2022-09-08T10:32:26.223+0000] {standard_task_runner.py:80} INFO - Job 55: Subtask first_task
[2022-09-08T10:32:26.341+0000] {task_command.py:371} INFO - Running <TaskInstance: our_first_dag_v5.first_task scheduled__2021-08-14T00:00:00+00:00 [running]> on host c56eb7ae2624
[2022-09-08T10:32:27.100+0000] {taskinstance.py:1583} INFO - Exporting the following env vars:
AIRFLOW_CTX_DAG_OWNER=coder2j
AIRFLOW_CTX_DAG_ID=our_first_dag_v5
AIRFLOW_CTX_TASK_ID=first_task
AIRFLOW_CTX_EXECUTION_DATE=2021-08-14T00:00:00+00:00
AIRFLOW_CTX_TRY_NUMBER=1
AIRFLOW_CTX_DAG_RUN_ID=scheduled__2021-08-14T00:00:00+00:00
[2022-09-08T10:32:27.101+0000] {subprocess.py:62} INFO - Tmp dir root location: 
 /tmp
[2022-09-08T10:32:27.103+0000] {subprocess.py:74} INFO - Running command: ['/bin/bash', '-c', 'echo hello world, this is the first task!']
[2022-09-08T10:32:27.159+0000] {subprocess.py:85} INFO - Output:
[2022-09-08T10:32:27.171+0000] {subprocess.py:92} INFO - hello world, this is the first task!
[2022-09-08T10:32:27.173+0000] {subprocess.py:96} INFO - Command exited with return code 0
[2022-09-08T10:32:27.218+0000] {taskinstance.py:1412} INFO - Marking task as SUCCESS. dag_id=our_first_dag_v5, task_id=first_task, execution_date=20210814T000000, start_date=20220908T103226, end_date=20220908T103227
[2022-09-08T10:32:27.400+0000] {local_task_job.py:156} INFO - Task exited with return code 0
[2022-09-08T10:32:27.570+0000] {local_task_job.py:279} INFO - 0 downstream tasks scheduled from follow-on schedule check
