[2022-09-08T14:49:17.819+0000] {taskinstance.py:1171} INFO - Dependencies all met for <TaskInstance: dag_with_taskflow_api_v01.greet scheduled__2022-09-07T00:00:00+00:00 [queued]>
[2022-09-08T14:49:17.845+0000] {taskinstance.py:1171} INFO - Dependencies all met for <TaskInstance: dag_with_taskflow_api_v01.greet scheduled__2022-09-07T00:00:00+00:00 [queued]>
[2022-09-08T14:49:17.847+0000] {taskinstance.py:1368} INFO - 
--------------------------------------------------------------------------------
[2022-09-08T14:49:17.850+0000] {taskinstance.py:1369} INFO - Starting attempt 1 of 6
[2022-09-08T14:49:17.851+0000] {taskinstance.py:1370} INFO - 
--------------------------------------------------------------------------------
[2022-09-08T14:49:17.874+0000] {taskinstance.py:1389} INFO - Executing <Task(_PythonDecoratedOperator): greet> on 2022-09-07 00:00:00+00:00
[2022-09-08T14:49:17.890+0000] {standard_task_runner.py:52} INFO - Started process 2466 to run task
[2022-09-08T14:49:17.894+0000] {standard_task_runner.py:79} INFO - Running: ['***', 'tasks', 'run', 'dag_with_taskflow_api_v01', 'greet', 'scheduled__2022-09-07T00:00:00+00:00', '--job-id', '95', '--raw', '--subdir', 'DAGS_FOLDER/dag_with_taskflow.py', '--cfg-path', '/tmp/tmpx3mnxbud', '--error-file', '/tmp/tmp_tsc9inb']
[2022-09-08T14:49:17.898+0000] {standard_task_runner.py:80} INFO - Job 95: Subtask greet
[2022-09-08T14:49:17.964+0000] {task_command.py:371} INFO - Running <TaskInstance: dag_with_taskflow_api_v01.greet scheduled__2022-09-07T00:00:00+00:00 [running]> on host e458dbb0fb9f
[2022-09-08T14:49:18.235+0000] {taskinstance.py:1583} INFO - Exporting the following env vars:
AIRFLOW_CTX_DAG_OWNER=coder2j
AIRFLOW_CTX_DAG_ID=dag_with_taskflow_api_v01
AIRFLOW_CTX_TASK_ID=greet
AIRFLOW_CTX_EXECUTION_DATE=2022-09-07T00:00:00+00:00
AIRFLOW_CTX_TRY_NUMBER=1
AIRFLOW_CTX_DAG_RUN_ID=scheduled__2022-09-07T00:00:00+00:00
[2022-09-08T14:49:18.237+0000] {logging_mixin.py:115} INFO - Hello World! My name is CongDC doan xem and I am 21 years old!
[2022-09-08T14:49:18.240+0000] {python.py:173} INFO - Done. Returned value was: None
[2022-09-08T14:49:18.251+0000] {taskinstance.py:1412} INFO - Marking task as SUCCESS. dag_id=dag_with_taskflow_api_v01, task_id=greet, execution_date=20220907T000000, start_date=20220908T144917, end_date=20220908T144918
[2022-09-08T14:49:18.317+0000] {local_task_job.py:156} INFO - Task exited with return code 0
[2022-09-08T14:49:18.343+0000] {local_task_job.py:279} INFO - 0 downstream tasks scheduled from follow-on schedule check
