[2022-09-08T11:12:25.242+0000] {taskinstance.py:1171} INFO - Dependencies all met for <TaskInstance: first_dag_v12.first_task scheduled__2022-09-07T00:00:00+00:00 [queued]>
[2022-09-08T11:12:25.249+0000] {taskinstance.py:1171} INFO - Dependencies all met for <TaskInstance: first_dag_v12.first_task scheduled__2022-09-07T00:00:00+00:00 [queued]>
[2022-09-08T11:12:25.250+0000] {taskinstance.py:1368} INFO - 
--------------------------------------------------------------------------------
[2022-09-08T11:12:25.251+0000] {taskinstance.py:1369} INFO - Starting attempt 1 of 6
[2022-09-08T11:12:25.252+0000] {taskinstance.py:1370} INFO - 
--------------------------------------------------------------------------------
[2022-09-08T11:12:25.261+0000] {taskinstance.py:1389} INFO - Executing <Task(BashOperator): first_task> on 2022-09-07 00:00:00+00:00
[2022-09-08T11:12:25.265+0000] {standard_task_runner.py:52} INFO - Started process 751 to run task
[2022-09-08T11:12:25.268+0000] {standard_task_runner.py:79} INFO - Running: ['***', 'tasks', 'run', 'first_dag_v12', 'first_task', 'scheduled__2022-09-07T00:00:00+00:00', '--job-id', '15', '--raw', '--subdir', 'DAGS_FOLDER/example_dags.py', '--cfg-path', '/tmp/tmp3u6w2t70', '--error-file', '/tmp/tmp5omkx8kb']
[2022-09-08T11:12:25.270+0000] {standard_task_runner.py:80} INFO - Job 15: Subtask first_task
[2022-09-08T11:12:25.311+0000] {task_command.py:371} INFO - Running <TaskInstance: first_dag_v12.first_task scheduled__2022-09-07T00:00:00+00:00 [running]> on host e458dbb0fb9f
[2022-09-08T11:12:25.363+0000] {taskinstance.py:1583} INFO - Exporting the following env vars:
AIRFLOW_CTX_DAG_OWNER=coder2j
AIRFLOW_CTX_DAG_ID=first_dag_v12
AIRFLOW_CTX_TASK_ID=first_task
AIRFLOW_CTX_EXECUTION_DATE=2022-09-07T00:00:00+00:00
AIRFLOW_CTX_TRY_NUMBER=1
AIRFLOW_CTX_DAG_RUN_ID=scheduled__2022-09-07T00:00:00+00:00
[2022-09-08T11:12:25.364+0000] {subprocess.py:62} INFO - Tmp dir root location: 
 /tmp
[2022-09-08T11:12:25.365+0000] {subprocess.py:74} INFO - Running command: ['/bin/bash', '-c', 'echo tao la Dinh chi cong!']
[2022-09-08T11:12:25.372+0000] {subprocess.py:85} INFO - Output:
[2022-09-08T11:12:25.374+0000] {subprocess.py:92} INFO - tao la Dinh chi cong!
[2022-09-08T11:12:25.375+0000] {subprocess.py:96} INFO - Command exited with return code 0
[2022-09-08T11:12:25.586+0000] {taskinstance.py:1412} INFO - Marking task as SUCCESS. dag_id=first_dag_v12, task_id=first_task, execution_date=20220907T000000, start_date=20220908T111225, end_date=20220908T111225
[2022-09-08T11:12:25.646+0000] {local_task_job.py:156} INFO - Task exited with return code 0
[2022-09-08T11:12:25.671+0000] {local_task_job.py:279} INFO - 1 downstream tasks scheduled from follow-on schedule check
