[2022-09-08T11:10:49.031+0000] {taskinstance.py:1171} INFO - Dependencies all met for <TaskInstance: first_dag_v11.first_task scheduled__2022-09-06T00:00:00+00:00 [queued]>
[2022-09-08T11:10:49.038+0000] {taskinstance.py:1171} INFO - Dependencies all met for <TaskInstance: first_dag_v11.first_task scheduled__2022-09-06T00:00:00+00:00 [queued]>
[2022-09-08T11:10:49.040+0000] {taskinstance.py:1368} INFO - 
--------------------------------------------------------------------------------
[2022-09-08T11:10:49.042+0000] {taskinstance.py:1369} INFO - Starting attempt 1 of 6
[2022-09-08T11:10:49.043+0000] {taskinstance.py:1370} INFO - 
--------------------------------------------------------------------------------
[2022-09-08T11:10:49.055+0000] {taskinstance.py:1389} INFO - Executing <Task(BashOperator): first_task> on 2022-09-06 00:00:00+00:00
[2022-09-08T11:10:49.059+0000] {standard_task_runner.py:52} INFO - Started process 627 to run task
[2022-09-08T11:10:49.061+0000] {standard_task_runner.py:79} INFO - Running: ['***', 'tasks', 'run', 'first_dag_v11', 'first_task', 'scheduled__2022-09-06T00:00:00+00:00', '--job-id', '8', '--raw', '--subdir', 'DAGS_FOLDER/example_dags.py', '--cfg-path', '/tmp/tmphy7sacan', '--error-file', '/tmp/tmptfiva9pk']
[2022-09-08T11:10:49.063+0000] {standard_task_runner.py:80} INFO - Job 8: Subtask first_task
[2022-09-08T11:10:49.104+0000] {task_command.py:371} INFO - Running <TaskInstance: first_dag_v11.first_task scheduled__2022-09-06T00:00:00+00:00 [running]> on host e458dbb0fb9f
[2022-09-08T11:10:49.147+0000] {taskinstance.py:1583} INFO - Exporting the following env vars:
AIRFLOW_CTX_DAG_OWNER=coder2j
AIRFLOW_CTX_DAG_ID=first_dag_v11
AIRFLOW_CTX_TASK_ID=first_task
AIRFLOW_CTX_EXECUTION_DATE=2022-09-06T00:00:00+00:00
AIRFLOW_CTX_TRY_NUMBER=1
AIRFLOW_CTX_DAG_RUN_ID=scheduled__2022-09-06T00:00:00+00:00
[2022-09-08T11:10:49.148+0000] {subprocess.py:62} INFO - Tmp dir root location: 
 /tmp
[2022-09-08T11:10:49.149+0000] {subprocess.py:74} INFO - Running command: ['/bin/bash', '-c', 'echo hello world, this is the first task!']
[2022-09-08T11:10:49.156+0000] {subprocess.py:85} INFO - Output:
[2022-09-08T11:10:49.159+0000] {subprocess.py:92} INFO - hello world, this is the first task!
[2022-09-08T11:10:49.160+0000] {subprocess.py:96} INFO - Command exited with return code 0
[2022-09-08T11:10:49.373+0000] {taskinstance.py:1412} INFO - Marking task as SUCCESS. dag_id=first_dag_v11, task_id=first_task, execution_date=20220906T000000, start_date=20220908T111049, end_date=20220908T111049
[2022-09-08T11:10:49.435+0000] {local_task_job.py:156} INFO - Task exited with return code 0
[2022-09-08T11:10:49.464+0000] {local_task_job.py:279} INFO - 1 downstream tasks scheduled from follow-on schedule check
