[2022-09-08T10:32:29.243+0000] {taskinstance.py:1171} INFO - Dependencies all met for <TaskInstance: our_first_dag_v5.thrid_task scheduled__2021-08-14T00:00:00+00:00 [queued]>
[2022-09-08T10:32:29.292+0000] {taskinstance.py:1171} INFO - Dependencies all met for <TaskInstance: our_first_dag_v5.thrid_task scheduled__2021-08-14T00:00:00+00:00 [queued]>
[2022-09-08T10:32:29.294+0000] {taskinstance.py:1368} INFO - 
--------------------------------------------------------------------------------
[2022-09-08T10:32:29.295+0000] {taskinstance.py:1369} INFO - Starting attempt 1 of 6
[2022-09-08T10:32:29.296+0000] {taskinstance.py:1370} INFO - 
--------------------------------------------------------------------------------
[2022-09-08T10:32:29.335+0000] {taskinstance.py:1389} INFO - Executing <Task(BashOperator): thrid_task> on 2021-08-14 00:00:00+00:00
[2022-09-08T10:32:29.355+0000] {standard_task_runner.py:52} INFO - Started process 3464 to run task
[2022-09-08T10:32:29.376+0000] {standard_task_runner.py:79} INFO - Running: ['***', 'tasks', 'run', 'our_first_dag_v5', 'thrid_task', 'scheduled__2021-08-14T00:00:00+00:00', '--job-id', '68', '--raw', '--subdir', 'DAGS_FOLDER/example_dags.py', '--cfg-path', '/tmp/tmph4nnj0kj', '--error-file', '/tmp/tmp6bu4dois']
[2022-09-08T10:32:29.392+0000] {standard_task_runner.py:80} INFO - Job 68: Subtask thrid_task
[2022-09-08T10:32:29.652+0000] {task_command.py:371} INFO - Running <TaskInstance: our_first_dag_v5.thrid_task scheduled__2021-08-14T00:00:00+00:00 [running]> on host c56eb7ae2624
[2022-09-08T10:32:32.402+0000] {taskinstance.py:1583} INFO - Exporting the following env vars:
AIRFLOW_CTX_DAG_OWNER=coder2j
AIRFLOW_CTX_DAG_ID=our_first_dag_v5
AIRFLOW_CTX_TASK_ID=thrid_task
AIRFLOW_CTX_EXECUTION_DATE=2021-08-14T00:00:00+00:00
AIRFLOW_CTX_TRY_NUMBER=1
AIRFLOW_CTX_DAG_RUN_ID=scheduled__2021-08-14T00:00:00+00:00
[2022-09-08T10:32:32.460+0000] {subprocess.py:62} INFO - Tmp dir root location: 
 /tmp
[2022-09-08T10:32:32.471+0000] {subprocess.py:74} INFO - Running command: ['/bin/bash', '-c', 'echo hey, I am task3 and will be running after task1 at the same time as task2!']
[2022-09-08T10:32:32.685+0000] {subprocess.py:85} INFO - Output:
[2022-09-08T10:32:32.696+0000] {subprocess.py:92} INFO - hey, I am task3 and will be running after task1 at the same time as task2!
[2022-09-08T10:32:32.701+0000] {subprocess.py:96} INFO - Command exited with return code 0
[2022-09-08T10:32:33.147+0000] {taskinstance.py:1412} INFO - Marking task as SUCCESS. dag_id=our_first_dag_v5, task_id=thrid_task, execution_date=20210814T000000, start_date=20220908T103229, end_date=20220908T103233
[2022-09-08T10:32:34.652+0000] {local_task_job.py:227} WARNING - State of this instance has been externally set to success. Terminating instance.
[2022-09-08T10:32:34.720+0000] {process_utils.py:129} INFO - Sending Signals.SIGTERM to group 3464. PIDs of all processes in the group: [3464]
[2022-09-08T10:32:34.724+0000] {process_utils.py:80} INFO - Sending the signal Signals.SIGTERM to group 3464
[2022-09-08T10:32:34.875+0000] {process_utils.py:75} INFO - Process psutil.Process(pid=3464, status='terminated', exitcode=0, started='10:32:29') (3464) terminated with exit code 0
