[2022-09-08T10:32:19.611+0000] {taskinstance.py:1171} INFO - Dependencies all met for <TaskInstance: our_first_dag_v5.second_task scheduled__2021-08-11T00:00:00+00:00 [queued]>
[2022-09-08T10:32:19.733+0000] {taskinstance.py:1171} INFO - Dependencies all met for <TaskInstance: our_first_dag_v5.second_task scheduled__2021-08-11T00:00:00+00:00 [queued]>
[2022-09-08T10:32:19.738+0000] {taskinstance.py:1368} INFO - 
--------------------------------------------------------------------------------
[2022-09-08T10:32:19.755+0000] {taskinstance.py:1369} INFO - Starting attempt 1 of 6
[2022-09-08T10:32:19.759+0000] {taskinstance.py:1370} INFO - 
--------------------------------------------------------------------------------
[2022-09-08T10:32:19.877+0000] {taskinstance.py:1389} INFO - Executing <Task(BashOperator): second_task> on 2021-08-11 00:00:00+00:00
[2022-09-08T10:32:19.908+0000] {standard_task_runner.py:52} INFO - Started process 3403 to run task
[2022-09-08T10:32:19.961+0000] {standard_task_runner.py:79} INFO - Running: ['***', 'tasks', 'run', 'our_first_dag_v5', 'second_task', 'scheduled__2021-08-11T00:00:00+00:00', '--job-id', '50', '--raw', '--subdir', 'DAGS_FOLDER/example_dags.py', '--cfg-path', '/tmp/tmp3m5nftwr', '--error-file', '/tmp/tmp1x2251nb']
[2022-09-08T10:32:20.048+0000] {standard_task_runner.py:80} INFO - Job 50: Subtask second_task
[2022-09-08T10:32:20.621+0000] {task_command.py:371} INFO - Running <TaskInstance: our_first_dag_v5.second_task scheduled__2021-08-11T00:00:00+00:00 [running]> on host c56eb7ae2624
[2022-09-08T10:32:21.743+0000] {taskinstance.py:1583} INFO - Exporting the following env vars:
AIRFLOW_CTX_DAG_OWNER=coder2j
AIRFLOW_CTX_DAG_ID=our_first_dag_v5
AIRFLOW_CTX_TASK_ID=second_task
AIRFLOW_CTX_EXECUTION_DATE=2021-08-11T00:00:00+00:00
AIRFLOW_CTX_TRY_NUMBER=1
AIRFLOW_CTX_DAG_RUN_ID=scheduled__2021-08-11T00:00:00+00:00
[2022-09-08T10:32:21.746+0000] {subprocess.py:62} INFO - Tmp dir root location: 
 /tmp
[2022-09-08T10:32:21.749+0000] {subprocess.py:74} INFO - Running command: ['/bin/bash', '-c', 'echo hey, I am task2 and will be running after task1!']
[2022-09-08T10:32:21.803+0000] {subprocess.py:85} INFO - Output:
[2022-09-08T10:32:21.811+0000] {subprocess.py:92} INFO - hey, I am task2 and will be running after task1!
[2022-09-08T10:32:21.816+0000] {subprocess.py:96} INFO - Command exited with return code 0
[2022-09-08T10:32:21.890+0000] {taskinstance.py:1412} INFO - Marking task as SUCCESS. dag_id=our_first_dag_v5, task_id=second_task, execution_date=20210811T000000, start_date=20220908T103219, end_date=20220908T103221
[2022-09-08T10:32:22.073+0000] {local_task_job.py:156} INFO - Task exited with return code 0
[2022-09-08T10:32:22.131+0000] {local_task_job.py:279} INFO - 0 downstream tasks scheduled from follow-on schedule check
