[2022-09-08T10:32:54.527+0000] {taskinstance.py:1171} INFO - Dependencies all met for <TaskInstance: our_first_dag_v5.first_task scheduled__2021-09-02T00:00:00+00:00 [queued]>
[2022-09-08T10:32:54.549+0000] {taskinstance.py:1171} INFO - Dependencies all met for <TaskInstance: our_first_dag_v5.first_task scheduled__2021-09-02T00:00:00+00:00 [queued]>
[2022-09-08T10:32:54.550+0000] {taskinstance.py:1368} INFO - 
--------------------------------------------------------------------------------
[2022-09-08T10:32:54.551+0000] {taskinstance.py:1369} INFO - Starting attempt 1 of 6
[2022-09-08T10:32:54.552+0000] {taskinstance.py:1370} INFO - 
--------------------------------------------------------------------------------
[2022-09-08T10:32:54.589+0000] {taskinstance.py:1389} INFO - Executing <Task(BashOperator): first_task> on 2021-09-02 00:00:00+00:00
[2022-09-08T10:32:54.594+0000] {standard_task_runner.py:52} INFO - Started process 3595 to run task
[2022-09-08T10:32:54.615+0000] {standard_task_runner.py:79} INFO - Running: ['***', 'tasks', 'run', 'our_first_dag_v5', 'first_task', 'scheduled__2021-09-02T00:00:00+00:00', '--job-id', '106', '--raw', '--subdir', 'DAGS_FOLDER/example_dags.py', '--cfg-path', '/tmp/tmpzbpalu4y', '--error-file', '/tmp/tmpawuinpwq']
[2022-09-08T10:32:54.624+0000] {standard_task_runner.py:80} INFO - Job 106: Subtask first_task
[2022-09-08T10:32:54.823+0000] {task_command.py:371} INFO - Running <TaskInstance: our_first_dag_v5.first_task scheduled__2021-09-02T00:00:00+00:00 [running]> on host c56eb7ae2624
[2022-09-08T10:32:55.505+0000] {taskinstance.py:1583} INFO - Exporting the following env vars:
AIRFLOW_CTX_DAG_OWNER=coder2j
AIRFLOW_CTX_DAG_ID=our_first_dag_v5
AIRFLOW_CTX_TASK_ID=first_task
AIRFLOW_CTX_EXECUTION_DATE=2021-09-02T00:00:00+00:00
AIRFLOW_CTX_TRY_NUMBER=1
AIRFLOW_CTX_DAG_RUN_ID=scheduled__2021-09-02T00:00:00+00:00
[2022-09-08T10:32:55.507+0000] {subprocess.py:62} INFO - Tmp dir root location: 
 /tmp
[2022-09-08T10:32:55.509+0000] {subprocess.py:74} INFO - Running command: ['/bin/bash', '-c', 'echo hello world, this is the first task!']
[2022-09-08T10:32:55.571+0000] {subprocess.py:85} INFO - Output:
[2022-09-08T10:32:55.577+0000] {subprocess.py:92} INFO - hello world, this is the first task!
[2022-09-08T10:32:55.595+0000] {subprocess.py:96} INFO - Command exited with return code 0
[2022-09-08T10:32:55.781+0000] {taskinstance.py:1412} INFO - Marking task as SUCCESS. dag_id=our_first_dag_v5, task_id=first_task, execution_date=20210902T000000, start_date=20220908T103254, end_date=20220908T103255
[2022-09-08T10:32:55.872+0000] {local_task_job.py:156} INFO - Task exited with return code 0
[2022-09-08T10:32:56.005+0000] {local_task_job.py:279} INFO - 2 downstream tasks scheduled from follow-on schedule check
