[2022-09-08T10:31:50.817+0000] {taskinstance.py:1171} INFO - Dependencies all met for <TaskInstance: our_first_dag_v5.first_task scheduled__2021-08-04T00:00:00+00:00 [queued]>
[2022-09-08T10:31:50.836+0000] {taskinstance.py:1171} INFO - Dependencies all met for <TaskInstance: our_first_dag_v5.first_task scheduled__2021-08-04T00:00:00+00:00 [queued]>
[2022-09-08T10:31:50.838+0000] {taskinstance.py:1368} INFO - 
--------------------------------------------------------------------------------
[2022-09-08T10:31:50.840+0000] {taskinstance.py:1369} INFO - Starting attempt 1 of 6
[2022-09-08T10:31:50.844+0000] {taskinstance.py:1370} INFO - 
--------------------------------------------------------------------------------
[2022-09-08T10:31:50.874+0000] {taskinstance.py:1389} INFO - Executing <Task(BashOperator): first_task> on 2021-08-04 00:00:00+00:00
[2022-09-08T10:31:50.884+0000] {standard_task_runner.py:52} INFO - Started process 3268 to run task
[2022-09-08T10:31:50.904+0000] {standard_task_runner.py:79} INFO - Running: ['***', 'tasks', 'run', 'our_first_dag_v5', 'first_task', 'scheduled__2021-08-04T00:00:00+00:00', '--job-id', '13', '--raw', '--subdir', 'DAGS_FOLDER/example_dags.py', '--cfg-path', '/tmp/tmpjquh3alj', '--error-file', '/tmp/tmpst8sr40q']
[2022-09-08T10:31:50.913+0000] {standard_task_runner.py:80} INFO - Job 13: Subtask first_task
[2022-09-08T10:31:51.151+0000] {task_command.py:371} INFO - Running <TaskInstance: our_first_dag_v5.first_task scheduled__2021-08-04T00:00:00+00:00 [running]> on host c56eb7ae2624
[2022-09-08T10:31:52.802+0000] {taskinstance.py:1583} INFO - Exporting the following env vars:
AIRFLOW_CTX_DAG_OWNER=coder2j
AIRFLOW_CTX_DAG_ID=our_first_dag_v5
AIRFLOW_CTX_TASK_ID=first_task
AIRFLOW_CTX_EXECUTION_DATE=2021-08-04T00:00:00+00:00
AIRFLOW_CTX_TRY_NUMBER=1
AIRFLOW_CTX_DAG_RUN_ID=scheduled__2021-08-04T00:00:00+00:00
[2022-09-08T10:31:52.813+0000] {subprocess.py:62} INFO - Tmp dir root location: 
 /tmp
[2022-09-08T10:31:52.822+0000] {subprocess.py:74} INFO - Running command: ['/bin/bash', '-c', 'echo hello world, this is the first task!']
[2022-09-08T10:31:52.966+0000] {subprocess.py:85} INFO - Output:
[2022-09-08T10:31:52.989+0000] {subprocess.py:92} INFO - hello world, this is the first task!
[2022-09-08T10:31:53.001+0000] {subprocess.py:96} INFO - Command exited with return code 0
[2022-09-08T10:31:53.994+0000] {taskinstance.py:1412} INFO - Marking task as SUCCESS. dag_id=our_first_dag_v5, task_id=first_task, execution_date=20210804T000000, start_date=20220908T103150, end_date=20220908T103153
[2022-09-08T10:31:54.722+0000] {local_task_job.py:156} INFO - Task exited with return code 0
[2022-09-08T10:31:55.090+0000] {local_task_job.py:279} INFO - 2 downstream tasks scheduled from follow-on schedule check
