[2022-09-08T10:32:19.535+0000] {taskinstance.py:1171} INFO - Dependencies all met for <TaskInstance: our_first_dag_v5.thrid_task scheduled__2021-08-10T00:00:00+00:00 [queued]>
[2022-09-08T10:32:19.607+0000] {taskinstance.py:1171} INFO - Dependencies all met for <TaskInstance: our_first_dag_v5.thrid_task scheduled__2021-08-10T00:00:00+00:00 [queued]>
[2022-09-08T10:32:19.621+0000] {taskinstance.py:1368} INFO - 
--------------------------------------------------------------------------------
[2022-09-08T10:32:19.625+0000] {taskinstance.py:1369} INFO - Starting attempt 1 of 6
[2022-09-08T10:32:19.631+0000] {taskinstance.py:1370} INFO - 
--------------------------------------------------------------------------------
[2022-09-08T10:32:19.690+0000] {taskinstance.py:1389} INFO - Executing <Task(BashOperator): thrid_task> on 2021-08-10 00:00:00+00:00
[2022-09-08T10:32:19.701+0000] {standard_task_runner.py:52} INFO - Started process 3401 to run task
[2022-09-08T10:32:19.756+0000] {standard_task_runner.py:79} INFO - Running: ['***', 'tasks', 'run', 'our_first_dag_v5', 'thrid_task', 'scheduled__2021-08-10T00:00:00+00:00', '--job-id', '49', '--raw', '--subdir', 'DAGS_FOLDER/example_dags.py', '--cfg-path', '/tmp/tmpsrth0f6r', '--error-file', '/tmp/tmp66x9cbvy']
[2022-09-08T10:32:19.781+0000] {standard_task_runner.py:80} INFO - Job 49: Subtask thrid_task
[2022-09-08T10:32:20.110+0000] {task_command.py:371} INFO - Running <TaskInstance: our_first_dag_v5.thrid_task scheduled__2021-08-10T00:00:00+00:00 [running]> on host c56eb7ae2624
[2022-09-08T10:32:21.645+0000] {taskinstance.py:1583} INFO - Exporting the following env vars:
AIRFLOW_CTX_DAG_OWNER=coder2j
AIRFLOW_CTX_DAG_ID=our_first_dag_v5
AIRFLOW_CTX_TASK_ID=thrid_task
AIRFLOW_CTX_EXECUTION_DATE=2021-08-10T00:00:00+00:00
AIRFLOW_CTX_TRY_NUMBER=1
AIRFLOW_CTX_DAG_RUN_ID=scheduled__2021-08-10T00:00:00+00:00
[2022-09-08T10:32:21.649+0000] {subprocess.py:62} INFO - Tmp dir root location: 
 /tmp
[2022-09-08T10:32:21.651+0000] {subprocess.py:74} INFO - Running command: ['/bin/bash', '-c', 'echo hey, I am task3 and will be running after task1 at the same time as task2!']
[2022-09-08T10:32:21.707+0000] {subprocess.py:85} INFO - Output:
[2022-09-08T10:32:21.709+0000] {subprocess.py:92} INFO - hey, I am task3 and will be running after task1 at the same time as task2!
[2022-09-08T10:32:21.710+0000] {subprocess.py:96} INFO - Command exited with return code 0
[2022-09-08T10:32:21.782+0000] {taskinstance.py:1412} INFO - Marking task as SUCCESS. dag_id=our_first_dag_v5, task_id=thrid_task, execution_date=20210810T000000, start_date=20220908T103219, end_date=20220908T103221
[2022-09-08T10:32:21.910+0000] {local_task_job.py:156} INFO - Task exited with return code 0
[2022-09-08T10:32:22.016+0000] {local_task_job.py:279} INFO - 0 downstream tasks scheduled from follow-on schedule check
