[2022-09-08T14:33:56.244+0000] {taskinstance.py:1171} INFO - Dependencies all met for <TaskInstance: second_dag_v7.task_1 scheduled__2022-09-07T00:00:00+00:00 [queued]>
[2022-09-08T14:33:56.252+0000] {taskinstance.py:1171} INFO - Dependencies all met for <TaskInstance: second_dag_v7.task_1 scheduled__2022-09-07T00:00:00+00:00 [queued]>
[2022-09-08T14:33:56.253+0000] {taskinstance.py:1368} INFO - 
--------------------------------------------------------------------------------
[2022-09-08T14:33:56.254+0000] {taskinstance.py:1369} INFO - Starting attempt 1 of 6
[2022-09-08T14:33:56.254+0000] {taskinstance.py:1370} INFO - 
--------------------------------------------------------------------------------
[2022-09-08T14:33:56.262+0000] {taskinstance.py:1389} INFO - Executing <Task(PythonOperator): task_1> on 2022-09-07 00:00:00+00:00
[2022-09-08T14:33:56.266+0000] {standard_task_runner.py:52} INFO - Started process 1347 to run task
[2022-09-08T14:33:56.268+0000] {standard_task_runner.py:79} INFO - Running: ['***', 'tasks', 'run', 'second_dag_v7', 'task_1', 'scheduled__2022-09-07T00:00:00+00:00', '--job-id', '87', '--raw', '--subdir', 'DAGS_FOLDER/create_dag_with_python_operator.py', '--cfg-path', '/tmp/tmpufhk2cqm', '--error-file', '/tmp/tmpq78v1pwt']
[2022-09-08T14:33:56.270+0000] {standard_task_runner.py:80} INFO - Job 87: Subtask task_1
[2022-09-08T14:33:56.309+0000] {task_command.py:371} INFO - Running <TaskInstance: second_dag_v7.task_1 scheduled__2022-09-07T00:00:00+00:00 [running]> on host e458dbb0fb9f
[2022-09-08T14:33:56.432+0000] {taskinstance.py:1583} INFO - Exporting the following env vars:
AIRFLOW_CTX_DAG_OWNER=coder2j
AIRFLOW_CTX_DAG_ID=second_dag_v7
AIRFLOW_CTX_TASK_ID=task_1
AIRFLOW_CTX_EXECUTION_DATE=2022-09-07T00:00:00+00:00
AIRFLOW_CTX_TRY_NUMBER=1
AIRFLOW_CTX_DAG_RUN_ID=scheduled__2022-09-07T00:00:00+00:00
[2022-09-08T14:33:56.443+0000] {logging_mixin.py:115} INFO - hello world CongDC and I comment HUST
[2022-09-08T14:33:56.444+0000] {python.py:173} INFO - Done. Returned value was: None
[2022-09-08T14:33:56.452+0000] {taskinstance.py:1412} INFO - Marking task as SUCCESS. dag_id=second_dag_v7, task_id=task_1, execution_date=20220907T000000, start_date=20220908T143356, end_date=20220908T143356
[2022-09-08T14:33:56.482+0000] {local_task_job.py:156} INFO - Task exited with return code 0
[2022-09-08T14:33:56.500+0000] {local_task_job.py:279} INFO - 0 downstream tasks scheduled from follow-on schedule check
