[2022-09-08T10:32:55.797+0000] {taskinstance.py:1171} INFO - Dependencies all met for <TaskInstance: our_first_dag_v5.first_task scheduled__2021-09-06T00:00:00+00:00 [queued]>
[2022-09-08T10:32:55.854+0000] {taskinstance.py:1171} INFO - Dependencies all met for <TaskInstance: our_first_dag_v5.first_task scheduled__2021-09-06T00:00:00+00:00 [queued]>
[2022-09-08T10:32:55.856+0000] {taskinstance.py:1368} INFO - 
--------------------------------------------------------------------------------
[2022-09-08T10:32:55.857+0000] {taskinstance.py:1369} INFO - Starting attempt 1 of 6
[2022-09-08T10:32:55.858+0000] {taskinstance.py:1370} INFO - 
--------------------------------------------------------------------------------
[2022-09-08T10:32:55.978+0000] {taskinstance.py:1389} INFO - Executing <Task(BashOperator): first_task> on 2021-09-06 00:00:00+00:00
[2022-09-08T10:32:55.988+0000] {standard_task_runner.py:52} INFO - Started process 3617 to run task
[2022-09-08T10:32:56.034+0000] {standard_task_runner.py:79} INFO - Running: ['***', 'tasks', 'run', 'our_first_dag_v5', 'first_task', 'scheduled__2021-09-06T00:00:00+00:00', '--job-id', '110', '--raw', '--subdir', 'DAGS_FOLDER/example_dags.py', '--cfg-path', '/tmp/tmpf84_l7a0', '--error-file', '/tmp/tmp4f_0okn_']
[2022-09-08T10:32:56.044+0000] {standard_task_runner.py:80} INFO - Job 110: Subtask first_task
[2022-09-08T10:32:56.280+0000] {task_command.py:371} INFO - Running <TaskInstance: our_first_dag_v5.first_task scheduled__2021-09-06T00:00:00+00:00 [running]> on host c56eb7ae2624
[2022-09-08T10:32:57.973+0000] {taskinstance.py:1583} INFO - Exporting the following env vars:
AIRFLOW_CTX_DAG_OWNER=coder2j
AIRFLOW_CTX_DAG_ID=our_first_dag_v5
AIRFLOW_CTX_TASK_ID=first_task
AIRFLOW_CTX_EXECUTION_DATE=2021-09-06T00:00:00+00:00
AIRFLOW_CTX_TRY_NUMBER=1
AIRFLOW_CTX_DAG_RUN_ID=scheduled__2021-09-06T00:00:00+00:00
[2022-09-08T10:32:57.981+0000] {subprocess.py:62} INFO - Tmp dir root location: 
 /tmp
[2022-09-08T10:32:57.985+0000] {subprocess.py:74} INFO - Running command: ['/bin/bash', '-c', 'echo hello world, this is the first task!']
[2022-09-08T10:32:58.048+0000] {subprocess.py:85} INFO - Output:
[2022-09-08T10:32:58.062+0000] {subprocess.py:92} INFO - hello world, this is the first task!
[2022-09-08T10:32:58.065+0000] {subprocess.py:96} INFO - Command exited with return code 0
[2022-09-08T10:32:58.436+0000] {taskinstance.py:1412} INFO - Marking task as SUCCESS. dag_id=our_first_dag_v5, task_id=first_task, execution_date=20210906T000000, start_date=20220908T103255, end_date=20220908T103258
[2022-09-08T10:32:58.970+0000] {local_task_job.py:156} INFO - Task exited with return code 0
[2022-09-08T10:32:59.246+0000] {local_task_job.py:279} INFO - 0 downstream tasks scheduled from follow-on schedule check
