[2022-09-08T11:32:35.609+0000] {taskinstance.py:1171} INFO - Dependencies all met for <TaskInstance: second_dag_v2.python_la_so_1 scheduled__2022-09-06T00:00:00+00:00 [queued]>
[2022-09-08T11:32:35.618+0000] {taskinstance.py:1171} INFO - Dependencies all met for <TaskInstance: second_dag_v2.python_la_so_1 scheduled__2022-09-06T00:00:00+00:00 [queued]>
[2022-09-08T11:32:35.618+0000] {taskinstance.py:1368} INFO - 
--------------------------------------------------------------------------------
[2022-09-08T11:32:35.619+0000] {taskinstance.py:1369} INFO - Starting attempt 1 of 6
[2022-09-08T11:32:35.620+0000] {taskinstance.py:1370} INFO - 
--------------------------------------------------------------------------------
[2022-09-08T11:32:35.629+0000] {taskinstance.py:1389} INFO - Executing <Task(PythonOperator): python_la_so_1> on 2022-09-06 00:00:00+00:00
[2022-09-08T11:32:35.633+0000] {standard_task_runner.py:52} INFO - Started process 2139 to run task
[2022-09-08T11:32:35.635+0000] {standard_task_runner.py:79} INFO - Running: ['***', 'tasks', 'run', 'second_dag_v2', 'python_la_so_1', 'scheduled__2022-09-06T00:00:00+00:00', '--job-id', '37', '--raw', '--subdir', 'DAGS_FOLDER/create_dag_with_python_operator.py', '--cfg-path', '/tmp/tmp0stwv2r1', '--error-file', '/tmp/tmp5gzoa4wh']
[2022-09-08T11:32:35.637+0000] {standard_task_runner.py:80} INFO - Job 37: Subtask python_la_so_1
[2022-09-08T11:32:35.676+0000] {task_command.py:371} INFO - Running <TaskInstance: second_dag_v2.python_la_so_1 scheduled__2022-09-06T00:00:00+00:00 [running]> on host e458dbb0fb9f
[2022-09-08T11:32:35.721+0000] {taskinstance.py:1583} INFO - Exporting the following env vars:
AIRFLOW_CTX_DAG_OWNER=coder2j
AIRFLOW_CTX_DAG_ID=second_dag_v2
AIRFLOW_CTX_TASK_ID=python_la_so_1
AIRFLOW_CTX_EXECUTION_DATE=2022-09-06T00:00:00+00:00
AIRFLOW_CTX_TRY_NUMBER=1
AIRFLOW_CTX_DAG_RUN_ID=scheduled__2022-09-06T00:00:00+00:00
[2022-09-08T11:32:35.722+0000] {logging_mixin.py:115} INFO - hello world cong and I comment tao se giet het tui bay
[2022-09-08T11:32:35.723+0000] {python.py:173} INFO - Done. Returned value was: None
[2022-09-08T11:32:35.922+0000] {taskinstance.py:1412} INFO - Marking task as SUCCESS. dag_id=second_dag_v2, task_id=python_la_so_1, execution_date=20220906T000000, start_date=20220908T113235, end_date=20220908T113235
[2022-09-08T11:32:35.972+0000] {local_task_job.py:156} INFO - Task exited with return code 0
[2022-09-08T11:32:35.993+0000] {local_task_job.py:279} INFO - 0 downstream tasks scheduled from follow-on schedule check
