[2022-09-08T10:32:57.155+0000] {taskinstance.py:1171} INFO - Dependencies all met for <TaskInstance: our_first_dag_v5.thrid_task scheduled__2021-09-01T00:00:00+00:00 [queued]>
[2022-09-08T10:32:57.285+0000] {taskinstance.py:1171} INFO - Dependencies all met for <TaskInstance: our_first_dag_v5.thrid_task scheduled__2021-09-01T00:00:00+00:00 [queued]>
[2022-09-08T10:32:57.286+0000] {taskinstance.py:1368} INFO - 
--------------------------------------------------------------------------------
[2022-09-08T10:32:57.287+0000] {taskinstance.py:1369} INFO - Starting attempt 1 of 6
[2022-09-08T10:32:57.289+0000] {taskinstance.py:1370} INFO - 
--------------------------------------------------------------------------------
[2022-09-08T10:32:57.422+0000] {taskinstance.py:1389} INFO - Executing <Task(BashOperator): thrid_task> on 2021-09-01 00:00:00+00:00
[2022-09-08T10:32:57.465+0000] {standard_task_runner.py:52} INFO - Started process 3627 to run task
[2022-09-08T10:32:57.495+0000] {standard_task_runner.py:79} INFO - Running: ['***', 'tasks', 'run', 'our_first_dag_v5', 'thrid_task', 'scheduled__2021-09-01T00:00:00+00:00', '--job-id', '115', '--raw', '--subdir', 'DAGS_FOLDER/example_dags.py', '--cfg-path', '/tmp/tmpeuz_xy_h', '--error-file', '/tmp/tmp5o2ante4']
[2022-09-08T10:32:57.521+0000] {standard_task_runner.py:80} INFO - Job 115: Subtask thrid_task
[2022-09-08T10:32:57.945+0000] {task_command.py:371} INFO - Running <TaskInstance: our_first_dag_v5.thrid_task scheduled__2021-09-01T00:00:00+00:00 [running]> on host c56eb7ae2624
[2022-09-08T10:33:03.841+0000] {taskinstance.py:1583} INFO - Exporting the following env vars:
AIRFLOW_CTX_DAG_OWNER=coder2j
AIRFLOW_CTX_DAG_ID=our_first_dag_v5
AIRFLOW_CTX_TASK_ID=thrid_task
AIRFLOW_CTX_EXECUTION_DATE=2021-09-01T00:00:00+00:00
AIRFLOW_CTX_TRY_NUMBER=1
AIRFLOW_CTX_DAG_RUN_ID=scheduled__2021-09-01T00:00:00+00:00
[2022-09-08T10:33:03.891+0000] {subprocess.py:62} INFO - Tmp dir root location: 
 /tmp
[2022-09-08T10:33:03.902+0000] {subprocess.py:74} INFO - Running command: ['/bin/bash', '-c', 'echo hey, I am task3 and will be running after task1 at the same time as task2!']
[2022-09-08T10:33:04.109+0000] {subprocess.py:85} INFO - Output:
[2022-09-08T10:33:04.129+0000] {subprocess.py:92} INFO - hey, I am task3 and will be running after task1 at the same time as task2!
[2022-09-08T10:33:04.171+0000] {subprocess.py:96} INFO - Command exited with return code 0
[2022-09-08T10:33:05.076+0000] {taskinstance.py:1412} INFO - Marking task as SUCCESS. dag_id=our_first_dag_v5, task_id=thrid_task, execution_date=20210901T000000, start_date=20220908T103257, end_date=20220908T103305
[2022-09-08T10:33:06.240+0000] {local_task_job.py:156} INFO - Task exited with return code 0
[2022-09-08T10:33:06.506+0000] {local_task_job.py:279} INFO - 0 downstream tasks scheduled from follow-on schedule check
