[2022-09-08T10:32:33.563+0000] {taskinstance.py:1171} INFO - Dependencies all met for <TaskInstance: our_first_dag_v5.thrid_task scheduled__2021-08-19T00:00:00+00:00 [queued]>
[2022-09-08T10:32:33.738+0000] {taskinstance.py:1171} INFO - Dependencies all met for <TaskInstance: our_first_dag_v5.thrid_task scheduled__2021-08-19T00:00:00+00:00 [queued]>
[2022-09-08T10:32:33.743+0000] {taskinstance.py:1368} INFO - 
--------------------------------------------------------------------------------
[2022-09-08T10:32:33.757+0000] {taskinstance.py:1369} INFO - Starting attempt 1 of 6
[2022-09-08T10:32:33.763+0000] {taskinstance.py:1370} INFO - 
--------------------------------------------------------------------------------
[2022-09-08T10:32:33.952+0000] {taskinstance.py:1389} INFO - Executing <Task(BashOperator): thrid_task> on 2021-08-19 00:00:00+00:00
[2022-09-08T10:32:33.975+0000] {standard_task_runner.py:52} INFO - Started process 3493 to run task
[2022-09-08T10:32:34.110+0000] {standard_task_runner.py:79} INFO - Running: ['***', 'tasks', 'run', 'our_first_dag_v5', 'thrid_task', 'scheduled__2021-08-19T00:00:00+00:00', '--job-id', '80', '--raw', '--subdir', 'DAGS_FOLDER/example_dags.py', '--cfg-path', '/tmp/tmp7h225a95', '--error-file', '/tmp/tmp1muwvmx8']
[2022-09-08T10:32:34.126+0000] {standard_task_runner.py:80} INFO - Job 80: Subtask thrid_task
[2022-09-08T10:32:34.885+0000] {task_command.py:371} INFO - Running <TaskInstance: our_first_dag_v5.thrid_task scheduled__2021-08-19T00:00:00+00:00 [running]> on host c56eb7ae2624
[2022-09-08T10:32:40.771+0000] {taskinstance.py:1583} INFO - Exporting the following env vars:
AIRFLOW_CTX_DAG_OWNER=coder2j
AIRFLOW_CTX_DAG_ID=our_first_dag_v5
AIRFLOW_CTX_TASK_ID=thrid_task
AIRFLOW_CTX_EXECUTION_DATE=2021-08-19T00:00:00+00:00
AIRFLOW_CTX_TRY_NUMBER=1
AIRFLOW_CTX_DAG_RUN_ID=scheduled__2021-08-19T00:00:00+00:00
[2022-09-08T10:32:40.781+0000] {subprocess.py:62} INFO - Tmp dir root location: 
 /tmp
[2022-09-08T10:32:40.799+0000] {subprocess.py:74} INFO - Running command: ['/bin/bash', '-c', 'echo hey, I am task3 and will be running after task1 at the same time as task2!']
[2022-09-08T10:32:41.033+0000] {subprocess.py:85} INFO - Output:
[2022-09-08T10:32:41.059+0000] {subprocess.py:92} INFO - hey, I am task3 and will be running after task1 at the same time as task2!
[2022-09-08T10:32:41.067+0000] {subprocess.py:96} INFO - Command exited with return code 0
[2022-09-08T10:32:41.265+0000] {taskinstance.py:1412} INFO - Marking task as SUCCESS. dag_id=our_first_dag_v5, task_id=thrid_task, execution_date=20210819T000000, start_date=20220908T103233, end_date=20220908T103241
[2022-09-08T10:32:42.274+0000] {local_task_job.py:156} INFO - Task exited with return code 0
[2022-09-08T10:32:42.693+0000] {local_task_job.py:279} INFO - 0 downstream tasks scheduled from follow-on schedule check
