[2022-09-08T11:12:27.756+0000] {taskinstance.py:1171} INFO - Dependencies all met for <TaskInstance: first_dag_v12.first_task manual__2022-09-08T11:12:27.257199+00:00 [queued]>
[2022-09-08T11:12:27.762+0000] {taskinstance.py:1171} INFO - Dependencies all met for <TaskInstance: first_dag_v12.first_task manual__2022-09-08T11:12:27.257199+00:00 [queued]>
[2022-09-08T11:12:27.763+0000] {taskinstance.py:1368} INFO - 
--------------------------------------------------------------------------------
[2022-09-08T11:12:27.764+0000] {taskinstance.py:1369} INFO - Starting attempt 1 of 6
[2022-09-08T11:12:27.764+0000] {taskinstance.py:1370} INFO - 
--------------------------------------------------------------------------------
[2022-09-08T11:12:27.773+0000] {taskinstance.py:1389} INFO - Executing <Task(BashOperator): first_task> on 2022-09-08 11:12:27.257199+00:00
[2022-09-08T11:12:27.777+0000] {standard_task_runner.py:52} INFO - Started process 761 to run task
[2022-09-08T11:12:27.779+0000] {standard_task_runner.py:79} INFO - Running: ['***', 'tasks', 'run', 'first_dag_v12', 'first_task', 'manual__2022-09-08T11:12:27.257199+00:00', '--job-id', '18', '--raw', '--subdir', 'DAGS_FOLDER/example_dags.py', '--cfg-path', '/tmp/tmpcew1wygp', '--error-file', '/tmp/tmpp13shj8u']
[2022-09-08T11:12:27.781+0000] {standard_task_runner.py:80} INFO - Job 18: Subtask first_task
[2022-09-08T11:12:27.821+0000] {task_command.py:371} INFO - Running <TaskInstance: first_dag_v12.first_task manual__2022-09-08T11:12:27.257199+00:00 [running]> on host e458dbb0fb9f
[2022-09-08T11:12:27.862+0000] {taskinstance.py:1583} INFO - Exporting the following env vars:
AIRFLOW_CTX_DAG_OWNER=coder2j
AIRFLOW_CTX_DAG_ID=first_dag_v12
AIRFLOW_CTX_TASK_ID=first_task
AIRFLOW_CTX_EXECUTION_DATE=2022-09-08T11:12:27.257199+00:00
AIRFLOW_CTX_TRY_NUMBER=1
AIRFLOW_CTX_DAG_RUN_ID=manual__2022-09-08T11:12:27.257199+00:00
[2022-09-08T11:12:27.864+0000] {subprocess.py:62} INFO - Tmp dir root location: 
 /tmp
[2022-09-08T11:12:27.865+0000] {subprocess.py:74} INFO - Running command: ['/bin/bash', '-c', 'echo tao la Dinh chi cong!']
[2022-09-08T11:12:27.872+0000] {subprocess.py:85} INFO - Output:
[2022-09-08T11:12:27.873+0000] {subprocess.py:92} INFO - tao la Dinh chi cong!
[2022-09-08T11:12:27.874+0000] {subprocess.py:96} INFO - Command exited with return code 0
[2022-09-08T11:12:27.979+0000] {taskinstance.py:1412} INFO - Marking task as SUCCESS. dag_id=first_dag_v12, task_id=first_task, execution_date=20220908T111227, start_date=20220908T111227, end_date=20220908T111227
[2022-09-08T11:12:28.036+0000] {local_task_job.py:156} INFO - Task exited with return code 0
[2022-09-08T11:12:28.058+0000] {local_task_job.py:279} INFO - 1 downstream tasks scheduled from follow-on schedule check
