[2022-09-08T11:17:17.151+0000] {taskinstance.py:1171} INFO - Dependencies all met for <TaskInstance: first_dag_v13.first_task manual__2022-09-08T11:17:15.889006+00:00 [queued]>
[2022-09-08T11:17:17.157+0000] {taskinstance.py:1171} INFO - Dependencies all met for <TaskInstance: first_dag_v13.first_task manual__2022-09-08T11:17:15.889006+00:00 [queued]>
[2022-09-08T11:17:17.158+0000] {taskinstance.py:1368} INFO - 
--------------------------------------------------------------------------------
[2022-09-08T11:17:17.158+0000] {taskinstance.py:1369} INFO - Starting attempt 1 of 6
[2022-09-08T11:17:17.159+0000] {taskinstance.py:1370} INFO - 
--------------------------------------------------------------------------------
[2022-09-08T11:17:17.166+0000] {taskinstance.py:1389} INFO - Executing <Task(BashOperator): first_task> on 2022-09-08 11:17:15.889006+00:00
[2022-09-08T11:17:17.170+0000] {standard_task_runner.py:52} INFO - Started process 1087 to run task
[2022-09-08T11:17:17.173+0000] {standard_task_runner.py:79} INFO - Running: ['***', 'tasks', 'run', 'first_dag_v13', 'first_task', 'manual__2022-09-08T11:17:15.889006+00:00', '--job-id', '26', '--raw', '--subdir', 'DAGS_FOLDER/example_dags.py', '--cfg-path', '/tmp/tmpb2zzi092', '--error-file', '/tmp/tmpchz42i9a']
[2022-09-08T11:17:17.174+0000] {standard_task_runner.py:80} INFO - Job 26: Subtask first_task
[2022-09-08T11:17:17.215+0000] {task_command.py:371} INFO - Running <TaskInstance: first_dag_v13.first_task manual__2022-09-08T11:17:15.889006+00:00 [running]> on host e458dbb0fb9f
[2022-09-08T11:17:17.255+0000] {taskinstance.py:1583} INFO - Exporting the following env vars:
AIRFLOW_CTX_DAG_OWNER=coder2j
AIRFLOW_CTX_DAG_ID=first_dag_v13
AIRFLOW_CTX_TASK_ID=first_task
AIRFLOW_CTX_EXECUTION_DATE=2022-09-08T11:17:15.889006+00:00
AIRFLOW_CTX_TRY_NUMBER=1
AIRFLOW_CTX_DAG_RUN_ID=manual__2022-09-08T11:17:15.889006+00:00
[2022-09-08T11:17:17.257+0000] {subprocess.py:62} INFO - Tmp dir root location: 
 /tmp
[2022-09-08T11:17:17.258+0000] {subprocess.py:74} INFO - Running command: ['/bin/bash', '-c', 'echo tao la Dinh chi cong!']
[2022-09-08T11:17:17.265+0000] {subprocess.py:85} INFO - Output:
[2022-09-08T11:17:17.266+0000] {subprocess.py:92} INFO - tao la Dinh chi cong!
[2022-09-08T11:17:17.267+0000] {subprocess.py:96} INFO - Command exited with return code 0
[2022-09-08T11:17:17.421+0000] {taskinstance.py:1412} INFO - Marking task as SUCCESS. dag_id=first_dag_v13, task_id=first_task, execution_date=20220908T111715, start_date=20220908T111717, end_date=20220908T111717
[2022-09-08T11:17:17.469+0000] {local_task_job.py:156} INFO - Task exited with return code 0
[2022-09-08T11:17:17.492+0000] {local_task_job.py:279} INFO - 2 downstream tasks scheduled from follow-on schedule check
