[2022-09-08T14:29:47.921+0000] {taskinstance.py:1171} INFO - Dependencies all met for <TaskInstance: second_dag_v5.python2 scheduled__2022-09-07T00:00:00+00:00 [queued]>
[2022-09-08T14:29:47.931+0000] {taskinstance.py:1171} INFO - Dependencies all met for <TaskInstance: second_dag_v5.python2 scheduled__2022-09-07T00:00:00+00:00 [queued]>
[2022-09-08T14:29:47.933+0000] {taskinstance.py:1368} INFO - 
--------------------------------------------------------------------------------
[2022-09-08T14:29:47.935+0000] {taskinstance.py:1369} INFO - Starting attempt 1 of 6
[2022-09-08T14:29:47.936+0000] {taskinstance.py:1370} INFO - 
--------------------------------------------------------------------------------
[2022-09-08T14:29:47.947+0000] {taskinstance.py:1389} INFO - Executing <Task(PythonOperator): python2> on 2022-09-07 00:00:00+00:00
[2022-09-08T14:29:47.952+0000] {standard_task_runner.py:52} INFO - Started process 1001 to run task
[2022-09-08T14:29:47.956+0000] {standard_task_runner.py:79} INFO - Running: ['***', 'tasks', 'run', 'second_dag_v5', 'python2', 'scheduled__2022-09-07T00:00:00+00:00', '--job-id', '73', '--raw', '--subdir', 'DAGS_FOLDER/create_dag_with_python_operator.py', '--cfg-path', '/tmp/tmpapdty2al', '--error-file', '/tmp/tmpglv2ekat']
[2022-09-08T14:29:47.961+0000] {standard_task_runner.py:80} INFO - Job 73: Subtask python2
[2022-09-08T14:29:48.037+0000] {task_command.py:371} INFO - Running <TaskInstance: second_dag_v5.python2 scheduled__2022-09-07T00:00:00+00:00 [running]> on host e458dbb0fb9f
[2022-09-08T14:29:48.447+0000] {taskinstance.py:1583} INFO - Exporting the following env vars:
AIRFLOW_CTX_DAG_OWNER=coder2j
AIRFLOW_CTX_DAG_ID=second_dag_v5
AIRFLOW_CTX_TASK_ID=python2
AIRFLOW_CTX_EXECUTION_DATE=2022-09-07T00:00:00+00:00
AIRFLOW_CTX_TRY_NUMBER=1
AIRFLOW_CTX_DAG_RUN_ID=scheduled__2022-09-07T00:00:00+00:00
[2022-09-08T14:29:48.465+0000] {python.py:173} INFO - Done. Returned value was: vua trai dat
[2022-09-08T14:29:48.632+0000] {taskinstance.py:1412} INFO - Marking task as SUCCESS. dag_id=second_dag_v5, task_id=python2, execution_date=20220907T000000, start_date=20220908T142947, end_date=20220908T142948
[2022-09-08T14:29:48.704+0000] {local_task_job.py:156} INFO - Task exited with return code 0
[2022-09-08T14:29:48.780+0000] {local_task_job.py:279} INFO - 0 downstream tasks scheduled from follow-on schedule check
