[2022-09-08T11:37:11.045+0000] {taskinstance.py:1171} INFO - Dependencies all met for <TaskInstance: second_dag_v3.python2 scheduled__2022-09-06T00:00:00+00:00 [queued]>
[2022-09-08T11:37:11.053+0000] {taskinstance.py:1171} INFO - Dependencies all met for <TaskInstance: second_dag_v3.python2 scheduled__2022-09-06T00:00:00+00:00 [queued]>
[2022-09-08T11:37:11.053+0000] {taskinstance.py:1368} INFO - 
--------------------------------------------------------------------------------
[2022-09-08T11:37:11.054+0000] {taskinstance.py:1369} INFO - Starting attempt 1 of 6
[2022-09-08T11:37:11.055+0000] {taskinstance.py:1370} INFO - 
--------------------------------------------------------------------------------
[2022-09-08T11:37:11.064+0000] {taskinstance.py:1389} INFO - Executing <Task(PythonOperator): python2> on 2022-09-06 00:00:00+00:00
[2022-09-08T11:37:11.069+0000] {standard_task_runner.py:52} INFO - Started process 2467 to run task
[2022-09-08T11:37:11.071+0000] {standard_task_runner.py:79} INFO - Running: ['***', 'tasks', 'run', 'second_dag_v3', 'python2', 'scheduled__2022-09-06T00:00:00+00:00', '--job-id', '39', '--raw', '--subdir', 'DAGS_FOLDER/create_dag_with_python_operator.py', '--cfg-path', '/tmp/tmp6xjxwtxh', '--error-file', '/tmp/tmp277fedfj']
[2022-09-08T11:37:11.073+0000] {standard_task_runner.py:80} INFO - Job 39: Subtask python2
[2022-09-08T11:37:11.119+0000] {task_command.py:371} INFO - Running <TaskInstance: second_dag_v3.python2 scheduled__2022-09-06T00:00:00+00:00 [running]> on host e458dbb0fb9f
[2022-09-08T11:37:11.167+0000] {taskinstance.py:1583} INFO - Exporting the following env vars:
AIRFLOW_CTX_DAG_OWNER=coder2j
AIRFLOW_CTX_DAG_ID=second_dag_v3
AIRFLOW_CTX_TASK_ID=python2
AIRFLOW_CTX_EXECUTION_DATE=2022-09-06T00:00:00+00:00
AIRFLOW_CTX_TRY_NUMBER=1
AIRFLOW_CTX_DAG_RUN_ID=scheduled__2022-09-06T00:00:00+00:00
[2022-09-08T11:37:11.168+0000] {python.py:173} INFO - Done. Returned value was: vua trai dat
[2022-09-08T11:37:11.407+0000] {taskinstance.py:1412} INFO - Marking task as SUCCESS. dag_id=second_dag_v3, task_id=python2, execution_date=20220906T000000, start_date=20220908T113711, end_date=20220908T113711
[2022-09-08T11:37:11.491+0000] {local_task_job.py:156} INFO - Task exited with return code 0
[2022-09-08T11:37:11.553+0000] {local_task_job.py:279} INFO - 0 downstream tasks scheduled from follow-on schedule check
