[2022-09-08T11:18:27.186+0000] {taskinstance.py:1171} INFO - Dependencies all met for <TaskInstance: first_dag_v14.third_task scheduled__2022-09-07T00:00:00+00:00 [queued]>
[2022-09-08T11:18:27.195+0000] {taskinstance.py:1171} INFO - Dependencies all met for <TaskInstance: first_dag_v14.third_task scheduled__2022-09-07T00:00:00+00:00 [queued]>
[2022-09-08T11:18:27.196+0000] {taskinstance.py:1368} INFO - 
--------------------------------------------------------------------------------
[2022-09-08T11:18:27.198+0000] {taskinstance.py:1369} INFO - Starting attempt 1 of 6
[2022-09-08T11:18:27.199+0000] {taskinstance.py:1370} INFO - 
--------------------------------------------------------------------------------
[2022-09-08T11:18:27.214+0000] {taskinstance.py:1389} INFO - Executing <Task(BashOperator): third_task> on 2022-09-07 00:00:00+00:00
[2022-09-08T11:18:27.221+0000] {standard_task_runner.py:52} INFO - Started process 1183 to run task
[2022-09-08T11:18:27.224+0000] {standard_task_runner.py:79} INFO - Running: ['***', 'tasks', 'run', 'first_dag_v14', 'third_task', 'scheduled__2022-09-07T00:00:00+00:00', '--job-id', '34', '--raw', '--subdir', 'DAGS_FOLDER/example_dags.py', '--cfg-path', '/tmp/tmp3kjba9ks', '--error-file', '/tmp/tmp88o220cg']
[2022-09-08T11:18:27.226+0000] {standard_task_runner.py:80} INFO - Job 34: Subtask third_task
[2022-09-08T11:18:27.282+0000] {task_command.py:371} INFO - Running <TaskInstance: first_dag_v14.third_task scheduled__2022-09-07T00:00:00+00:00 [running]> on host e458dbb0fb9f
[2022-09-08T11:18:27.364+0000] {taskinstance.py:1583} INFO - Exporting the following env vars:
AIRFLOW_CTX_DAG_OWNER=coder2j
AIRFLOW_CTX_DAG_ID=first_dag_v14
AIRFLOW_CTX_TASK_ID=third_task
AIRFLOW_CTX_EXECUTION_DATE=2022-09-07T00:00:00+00:00
AIRFLOW_CTX_TRY_NUMBER=1
AIRFLOW_CTX_DAG_RUN_ID=scheduled__2022-09-07T00:00:00+00:00
[2022-09-08T11:18:27.368+0000] {subprocess.py:62} INFO - Tmp dir root location: 
 /tmp
[2022-09-08T11:18:27.370+0000] {subprocess.py:74} INFO - Running command: ['/bin/bash', '-c', 'echo Vai lon luon']
[2022-09-08T11:18:27.385+0000] {subprocess.py:85} INFO - Output:
[2022-09-08T11:18:27.388+0000] {subprocess.py:92} INFO - Vai lon luon
[2022-09-08T11:18:27.389+0000] {subprocess.py:96} INFO - Command exited with return code 0
[2022-09-08T11:18:27.671+0000] {taskinstance.py:1412} INFO - Marking task as SUCCESS. dag_id=first_dag_v14, task_id=third_task, execution_date=20220907T000000, start_date=20220908T111827, end_date=20220908T111827
[2022-09-08T11:18:27.723+0000] {local_task_job.py:156} INFO - Task exited with return code 0
[2022-09-08T11:18:27.744+0000] {local_task_job.py:279} INFO - 0 downstream tasks scheduled from follow-on schedule check
