[2022-09-08T10:32:07.389+0000] {taskinstance.py:1171} INFO - Dependencies all met for <TaskInstance: our_first_dag_v5.second_task scheduled__2021-08-06T00:00:00+00:00 [queued]>
[2022-09-08T10:32:07.458+0000] {taskinstance.py:1171} INFO - Dependencies all met for <TaskInstance: our_first_dag_v5.second_task scheduled__2021-08-06T00:00:00+00:00 [queued]>
[2022-09-08T10:32:07.465+0000] {taskinstance.py:1368} INFO - 
--------------------------------------------------------------------------------
[2022-09-08T10:32:07.466+0000] {taskinstance.py:1369} INFO - Starting attempt 1 of 6
[2022-09-08T10:32:07.467+0000] {taskinstance.py:1370} INFO - 
--------------------------------------------------------------------------------
[2022-09-08T10:32:07.597+0000] {taskinstance.py:1389} INFO - Executing <Task(BashOperator): second_task> on 2021-08-06 00:00:00+00:00
[2022-09-08T10:32:07.677+0000] {standard_task_runner.py:52} INFO - Started process 3353 to run task
[2022-09-08T10:32:07.806+0000] {standard_task_runner.py:79} INFO - Running: ['***', 'tasks', 'run', 'our_first_dag_v5', 'second_task', 'scheduled__2021-08-06T00:00:00+00:00', '--job-id', '37', '--raw', '--subdir', 'DAGS_FOLDER/example_dags.py', '--cfg-path', '/tmp/tmp932rqeni', '--error-file', '/tmp/tmpx2ww9b1f']
[2022-09-08T10:32:08.028+0000] {standard_task_runner.py:80} INFO - Job 37: Subtask second_task
[2022-09-08T10:32:09.329+0000] {task_command.py:371} INFO - Running <TaskInstance: our_first_dag_v5.second_task scheduled__2021-08-06T00:00:00+00:00 [running]> on host c56eb7ae2624
[2022-09-08T10:32:16.738+0000] {taskinstance.py:1583} INFO - Exporting the following env vars:
AIRFLOW_CTX_DAG_OWNER=coder2j
AIRFLOW_CTX_DAG_ID=our_first_dag_v5
AIRFLOW_CTX_TASK_ID=second_task
AIRFLOW_CTX_EXECUTION_DATE=2021-08-06T00:00:00+00:00
AIRFLOW_CTX_TRY_NUMBER=1
AIRFLOW_CTX_DAG_RUN_ID=scheduled__2021-08-06T00:00:00+00:00
[2022-09-08T10:32:16.757+0000] {subprocess.py:62} INFO - Tmp dir root location: 
 /tmp
[2022-09-08T10:32:16.772+0000] {subprocess.py:74} INFO - Running command: ['/bin/bash', '-c', 'echo hey, I am task2 and will be running after task1!']
[2022-09-08T10:32:16.949+0000] {subprocess.py:85} INFO - Output:
[2022-09-08T10:32:16.977+0000] {subprocess.py:92} INFO - hey, I am task2 and will be running after task1!
[2022-09-08T10:32:16.986+0000] {subprocess.py:96} INFO - Command exited with return code 0
[2022-09-08T10:32:17.554+0000] {taskinstance.py:1412} INFO - Marking task as SUCCESS. dag_id=our_first_dag_v5, task_id=second_task, execution_date=20210806T000000, start_date=20220908T103207, end_date=20220908T103217
[2022-09-08T10:32:18.058+0000] {local_task_job.py:156} INFO - Task exited with return code 0
[2022-09-08T10:32:18.265+0000] {local_task_job.py:279} INFO - 0 downstream tasks scheduled from follow-on schedule check
