[2022-09-08T11:42:26.516+0000] {taskinstance.py:1171} INFO - Dependencies all met for <TaskInstance: second_dag_v4.python2 manual__2022-09-08T11:42:25.957774+00:00 [queued]>
[2022-09-08T11:42:26.523+0000] {taskinstance.py:1171} INFO - Dependencies all met for <TaskInstance: second_dag_v4.python2 manual__2022-09-08T11:42:25.957774+00:00 [queued]>
[2022-09-08T11:42:26.523+0000] {taskinstance.py:1368} INFO - 
--------------------------------------------------------------------------------
[2022-09-08T11:42:26.524+0000] {taskinstance.py:1369} INFO - Starting attempt 1 of 6
[2022-09-08T11:42:26.525+0000] {taskinstance.py:1370} INFO - 
--------------------------------------------------------------------------------
[2022-09-08T11:42:26.533+0000] {taskinstance.py:1389} INFO - Executing <Task(PythonOperator): python2> on 2022-09-08 11:42:25.957774+00:00
[2022-09-08T11:42:26.538+0000] {standard_task_runner.py:52} INFO - Started process 2848 to run task
[2022-09-08T11:42:26.541+0000] {standard_task_runner.py:79} INFO - Running: ['***', 'tasks', 'run', 'second_dag_v4', 'python2', 'manual__2022-09-08T11:42:25.957774+00:00', '--job-id', '45', '--raw', '--subdir', 'DAGS_FOLDER/create_dag_with_python_operator.py', '--cfg-path', '/tmp/tmpj1f2kbw1', '--error-file', '/tmp/tmpipo6i1x_']
[2022-09-08T11:42:26.542+0000] {standard_task_runner.py:80} INFO - Job 45: Subtask python2
[2022-09-08T11:42:26.582+0000] {task_command.py:371} INFO - Running <TaskInstance: second_dag_v4.python2 manual__2022-09-08T11:42:25.957774+00:00 [running]> on host e458dbb0fb9f
[2022-09-08T11:42:26.621+0000] {taskinstance.py:1583} INFO - Exporting the following env vars:
AIRFLOW_CTX_DAG_OWNER=coder2j
AIRFLOW_CTX_DAG_ID=second_dag_v4
AIRFLOW_CTX_TASK_ID=python2
AIRFLOW_CTX_EXECUTION_DATE=2022-09-08T11:42:25.957774+00:00
AIRFLOW_CTX_TRY_NUMBER=1
AIRFLOW_CTX_DAG_RUN_ID=manual__2022-09-08T11:42:25.957774+00:00
[2022-09-08T11:42:26.623+0000] {python.py:173} INFO - Done. Returned value was: vua trai dat
[2022-09-08T11:42:26.791+0000] {taskinstance.py:1412} INFO - Marking task as SUCCESS. dag_id=second_dag_v4, task_id=python2, execution_date=20220908T114225, start_date=20220908T114226, end_date=20220908T114226
[2022-09-08T11:42:26.841+0000] {local_task_job.py:156} INFO - Task exited with return code 0
[2022-09-08T11:42:26.866+0000] {local_task_job.py:279} INFO - 1 downstream tasks scheduled from follow-on schedule check
