[2022-09-08T10:32:28.990+0000] {taskinstance.py:1171} INFO - Dependencies all met for <TaskInstance: our_first_dag_v5.second_task scheduled__2021-08-14T00:00:00+00:00 [queued]>
[2022-09-08T10:32:29.058+0000] {taskinstance.py:1171} INFO - Dependencies all met for <TaskInstance: our_first_dag_v5.second_task scheduled__2021-08-14T00:00:00+00:00 [queued]>
[2022-09-08T10:32:29.078+0000] {taskinstance.py:1368} INFO - 
--------------------------------------------------------------------------------
[2022-09-08T10:32:29.086+0000] {taskinstance.py:1369} INFO - Starting attempt 1 of 6
[2022-09-08T10:32:29.096+0000] {taskinstance.py:1370} INFO - 
--------------------------------------------------------------------------------
[2022-09-08T10:32:29.134+0000] {taskinstance.py:1389} INFO - Executing <Task(BashOperator): second_task> on 2021-08-14 00:00:00+00:00
[2022-09-08T10:32:29.166+0000] {standard_task_runner.py:52} INFO - Started process 3462 to run task
[2022-09-08T10:32:29.226+0000] {standard_task_runner.py:79} INFO - Running: ['***', 'tasks', 'run', 'our_first_dag_v5', 'second_task', 'scheduled__2021-08-14T00:00:00+00:00', '--job-id', '67', '--raw', '--subdir', 'DAGS_FOLDER/example_dags.py', '--cfg-path', '/tmp/tmpmr0nl0ja', '--error-file', '/tmp/tmpm2btgac7']
[2022-09-08T10:32:29.243+0000] {standard_task_runner.py:80} INFO - Job 67: Subtask second_task
[2022-09-08T10:32:29.468+0000] {task_command.py:371} INFO - Running <TaskInstance: our_first_dag_v5.second_task scheduled__2021-08-14T00:00:00+00:00 [running]> on host c56eb7ae2624
[2022-09-08T10:32:31.506+0000] {taskinstance.py:1583} INFO - Exporting the following env vars:
AIRFLOW_CTX_DAG_OWNER=coder2j
AIRFLOW_CTX_DAG_ID=our_first_dag_v5
AIRFLOW_CTX_TASK_ID=second_task
AIRFLOW_CTX_EXECUTION_DATE=2021-08-14T00:00:00+00:00
AIRFLOW_CTX_TRY_NUMBER=1
AIRFLOW_CTX_DAG_RUN_ID=scheduled__2021-08-14T00:00:00+00:00
[2022-09-08T10:32:31.529+0000] {subprocess.py:62} INFO - Tmp dir root location: 
 /tmp
[2022-09-08T10:32:31.539+0000] {subprocess.py:74} INFO - Running command: ['/bin/bash', '-c', 'echo hey, I am task2 and will be running after task1!']
[2022-09-08T10:32:31.699+0000] {subprocess.py:85} INFO - Output:
[2022-09-08T10:32:31.720+0000] {subprocess.py:92} INFO - hey, I am task2 and will be running after task1!
[2022-09-08T10:32:31.728+0000] {subprocess.py:96} INFO - Command exited with return code 0
[2022-09-08T10:32:31.987+0000] {taskinstance.py:1412} INFO - Marking task as SUCCESS. dag_id=our_first_dag_v5, task_id=second_task, execution_date=20210814T000000, start_date=20220908T103229, end_date=20220908T103231
[2022-09-08T10:32:33.108+0000] {local_task_job.py:156} INFO - Task exited with return code 0
[2022-09-08T10:32:34.429+0000] {local_task_job.py:279} INFO - 0 downstream tasks scheduled from follow-on schedule check
