[2022-09-08T10:32:37.536+0000] {taskinstance.py:1171} INFO - Dependencies all met for <TaskInstance: our_first_dag_v5.second_task scheduled__2021-08-19T00:00:00+00:00 [queued]>
[2022-09-08T10:32:37.711+0000] {taskinstance.py:1171} INFO - Dependencies all met for <TaskInstance: our_first_dag_v5.second_task scheduled__2021-08-19T00:00:00+00:00 [queued]>
[2022-09-08T10:32:37.713+0000] {taskinstance.py:1368} INFO - 
--------------------------------------------------------------------------------
[2022-09-08T10:32:37.714+0000] {taskinstance.py:1369} INFO - Starting attempt 1 of 6
[2022-09-08T10:32:37.716+0000] {taskinstance.py:1370} INFO - 
--------------------------------------------------------------------------------
[2022-09-08T10:32:37.899+0000] {taskinstance.py:1389} INFO - Executing <Task(BashOperator): second_task> on 2021-08-19 00:00:00+00:00
[2022-09-08T10:32:37.948+0000] {standard_task_runner.py:52} INFO - Started process 3515 to run task
[2022-09-08T10:32:38.019+0000] {standard_task_runner.py:79} INFO - Running: ['***', 'tasks', 'run', 'our_first_dag_v5', 'second_task', 'scheduled__2021-08-19T00:00:00+00:00', '--job-id', '82', '--raw', '--subdir', 'DAGS_FOLDER/example_dags.py', '--cfg-path', '/tmp/tmpr8w_7rs8', '--error-file', '/tmp/tmpmnmf2le9']
[2022-09-08T10:32:38.039+0000] {standard_task_runner.py:80} INFO - Job 82: Subtask second_task
[2022-09-08T10:32:38.500+0000] {task_command.py:371} INFO - Running <TaskInstance: our_first_dag_v5.second_task scheduled__2021-08-19T00:00:00+00:00 [running]> on host c56eb7ae2624
[2022-09-08T10:32:42.287+0000] {taskinstance.py:1583} INFO - Exporting the following env vars:
AIRFLOW_CTX_DAG_OWNER=coder2j
AIRFLOW_CTX_DAG_ID=our_first_dag_v5
AIRFLOW_CTX_TASK_ID=second_task
AIRFLOW_CTX_EXECUTION_DATE=2021-08-19T00:00:00+00:00
AIRFLOW_CTX_TRY_NUMBER=1
AIRFLOW_CTX_DAG_RUN_ID=scheduled__2021-08-19T00:00:00+00:00
[2022-09-08T10:32:42.294+0000] {subprocess.py:62} INFO - Tmp dir root location: 
 /tmp
[2022-09-08T10:32:42.301+0000] {subprocess.py:74} INFO - Running command: ['/bin/bash', '-c', 'echo hey, I am task2 and will be running after task1!']
[2022-09-08T10:32:42.589+0000] {subprocess.py:85} INFO - Output:
[2022-09-08T10:32:42.635+0000] {subprocess.py:92} INFO - hey, I am task2 and will be running after task1!
[2022-09-08T10:32:42.658+0000] {subprocess.py:96} INFO - Command exited with return code 0
[2022-09-08T10:32:43.709+0000] {taskinstance.py:1412} INFO - Marking task as SUCCESS. dag_id=our_first_dag_v5, task_id=second_task, execution_date=20210819T000000, start_date=20220908T103237, end_date=20220908T103243
[2022-09-08T10:32:44.732+0000] {local_task_job.py:156} INFO - Task exited with return code 0
[2022-09-08T10:32:44.980+0000] {local_task_job.py:279} INFO - 0 downstream tasks scheduled from follow-on schedule check
