[2022-09-08T11:18:27.105+0000] {taskinstance.py:1171} INFO - Dependencies all met for <TaskInstance: first_dag_v14.third_task scheduled__2022-09-06T00:00:00+00:00 [queued]>
[2022-09-08T11:18:27.119+0000] {taskinstance.py:1171} INFO - Dependencies all met for <TaskInstance: first_dag_v14.third_task scheduled__2022-09-06T00:00:00+00:00 [queued]>
[2022-09-08T11:18:27.121+0000] {taskinstance.py:1368} INFO - 
--------------------------------------------------------------------------------
[2022-09-08T11:18:27.122+0000] {taskinstance.py:1369} INFO - Starting attempt 1 of 6
[2022-09-08T11:18:27.124+0000] {taskinstance.py:1370} INFO - 
--------------------------------------------------------------------------------
[2022-09-08T11:18:27.137+0000] {taskinstance.py:1389} INFO - Executing <Task(BashOperator): third_task> on 2022-09-06 00:00:00+00:00
[2022-09-08T11:18:27.142+0000] {standard_task_runner.py:52} INFO - Started process 1180 to run task
[2022-09-08T11:18:27.145+0000] {standard_task_runner.py:79} INFO - Running: ['***', 'tasks', 'run', 'first_dag_v14', 'third_task', 'scheduled__2022-09-06T00:00:00+00:00', '--job-id', '31', '--raw', '--subdir', 'DAGS_FOLDER/example_dags.py', '--cfg-path', '/tmp/tmpw6c95yve', '--error-file', '/tmp/tmpl43rzkoc']
[2022-09-08T11:18:27.147+0000] {standard_task_runner.py:80} INFO - Job 31: Subtask third_task
[2022-09-08T11:18:27.208+0000] {task_command.py:371} INFO - Running <TaskInstance: first_dag_v14.third_task scheduled__2022-09-06T00:00:00+00:00 [running]> on host e458dbb0fb9f
[2022-09-08T11:18:27.280+0000] {taskinstance.py:1583} INFO - Exporting the following env vars:
AIRFLOW_CTX_DAG_OWNER=coder2j
AIRFLOW_CTX_DAG_ID=first_dag_v14
AIRFLOW_CTX_TASK_ID=third_task
AIRFLOW_CTX_EXECUTION_DATE=2022-09-06T00:00:00+00:00
AIRFLOW_CTX_TRY_NUMBER=1
AIRFLOW_CTX_DAG_RUN_ID=scheduled__2022-09-06T00:00:00+00:00
[2022-09-08T11:18:27.284+0000] {subprocess.py:62} INFO - Tmp dir root location: 
 /tmp
[2022-09-08T11:18:27.285+0000] {subprocess.py:74} INFO - Running command: ['/bin/bash', '-c', 'echo Vai lon luon']
[2022-09-08T11:18:27.296+0000] {subprocess.py:85} INFO - Output:
[2022-09-08T11:18:27.297+0000] {subprocess.py:92} INFO - Vai lon luon
[2022-09-08T11:18:27.299+0000] {subprocess.py:96} INFO - Command exited with return code 0
[2022-09-08T11:18:27.507+0000] {taskinstance.py:1412} INFO - Marking task as SUCCESS. dag_id=first_dag_v14, task_id=third_task, execution_date=20220906T000000, start_date=20220908T111827, end_date=20220908T111827
[2022-09-08T11:18:27.563+0000] {local_task_job.py:156} INFO - Task exited with return code 0
[2022-09-08T11:18:27.643+0000] {local_task_job.py:279} INFO - 0 downstream tasks scheduled from follow-on schedule check
