[2022-09-08T11:17:08.994+0000] {taskinstance.py:1171} INFO - Dependencies all met for <TaskInstance: first_dag_v13.third_task scheduled__2022-09-06T00:00:00+00:00 [queued]>
[2022-09-08T11:17:09.002+0000] {taskinstance.py:1171} INFO - Dependencies all met for <TaskInstance: first_dag_v13.third_task scheduled__2022-09-06T00:00:00+00:00 [queued]>
[2022-09-08T11:17:09.003+0000] {taskinstance.py:1368} INFO - 
--------------------------------------------------------------------------------
[2022-09-08T11:17:09.004+0000] {taskinstance.py:1369} INFO - Starting attempt 1 of 6
[2022-09-08T11:17:09.005+0000] {taskinstance.py:1370} INFO - 
--------------------------------------------------------------------------------
[2022-09-08T11:17:09.016+0000] {taskinstance.py:1389} INFO - Executing <Task(BashOperator): third_task> on 2022-09-06 00:00:00+00:00
[2022-09-08T11:17:09.020+0000] {standard_task_runner.py:52} INFO - Started process 1072 to run task
[2022-09-08T11:17:09.025+0000] {standard_task_runner.py:79} INFO - Running: ['***', 'tasks', 'run', 'first_dag_v13', 'third_task', 'scheduled__2022-09-06T00:00:00+00:00', '--job-id', '25', '--raw', '--subdir', 'DAGS_FOLDER/example_dags.py', '--cfg-path', '/tmp/tmpowf49g3q', '--error-file', '/tmp/tmpyz07dwfq']
[2022-09-08T11:17:09.027+0000] {standard_task_runner.py:80} INFO - Job 25: Subtask third_task
[2022-09-08T11:17:09.077+0000] {task_command.py:371} INFO - Running <TaskInstance: first_dag_v13.third_task scheduled__2022-09-06T00:00:00+00:00 [running]> on host e458dbb0fb9f
[2022-09-08T11:17:09.135+0000] {taskinstance.py:1583} INFO - Exporting the following env vars:
AIRFLOW_CTX_DAG_OWNER=coder2j
AIRFLOW_CTX_DAG_ID=first_dag_v13
AIRFLOW_CTX_TASK_ID=third_task
AIRFLOW_CTX_EXECUTION_DATE=2022-09-06T00:00:00+00:00
AIRFLOW_CTX_TRY_NUMBER=1
AIRFLOW_CTX_DAG_RUN_ID=scheduled__2022-09-06T00:00:00+00:00
[2022-09-08T11:17:09.137+0000] {subprocess.py:62} INFO - Tmp dir root location: 
 /tmp
[2022-09-08T11:17:09.138+0000] {subprocess.py:74} INFO - Running command: ['/bin/bash', '-c', 'echo Vai lon luon']
[2022-09-08T11:17:09.148+0000] {subprocess.py:85} INFO - Output:
[2022-09-08T11:17:09.150+0000] {subprocess.py:92} INFO - Vai lon luon
[2022-09-08T11:17:09.152+0000] {subprocess.py:96} INFO - Command exited with return code 0
[2022-09-08T11:17:09.429+0000] {taskinstance.py:1412} INFO - Marking task as SUCCESS. dag_id=first_dag_v13, task_id=third_task, execution_date=20220906T000000, start_date=20220908T111708, end_date=20220908T111709
[2022-09-08T11:17:09.480+0000] {local_task_job.py:156} INFO - Task exited with return code 0
[2022-09-08T11:17:09.511+0000] {local_task_job.py:279} INFO - 0 downstream tasks scheduled from follow-on schedule check
