[2022-09-08T10:32:29.769+0000] {taskinstance.py:1171} INFO - Dependencies all met for <TaskInstance: our_first_dag_v5.thrid_task scheduled__2021-08-15T00:00:00+00:00 [queued]>
[2022-09-08T10:32:29.817+0000] {taskinstance.py:1171} INFO - Dependencies all met for <TaskInstance: our_first_dag_v5.thrid_task scheduled__2021-08-15T00:00:00+00:00 [queued]>
[2022-09-08T10:32:29.818+0000] {taskinstance.py:1368} INFO - 
--------------------------------------------------------------------------------
[2022-09-08T10:32:29.821+0000] {taskinstance.py:1369} INFO - Starting attempt 1 of 6
[2022-09-08T10:32:29.823+0000] {taskinstance.py:1370} INFO - 
--------------------------------------------------------------------------------
[2022-09-08T10:32:29.899+0000] {taskinstance.py:1389} INFO - Executing <Task(BashOperator): thrid_task> on 2021-08-15 00:00:00+00:00
[2022-09-08T10:32:29.919+0000] {standard_task_runner.py:52} INFO - Started process 3470 to run task
[2022-09-08T10:32:29.976+0000] {standard_task_runner.py:79} INFO - Running: ['***', 'tasks', 'run', 'our_first_dag_v5', 'thrid_task', 'scheduled__2021-08-15T00:00:00+00:00', '--job-id', '70', '--raw', '--subdir', 'DAGS_FOLDER/example_dags.py', '--cfg-path', '/tmp/tmpbtpx0qf_', '--error-file', '/tmp/tmpvyhwcfhn']
[2022-09-08T10:32:29.987+0000] {standard_task_runner.py:80} INFO - Job 70: Subtask thrid_task
[2022-09-08T10:32:30.251+0000] {task_command.py:371} INFO - Running <TaskInstance: our_first_dag_v5.thrid_task scheduled__2021-08-15T00:00:00+00:00 [running]> on host c56eb7ae2624
[2022-09-08T10:32:36.929+0000] {taskinstance.py:1583} INFO - Exporting the following env vars:
AIRFLOW_CTX_DAG_OWNER=coder2j
AIRFLOW_CTX_DAG_ID=our_first_dag_v5
AIRFLOW_CTX_TASK_ID=thrid_task
AIRFLOW_CTX_EXECUTION_DATE=2021-08-15T00:00:00+00:00
AIRFLOW_CTX_TRY_NUMBER=1
AIRFLOW_CTX_DAG_RUN_ID=scheduled__2021-08-15T00:00:00+00:00
[2022-09-08T10:32:36.949+0000] {subprocess.py:62} INFO - Tmp dir root location: 
 /tmp
[2022-09-08T10:32:36.959+0000] {subprocess.py:74} INFO - Running command: ['/bin/bash', '-c', 'echo hey, I am task3 and will be running after task1 at the same time as task2!']
[2022-09-08T10:32:37.130+0000] {subprocess.py:85} INFO - Output:
[2022-09-08T10:32:37.147+0000] {subprocess.py:92} INFO - hey, I am task3 and will be running after task1 at the same time as task2!
[2022-09-08T10:32:37.149+0000] {subprocess.py:96} INFO - Command exited with return code 0
[2022-09-08T10:32:37.409+0000] {taskinstance.py:1412} INFO - Marking task as SUCCESS. dag_id=our_first_dag_v5, task_id=thrid_task, execution_date=20210815T000000, start_date=20220908T103229, end_date=20220908T103237
[2022-09-08T10:32:37.820+0000] {local_task_job.py:156} INFO - Task exited with return code 0
[2022-09-08T10:32:38.540+0000] {local_task_job.py:279} INFO - 0 downstream tasks scheduled from follow-on schedule check
