[2022-09-08T14:29:49.045+0000] {taskinstance.py:1171} INFO - Dependencies all met for <TaskInstance: second_dag_v5.python_la_so_1 scheduled__2022-09-06T00:00:00+00:00 [queued]>
[2022-09-08T14:29:49.057+0000] {taskinstance.py:1171} INFO - Dependencies all met for <TaskInstance: second_dag_v5.python_la_so_1 scheduled__2022-09-06T00:00:00+00:00 [queued]>
[2022-09-08T14:29:49.058+0000] {taskinstance.py:1368} INFO - 
--------------------------------------------------------------------------------
[2022-09-08T14:29:49.059+0000] {taskinstance.py:1369} INFO - Starting attempt 1 of 6
[2022-09-08T14:29:49.059+0000] {taskinstance.py:1370} INFO - 
--------------------------------------------------------------------------------
[2022-09-08T14:29:49.068+0000] {taskinstance.py:1389} INFO - Executing <Task(PythonOperator): python_la_so_1> on 2022-09-06 00:00:00+00:00
[2022-09-08T14:29:49.072+0000] {standard_task_runner.py:52} INFO - Started process 1004 to run task
[2022-09-08T14:29:49.075+0000] {standard_task_runner.py:79} INFO - Running: ['***', 'tasks', 'run', 'second_dag_v5', 'python_la_so_1', 'scheduled__2022-09-06T00:00:00+00:00', '--job-id', '75', '--raw', '--subdir', 'DAGS_FOLDER/create_dag_with_python_operator.py', '--cfg-path', '/tmp/tmp30v7c6pr', '--error-file', '/tmp/tmplt9gi2iy']
[2022-09-08T14:29:49.076+0000] {standard_task_runner.py:80} INFO - Job 75: Subtask python_la_so_1
[2022-09-08T14:29:49.121+0000] {task_command.py:371} INFO - Running <TaskInstance: second_dag_v5.python_la_so_1 scheduled__2022-09-06T00:00:00+00:00 [running]> on host e458dbb0fb9f
[2022-09-08T14:29:49.263+0000] {taskinstance.py:1583} INFO - Exporting the following env vars:
AIRFLOW_CTX_DAG_OWNER=coder2j
AIRFLOW_CTX_DAG_ID=second_dag_v5
AIRFLOW_CTX_TASK_ID=python_la_so_1
AIRFLOW_CTX_EXECUTION_DATE=2022-09-06T00:00:00+00:00
AIRFLOW_CTX_TRY_NUMBER=1
AIRFLOW_CTX_DAG_RUN_ID=scheduled__2022-09-06T00:00:00+00:00
[2022-09-08T14:29:49.276+0000] {logging_mixin.py:115} INFO - hello world None and I comment None
[2022-09-08T14:29:49.277+0000] {python.py:173} INFO - Done. Returned value was: None
[2022-09-08T14:29:49.285+0000] {taskinstance.py:1412} INFO - Marking task as SUCCESS. dag_id=second_dag_v5, task_id=python_la_so_1, execution_date=20220906T000000, start_date=20220908T142949, end_date=20220908T142949
[2022-09-08T14:29:49.329+0000] {local_task_job.py:156} INFO - Task exited with return code 0
[2022-09-08T14:29:49.347+0000] {local_task_job.py:279} INFO - 0 downstream tasks scheduled from follow-on schedule check
