[2022-09-08T11:18:27.153+0000] {taskinstance.py:1171} INFO - Dependencies all met for <TaskInstance: first_dag_v14.second_task scheduled__2022-09-06T00:00:00+00:00 [queued]>
[2022-09-08T11:18:27.167+0000] {taskinstance.py:1171} INFO - Dependencies all met for <TaskInstance: first_dag_v14.second_task scheduled__2022-09-06T00:00:00+00:00 [queued]>
[2022-09-08T11:18:27.168+0000] {taskinstance.py:1368} INFO - 
--------------------------------------------------------------------------------
[2022-09-08T11:18:27.169+0000] {taskinstance.py:1369} INFO - Starting attempt 1 of 6
[2022-09-08T11:18:27.170+0000] {taskinstance.py:1370} INFO - 
--------------------------------------------------------------------------------
[2022-09-08T11:18:27.194+0000] {taskinstance.py:1389} INFO - Executing <Task(BashOperator): second_task> on 2022-09-06 00:00:00+00:00
[2022-09-08T11:18:27.201+0000] {standard_task_runner.py:52} INFO - Started process 1182 to run task
[2022-09-08T11:18:27.205+0000] {standard_task_runner.py:79} INFO - Running: ['***', 'tasks', 'run', 'first_dag_v14', 'second_task', 'scheduled__2022-09-06T00:00:00+00:00', '--job-id', '32', '--raw', '--subdir', 'DAGS_FOLDER/example_dags.py', '--cfg-path', '/tmp/tmpu1bhwv2p', '--error-file', '/tmp/tmp5ck5i400']
[2022-09-08T11:18:27.208+0000] {standard_task_runner.py:80} INFO - Job 32: Subtask second_task
[2022-09-08T11:18:27.275+0000] {task_command.py:371} INFO - Running <TaskInstance: first_dag_v14.second_task scheduled__2022-09-06T00:00:00+00:00 [running]> on host e458dbb0fb9f
[2022-09-08T11:18:27.361+0000] {taskinstance.py:1583} INFO - Exporting the following env vars:
AIRFLOW_CTX_DAG_OWNER=coder2j
AIRFLOW_CTX_DAG_ID=first_dag_v14
AIRFLOW_CTX_TASK_ID=second_task
AIRFLOW_CTX_EXECUTION_DATE=2022-09-06T00:00:00+00:00
AIRFLOW_CTX_TRY_NUMBER=1
AIRFLOW_CTX_DAG_RUN_ID=scheduled__2022-09-06T00:00:00+00:00
[2022-09-08T11:18:27.364+0000] {subprocess.py:62} INFO - Tmp dir root location: 
 /tmp
[2022-09-08T11:18:27.367+0000] {subprocess.py:74} INFO - Running command: ['/bin/bash', '-c', 'echo Dm log nhu lon']
[2022-09-08T11:18:27.377+0000] {subprocess.py:85} INFO - Output:
[2022-09-08T11:18:27.380+0000] {subprocess.py:92} INFO - Dm log nhu lon
[2022-09-08T11:18:27.381+0000] {subprocess.py:96} INFO - Command exited with return code 0
[2022-09-08T11:18:27.669+0000] {taskinstance.py:1412} INFO - Marking task as SUCCESS. dag_id=first_dag_v14, task_id=second_task, execution_date=20220906T000000, start_date=20220908T111827, end_date=20220908T111827
[2022-09-08T11:18:27.706+0000] {local_task_job.py:156} INFO - Task exited with return code 0
[2022-09-08T11:18:27.726+0000] {local_task_job.py:279} INFO - 0 downstream tasks scheduled from follow-on schedule check
