[2022-09-08T11:17:08.011+0000] {taskinstance.py:1171} INFO - Dependencies all met for <TaskInstance: first_dag_v13.first_task scheduled__2022-09-06T00:00:00+00:00 [queued]>
[2022-09-08T11:17:08.019+0000] {taskinstance.py:1171} INFO - Dependencies all met for <TaskInstance: first_dag_v13.first_task scheduled__2022-09-06T00:00:00+00:00 [queued]>
[2022-09-08T11:17:08.020+0000] {taskinstance.py:1368} INFO - 
--------------------------------------------------------------------------------
[2022-09-08T11:17:08.021+0000] {taskinstance.py:1369} INFO - Starting attempt 1 of 6
[2022-09-08T11:17:08.022+0000] {taskinstance.py:1370} INFO - 
--------------------------------------------------------------------------------
[2022-09-08T11:17:08.031+0000] {taskinstance.py:1389} INFO - Executing <Task(BashOperator): first_task> on 2022-09-06 00:00:00+00:00
[2022-09-08T11:17:08.036+0000] {standard_task_runner.py:52} INFO - Started process 1061 to run task
[2022-09-08T11:17:08.039+0000] {standard_task_runner.py:79} INFO - Running: ['***', 'tasks', 'run', 'first_dag_v13', 'first_task', 'scheduled__2022-09-06T00:00:00+00:00', '--job-id', '20', '--raw', '--subdir', 'DAGS_FOLDER/example_dags.py', '--cfg-path', '/tmp/tmpel0ytzlm', '--error-file', '/tmp/tmpn29vna6x']
[2022-09-08T11:17:08.041+0000] {standard_task_runner.py:80} INFO - Job 20: Subtask first_task
[2022-09-08T11:17:08.088+0000] {task_command.py:371} INFO - Running <TaskInstance: first_dag_v13.first_task scheduled__2022-09-06T00:00:00+00:00 [running]> on host e458dbb0fb9f
[2022-09-08T11:17:08.135+0000] {taskinstance.py:1583} INFO - Exporting the following env vars:
AIRFLOW_CTX_DAG_OWNER=coder2j
AIRFLOW_CTX_DAG_ID=first_dag_v13
AIRFLOW_CTX_TASK_ID=first_task
AIRFLOW_CTX_EXECUTION_DATE=2022-09-06T00:00:00+00:00
AIRFLOW_CTX_TRY_NUMBER=1
AIRFLOW_CTX_DAG_RUN_ID=scheduled__2022-09-06T00:00:00+00:00
[2022-09-08T11:17:08.138+0000] {subprocess.py:62} INFO - Tmp dir root location: 
 /tmp
[2022-09-08T11:17:08.141+0000] {subprocess.py:74} INFO - Running command: ['/bin/bash', '-c', 'echo tao la Dinh chi cong!']
[2022-09-08T11:17:08.153+0000] {subprocess.py:85} INFO - Output:
[2022-09-08T11:17:08.188+0000] {subprocess.py:92} INFO - tao la Dinh chi cong!
[2022-09-08T11:17:08.189+0000] {subprocess.py:96} INFO - Command exited with return code 0
[2022-09-08T11:17:08.466+0000] {taskinstance.py:1412} INFO - Marking task as SUCCESS. dag_id=first_dag_v13, task_id=first_task, execution_date=20220906T000000, start_date=20220908T111708, end_date=20220908T111708
[2022-09-08T11:17:08.536+0000] {local_task_job.py:156} INFO - Task exited with return code 0
[2022-09-08T11:17:08.585+0000] {local_task_job.py:279} INFO - 2 downstream tasks scheduled from follow-on schedule check
