[2022-09-08T10:31:56.442+0000] {taskinstance.py:1171} INFO - Dependencies all met for <TaskInstance: our_first_dag_v5.thrid_task scheduled__2021-07-31T00:00:00+00:00 [queued]>
[2022-09-08T10:31:56.976+0000] {taskinstance.py:1171} INFO - Dependencies all met for <TaskInstance: our_first_dag_v5.thrid_task scheduled__2021-07-31T00:00:00+00:00 [queued]>
[2022-09-08T10:31:56.984+0000] {taskinstance.py:1368} INFO - 
--------------------------------------------------------------------------------
[2022-09-08T10:31:56.986+0000] {taskinstance.py:1369} INFO - Starting attempt 1 of 6
[2022-09-08T10:31:56.989+0000] {taskinstance.py:1370} INFO - 
--------------------------------------------------------------------------------
[2022-09-08T10:31:57.166+0000] {taskinstance.py:1389} INFO - Executing <Task(BashOperator): thrid_task> on 2021-07-31 00:00:00+00:00
[2022-09-08T10:31:57.197+0000] {standard_task_runner.py:52} INFO - Started process 3308 to run task
[2022-09-08T10:31:57.313+0000] {standard_task_runner.py:79} INFO - Running: ['***', 'tasks', 'run', 'our_first_dag_v5', 'thrid_task', 'scheduled__2021-07-31T00:00:00+00:00', '--job-id', '25', '--raw', '--subdir', 'DAGS_FOLDER/example_dags.py', '--cfg-path', '/tmp/tmpgatvx6ea', '--error-file', '/tmp/tmp9uvdsitq']
[2022-09-08T10:31:57.523+0000] {standard_task_runner.py:80} INFO - Job 25: Subtask thrid_task
[2022-09-08T10:31:58.388+0000] {task_command.py:371} INFO - Running <TaskInstance: our_first_dag_v5.thrid_task scheduled__2021-07-31T00:00:00+00:00 [running]> on host c56eb7ae2624
[2022-09-08T10:32:03.961+0000] {taskinstance.py:1583} INFO - Exporting the following env vars:
AIRFLOW_CTX_DAG_OWNER=coder2j
AIRFLOW_CTX_DAG_ID=our_first_dag_v5
AIRFLOW_CTX_TASK_ID=thrid_task
AIRFLOW_CTX_EXECUTION_DATE=2021-07-31T00:00:00+00:00
AIRFLOW_CTX_TRY_NUMBER=1
AIRFLOW_CTX_DAG_RUN_ID=scheduled__2021-07-31T00:00:00+00:00
[2022-09-08T10:32:03.980+0000] {subprocess.py:62} INFO - Tmp dir root location: 
 /tmp
[2022-09-08T10:32:03.988+0000] {subprocess.py:74} INFO - Running command: ['/bin/bash', '-c', 'echo hey, I am task3 and will be running after task1 at the same time as task2!']
[2022-09-08T10:32:04.087+0000] {subprocess.py:85} INFO - Output:
[2022-09-08T10:32:04.092+0000] {subprocess.py:92} INFO - hey, I am task3 and will be running after task1 at the same time as task2!
[2022-09-08T10:32:04.098+0000] {subprocess.py:96} INFO - Command exited with return code 0
[2022-09-08T10:32:04.469+0000] {taskinstance.py:1412} INFO - Marking task as SUCCESS. dag_id=our_first_dag_v5, task_id=thrid_task, execution_date=20210731T000000, start_date=20220908T103156, end_date=20220908T103204
[2022-09-08T10:32:04.932+0000] {local_task_job.py:156} INFO - Task exited with return code 0
[2022-09-08T10:32:05.436+0000] {local_task_job.py:279} INFO - 0 downstream tasks scheduled from follow-on schedule check
