[2022-09-08T11:18:25.797+0000] {taskinstance.py:1171} INFO - Dependencies all met for <TaskInstance: first_dag_v14.first_task scheduled__2022-09-07T00:00:00+00:00 [queued]>
[2022-09-08T11:18:25.805+0000] {taskinstance.py:1171} INFO - Dependencies all met for <TaskInstance: first_dag_v14.first_task scheduled__2022-09-07T00:00:00+00:00 [queued]>
[2022-09-08T11:18:25.806+0000] {taskinstance.py:1368} INFO - 
--------------------------------------------------------------------------------
[2022-09-08T11:18:25.806+0000] {taskinstance.py:1369} INFO - Starting attempt 1 of 6
[2022-09-08T11:18:25.807+0000] {taskinstance.py:1370} INFO - 
--------------------------------------------------------------------------------
[2022-09-08T11:18:25.816+0000] {taskinstance.py:1389} INFO - Executing <Task(BashOperator): first_task> on 2022-09-07 00:00:00+00:00
[2022-09-08T11:18:25.820+0000] {standard_task_runner.py:52} INFO - Started process 1173 to run task
[2022-09-08T11:18:25.822+0000] {standard_task_runner.py:79} INFO - Running: ['***', 'tasks', 'run', 'first_dag_v14', 'first_task', 'scheduled__2022-09-07T00:00:00+00:00', '--job-id', '30', '--raw', '--subdir', 'DAGS_FOLDER/example_dags.py', '--cfg-path', '/tmp/tmp72aw_0xq', '--error-file', '/tmp/tmpjmsdr0tw']
[2022-09-08T11:18:25.824+0000] {standard_task_runner.py:80} INFO - Job 30: Subtask first_task
[2022-09-08T11:18:25.864+0000] {task_command.py:371} INFO - Running <TaskInstance: first_dag_v14.first_task scheduled__2022-09-07T00:00:00+00:00 [running]> on host e458dbb0fb9f
[2022-09-08T11:18:25.911+0000] {taskinstance.py:1583} INFO - Exporting the following env vars:
AIRFLOW_CTX_DAG_OWNER=coder2j
AIRFLOW_CTX_DAG_ID=first_dag_v14
AIRFLOW_CTX_TASK_ID=first_task
AIRFLOW_CTX_EXECUTION_DATE=2022-09-07T00:00:00+00:00
AIRFLOW_CTX_TRY_NUMBER=1
AIRFLOW_CTX_DAG_RUN_ID=scheduled__2022-09-07T00:00:00+00:00
[2022-09-08T11:18:25.913+0000] {subprocess.py:62} INFO - Tmp dir root location: 
 /tmp
[2022-09-08T11:18:25.915+0000] {subprocess.py:74} INFO - Running command: ['/bin/bash', '-c', 'echo tao la Dinh chi cong!']
[2022-09-08T11:18:25.923+0000] {subprocess.py:85} INFO - Output:
[2022-09-08T11:18:25.928+0000] {subprocess.py:92} INFO - tao la Dinh chi cong!
[2022-09-08T11:18:25.930+0000] {subprocess.py:96} INFO - Command exited with return code 0
[2022-09-08T11:18:26.089+0000] {taskinstance.py:1412} INFO - Marking task as SUCCESS. dag_id=first_dag_v14, task_id=first_task, execution_date=20220907T000000, start_date=20220908T111825, end_date=20220908T111826
[2022-09-08T11:18:26.117+0000] {local_task_job.py:156} INFO - Task exited with return code 0
[2022-09-08T11:18:26.138+0000] {local_task_job.py:279} INFO - 2 downstream tasks scheduled from follow-on schedule check
