[2022-09-08T14:29:47.856+0000] {taskinstance.py:1171} INFO - Dependencies all met for <TaskInstance: second_dag_v5.python2 scheduled__2022-09-06T00:00:00+00:00 [queued]>
[2022-09-08T14:29:47.864+0000] {taskinstance.py:1171} INFO - Dependencies all met for <TaskInstance: second_dag_v5.python2 scheduled__2022-09-06T00:00:00+00:00 [queued]>
[2022-09-08T14:29:47.865+0000] {taskinstance.py:1368} INFO - 
--------------------------------------------------------------------------------
[2022-09-08T14:29:47.866+0000] {taskinstance.py:1369} INFO - Starting attempt 1 of 6
[2022-09-08T14:29:47.867+0000] {taskinstance.py:1370} INFO - 
--------------------------------------------------------------------------------
[2022-09-08T14:29:47.878+0000] {taskinstance.py:1389} INFO - Executing <Task(PythonOperator): python2> on 2022-09-06 00:00:00+00:00
[2022-09-08T14:29:47.883+0000] {standard_task_runner.py:52} INFO - Started process 998 to run task
[2022-09-08T14:29:47.886+0000] {standard_task_runner.py:79} INFO - Running: ['***', 'tasks', 'run', 'second_dag_v5', 'python2', 'scheduled__2022-09-06T00:00:00+00:00', '--job-id', '72', '--raw', '--subdir', 'DAGS_FOLDER/create_dag_with_python_operator.py', '--cfg-path', '/tmp/tmptsmq8j3k', '--error-file', '/tmp/tmpzuw21jkq']
[2022-09-08T14:29:47.888+0000] {standard_task_runner.py:80} INFO - Job 72: Subtask python2
[2022-09-08T14:29:47.941+0000] {task_command.py:371} INFO - Running <TaskInstance: second_dag_v5.python2 scheduled__2022-09-06T00:00:00+00:00 [running]> on host e458dbb0fb9f
[2022-09-08T14:29:48.323+0000] {taskinstance.py:1583} INFO - Exporting the following env vars:
AIRFLOW_CTX_DAG_OWNER=coder2j
AIRFLOW_CTX_DAG_ID=second_dag_v5
AIRFLOW_CTX_TASK_ID=python2
AIRFLOW_CTX_EXECUTION_DATE=2022-09-06T00:00:00+00:00
AIRFLOW_CTX_TRY_NUMBER=1
AIRFLOW_CTX_DAG_RUN_ID=scheduled__2022-09-06T00:00:00+00:00
[2022-09-08T14:29:48.326+0000] {python.py:173} INFO - Done. Returned value was: vua trai dat
[2022-09-08T14:29:48.394+0000] {taskinstance.py:1412} INFO - Marking task as SUCCESS. dag_id=second_dag_v5, task_id=python2, execution_date=20220906T000000, start_date=20220908T142947, end_date=20220908T142948
[2022-09-08T14:29:48.498+0000] {local_task_job.py:156} INFO - Task exited with return code 0
[2022-09-08T14:29:48.645+0000] {local_task_job.py:279} INFO - 0 downstream tasks scheduled from follow-on schedule check
