[2022-09-08T11:47:23.910+0000] {taskinstance.py:1171} INFO - Dependencies all met for <TaskInstance: second_dag_v4.python_la_so_1 manual__2022-09-08T11:43:20.772202+00:00 [queued]>
[2022-09-08T11:47:23.916+0000] {taskinstance.py:1171} INFO - Dependencies all met for <TaskInstance: second_dag_v4.python_la_so_1 manual__2022-09-08T11:43:20.772202+00:00 [queued]>
[2022-09-08T11:47:23.917+0000] {taskinstance.py:1368} INFO - 
--------------------------------------------------------------------------------
[2022-09-08T11:47:23.918+0000] {taskinstance.py:1369} INFO - Starting attempt 3 of 6
[2022-09-08T11:47:23.918+0000] {taskinstance.py:1370} INFO - 
--------------------------------------------------------------------------------
[2022-09-08T11:47:23.926+0000] {taskinstance.py:1389} INFO - Executing <Task(PythonOperator): python_la_so_1> on 2022-09-08 11:43:20.772202+00:00
[2022-09-08T11:47:23.929+0000] {standard_task_runner.py:52} INFO - Started process 3251 to run task
[2022-09-08T11:47:23.931+0000] {standard_task_runner.py:79} INFO - Running: ['***', 'tasks', 'run', 'second_dag_v4', 'python_la_so_1', 'manual__2022-09-08T11:43:20.772202+00:00', '--job-id', '63', '--raw', '--subdir', 'DAGS_FOLDER/create_dag_with_python_operator.py', '--cfg-path', '/tmp/tmpngeu5nal', '--error-file', '/tmp/tmpih0li77j']
[2022-09-08T11:47:23.933+0000] {standard_task_runner.py:80} INFO - Job 63: Subtask python_la_so_1
[2022-09-08T11:47:23.970+0000] {task_command.py:371} INFO - Running <TaskInstance: second_dag_v4.python_la_so_1 manual__2022-09-08T11:43:20.772202+00:00 [running]> on host e458dbb0fb9f
[2022-09-08T11:47:24.010+0000] {taskinstance.py:1583} INFO - Exporting the following env vars:
AIRFLOW_CTX_DAG_OWNER=coder2j
AIRFLOW_CTX_DAG_ID=second_dag_v4
AIRFLOW_CTX_TASK_ID=python_la_so_1
AIRFLOW_CTX_EXECUTION_DATE=2022-09-08T11:43:20.772202+00:00
AIRFLOW_CTX_TRY_NUMBER=3
AIRFLOW_CTX_DAG_RUN_ID=manual__2022-09-08T11:43:20.772202+00:00
[2022-09-08T11:47:24.018+0000] {logging_mixin.py:115} INFO - hello world cong and I comment vua trai dat
[2022-09-08T11:47:24.018+0000] {python.py:173} INFO - Done. Returned value was: None
[2022-09-08T11:47:24.171+0000] {taskinstance.py:1412} INFO - Marking task as SUCCESS. dag_id=second_dag_v4, task_id=python_la_so_1, execution_date=20220908T114320, start_date=20220908T114723, end_date=20220908T114724
[2022-09-08T11:47:24.229+0000] {local_task_job.py:156} INFO - Task exited with return code 0
[2022-09-08T11:47:24.248+0000] {local_task_job.py:279} INFO - 0 downstream tasks scheduled from follow-on schedule check
