[2022-09-08T11:17:08.031+0000] {taskinstance.py:1171} INFO - Dependencies all met for <TaskInstance: first_dag_v13.first_task scheduled__2022-09-07T00:00:00+00:00 [queued]>
[2022-09-08T11:17:08.039+0000] {taskinstance.py:1171} INFO - Dependencies all met for <TaskInstance: first_dag_v13.first_task scheduled__2022-09-07T00:00:00+00:00 [queued]>
[2022-09-08T11:17:08.040+0000] {taskinstance.py:1368} INFO - 
--------------------------------------------------------------------------------
[2022-09-08T11:17:08.041+0000] {taskinstance.py:1369} INFO - Starting attempt 1 of 6
[2022-09-08T11:17:08.042+0000] {taskinstance.py:1370} INFO - 
--------------------------------------------------------------------------------
[2022-09-08T11:17:08.050+0000] {taskinstance.py:1389} INFO - Executing <Task(BashOperator): first_task> on 2022-09-07 00:00:00+00:00
[2022-09-08T11:17:08.056+0000] {standard_task_runner.py:52} INFO - Started process 1062 to run task
[2022-09-08T11:17:08.058+0000] {standard_task_runner.py:79} INFO - Running: ['***', 'tasks', 'run', 'first_dag_v13', 'first_task', 'scheduled__2022-09-07T00:00:00+00:00', '--job-id', '21', '--raw', '--subdir', 'DAGS_FOLDER/example_dags.py', '--cfg-path', '/tmp/tmpqu67i692', '--error-file', '/tmp/tmpm3ev12cu']
[2022-09-08T11:17:08.060+0000] {standard_task_runner.py:80} INFO - Job 21: Subtask first_task
[2022-09-08T11:17:08.104+0000] {task_command.py:371} INFO - Running <TaskInstance: first_dag_v13.first_task scheduled__2022-09-07T00:00:00+00:00 [running]> on host e458dbb0fb9f
[2022-09-08T11:17:08.154+0000] {taskinstance.py:1583} INFO - Exporting the following env vars:
AIRFLOW_CTX_DAG_OWNER=coder2j
AIRFLOW_CTX_DAG_ID=first_dag_v13
AIRFLOW_CTX_TASK_ID=first_task
AIRFLOW_CTX_EXECUTION_DATE=2022-09-07T00:00:00+00:00
AIRFLOW_CTX_TRY_NUMBER=1
AIRFLOW_CTX_DAG_RUN_ID=scheduled__2022-09-07T00:00:00+00:00
[2022-09-08T11:17:08.188+0000] {subprocess.py:62} INFO - Tmp dir root location: 
 /tmp
[2022-09-08T11:17:08.190+0000] {subprocess.py:74} INFO - Running command: ['/bin/bash', '-c', 'echo tao la Dinh chi cong!']
[2022-09-08T11:17:08.199+0000] {subprocess.py:85} INFO - Output:
[2022-09-08T11:17:08.201+0000] {subprocess.py:92} INFO - tao la Dinh chi cong!
[2022-09-08T11:17:08.202+0000] {subprocess.py:96} INFO - Command exited with return code 0
[2022-09-08T11:17:08.480+0000] {taskinstance.py:1412} INFO - Marking task as SUCCESS. dag_id=first_dag_v13, task_id=first_task, execution_date=20220907T000000, start_date=20220908T111708, end_date=20220908T111708
[2022-09-08T11:17:08.554+0000] {local_task_job.py:156} INFO - Task exited with return code 0
[2022-09-08T11:17:08.610+0000] {local_task_job.py:279} INFO - 2 downstream tasks scheduled from follow-on schedule check
