[2022-09-08T10:31:54.083+0000] {taskinstance.py:1171} INFO - Dependencies all met for <TaskInstance: our_first_dag_v5.second_task scheduled__2021-07-30T00:00:00+00:00 [queued]>
[2022-09-08T10:31:54.208+0000] {taskinstance.py:1171} INFO - Dependencies all met for <TaskInstance: our_first_dag_v5.second_task scheduled__2021-07-30T00:00:00+00:00 [queued]>
[2022-09-08T10:31:54.233+0000] {taskinstance.py:1368} INFO - 
--------------------------------------------------------------------------------
[2022-09-08T10:31:54.242+0000] {taskinstance.py:1369} INFO - Starting attempt 1 of 6
[2022-09-08T10:31:54.244+0000] {taskinstance.py:1370} INFO - 
--------------------------------------------------------------------------------
[2022-09-08T10:31:54.403+0000] {taskinstance.py:1389} INFO - Executing <Task(BashOperator): second_task> on 2021-07-30 00:00:00+00:00
[2022-09-08T10:31:54.502+0000] {standard_task_runner.py:52} INFO - Started process 3297 to run task
[2022-09-08T10:31:54.562+0000] {standard_task_runner.py:79} INFO - Running: ['***', 'tasks', 'run', 'our_first_dag_v5', 'second_task', 'scheduled__2021-07-30T00:00:00+00:00', '--job-id', '19', '--raw', '--subdir', 'DAGS_FOLDER/example_dags.py', '--cfg-path', '/tmp/tmpenhf9wi_', '--error-file', '/tmp/tmpomhm2n4v']
[2022-09-08T10:31:54.604+0000] {standard_task_runner.py:80} INFO - Job 19: Subtask second_task
[2022-09-08T10:31:55.174+0000] {task_command.py:371} INFO - Running <TaskInstance: our_first_dag_v5.second_task scheduled__2021-07-30T00:00:00+00:00 [running]> on host c56eb7ae2624
[2022-09-08T10:32:02.439+0000] {taskinstance.py:1583} INFO - Exporting the following env vars:
AIRFLOW_CTX_DAG_OWNER=coder2j
AIRFLOW_CTX_DAG_ID=our_first_dag_v5
AIRFLOW_CTX_TASK_ID=second_task
AIRFLOW_CTX_EXECUTION_DATE=2021-07-30T00:00:00+00:00
AIRFLOW_CTX_TRY_NUMBER=1
AIRFLOW_CTX_DAG_RUN_ID=scheduled__2021-07-30T00:00:00+00:00
[2022-09-08T10:32:02.474+0000] {subprocess.py:62} INFO - Tmp dir root location: 
 /tmp
[2022-09-08T10:32:02.479+0000] {subprocess.py:74} INFO - Running command: ['/bin/bash', '-c', 'echo hey, I am task2 and will be running after task1!']
[2022-09-08T10:32:02.551+0000] {subprocess.py:85} INFO - Output:
[2022-09-08T10:32:02.558+0000] {subprocess.py:92} INFO - hey, I am task2 and will be running after task1!
[2022-09-08T10:32:02.564+0000] {subprocess.py:96} INFO - Command exited with return code 0
[2022-09-08T10:32:03.469+0000] {taskinstance.py:1412} INFO - Marking task as SUCCESS. dag_id=our_first_dag_v5, task_id=second_task, execution_date=20210730T000000, start_date=20220908T103154, end_date=20220908T103203
[2022-09-08T10:32:04.211+0000] {local_task_job.py:156} INFO - Task exited with return code 0
[2022-09-08T10:32:04.350+0000] {local_task_job.py:279} INFO - 0 downstream tasks scheduled from follow-on schedule check
