[2022-09-08T14:33:55.189+0000] {taskinstance.py:1171} INFO - Dependencies all met for <TaskInstance: second_dag_v7.task_2 scheduled__2022-09-07T00:00:00+00:00 [queued]>
[2022-09-08T14:33:55.197+0000] {taskinstance.py:1171} INFO - Dependencies all met for <TaskInstance: second_dag_v7.task_2 scheduled__2022-09-07T00:00:00+00:00 [queued]>
[2022-09-08T14:33:55.198+0000] {taskinstance.py:1368} INFO - 
--------------------------------------------------------------------------------
[2022-09-08T14:33:55.199+0000] {taskinstance.py:1369} INFO - Starting attempt 1 of 6
[2022-09-08T14:33:55.200+0000] {taskinstance.py:1370} INFO - 
--------------------------------------------------------------------------------
[2022-09-08T14:33:55.213+0000] {taskinstance.py:1389} INFO - Executing <Task(PythonOperator): task_2> on 2022-09-07 00:00:00+00:00
[2022-09-08T14:33:55.217+0000] {standard_task_runner.py:52} INFO - Started process 1343 to run task
[2022-09-08T14:33:55.222+0000] {standard_task_runner.py:79} INFO - Running: ['***', 'tasks', 'run', 'second_dag_v7', 'task_2', 'scheduled__2022-09-07T00:00:00+00:00', '--job-id', '85', '--raw', '--subdir', 'DAGS_FOLDER/create_dag_with_python_operator.py', '--cfg-path', '/tmp/tmpved4nhjw', '--error-file', '/tmp/tmprp4s_g6c']
[2022-09-08T14:33:55.224+0000] {standard_task_runner.py:80} INFO - Job 85: Subtask task_2
[2022-09-08T14:33:55.317+0000] {task_command.py:371} INFO - Running <TaskInstance: second_dag_v7.task_2 scheduled__2022-09-07T00:00:00+00:00 [running]> on host e458dbb0fb9f
[2022-09-08T14:33:55.619+0000] {taskinstance.py:1583} INFO - Exporting the following env vars:
AIRFLOW_CTX_DAG_OWNER=coder2j
AIRFLOW_CTX_DAG_ID=second_dag_v7
AIRFLOW_CTX_TASK_ID=task_2
AIRFLOW_CTX_EXECUTION_DATE=2022-09-07T00:00:00+00:00
AIRFLOW_CTX_TRY_NUMBER=1
AIRFLOW_CTX_DAG_RUN_ID=scheduled__2022-09-07T00:00:00+00:00
[2022-09-08T14:33:55.621+0000] {python.py:173} INFO - Done. Returned value was: vua trai dat
[2022-09-08T14:33:55.646+0000] {taskinstance.py:1412} INFO - Marking task as SUCCESS. dag_id=second_dag_v7, task_id=task_2, execution_date=20220907T000000, start_date=20220908T143355, end_date=20220908T143355
[2022-09-08T14:33:55.677+0000] {local_task_job.py:156} INFO - Task exited with return code 0
[2022-09-08T14:33:55.732+0000] {local_task_job.py:279} INFO - 1 downstream tasks scheduled from follow-on schedule check
