[2022-09-08T10:31:52.827+0000] {taskinstance.py:1171} INFO - Dependencies all met for <TaskInstance: our_first_dag_v5.first_task scheduled__2021-08-08T00:00:00+00:00 [queued]>
[2022-09-08T10:31:52.923+0000] {taskinstance.py:1171} INFO - Dependencies all met for <TaskInstance: our_first_dag_v5.first_task scheduled__2021-08-08T00:00:00+00:00 [queued]>
[2022-09-08T10:31:52.925+0000] {taskinstance.py:1368} INFO - 
--------------------------------------------------------------------------------
[2022-09-08T10:31:52.926+0000] {taskinstance.py:1369} INFO - Starting attempt 1 of 6
[2022-09-08T10:31:52.933+0000] {taskinstance.py:1370} INFO - 
--------------------------------------------------------------------------------
[2022-09-08T10:31:53.071+0000] {taskinstance.py:1389} INFO - Executing <Task(BashOperator): first_task> on 2021-08-08 00:00:00+00:00
[2022-09-08T10:31:53.080+0000] {standard_task_runner.py:52} INFO - Started process 3294 to run task
[2022-09-08T10:31:53.103+0000] {standard_task_runner.py:79} INFO - Running: ['***', 'tasks', 'run', 'our_first_dag_v5', 'first_task', 'scheduled__2021-08-08T00:00:00+00:00', '--job-id', '17', '--raw', '--subdir', 'DAGS_FOLDER/example_dags.py', '--cfg-path', '/tmp/tmpm8924kgy', '--error-file', '/tmp/tmpqj0b72yp']
[2022-09-08T10:31:53.150+0000] {standard_task_runner.py:80} INFO - Job 17: Subtask first_task
[2022-09-08T10:31:54.059+0000] {task_command.py:371} INFO - Running <TaskInstance: our_first_dag_v5.first_task scheduled__2021-08-08T00:00:00+00:00 [running]> on host c56eb7ae2624
[2022-09-08T10:32:03.021+0000] {taskinstance.py:1583} INFO - Exporting the following env vars:
AIRFLOW_CTX_DAG_OWNER=coder2j
AIRFLOW_CTX_DAG_ID=our_first_dag_v5
AIRFLOW_CTX_TASK_ID=first_task
AIRFLOW_CTX_EXECUTION_DATE=2021-08-08T00:00:00+00:00
AIRFLOW_CTX_TRY_NUMBER=1
AIRFLOW_CTX_DAG_RUN_ID=scheduled__2021-08-08T00:00:00+00:00
[2022-09-08T10:32:03.029+0000] {subprocess.py:62} INFO - Tmp dir root location: 
 /tmp
[2022-09-08T10:32:03.032+0000] {subprocess.py:74} INFO - Running command: ['/bin/bash', '-c', 'echo hello world, this is the first task!']
[2022-09-08T10:32:03.140+0000] {subprocess.py:85} INFO - Output:
[2022-09-08T10:32:03.204+0000] {subprocess.py:92} INFO - hello world, this is the first task!
[2022-09-08T10:32:03.207+0000] {subprocess.py:96} INFO - Command exited with return code 0
[2022-09-08T10:32:03.447+0000] {taskinstance.py:1412} INFO - Marking task as SUCCESS. dag_id=our_first_dag_v5, task_id=first_task, execution_date=20210808T000000, start_date=20220908T103152, end_date=20220908T103203
[2022-09-08T10:32:04.069+0000] {local_task_job.py:156} INFO - Task exited with return code 0
[2022-09-08T10:32:04.590+0000] {local_task_job.py:279} INFO - 0 downstream tasks scheduled from follow-on schedule check
