[2022-09-08T10:32:57.535+0000] {taskinstance.py:1171} INFO - Dependencies all met for <TaskInstance: our_first_dag_v5.first_task scheduled__2021-09-10T00:00:00+00:00 [queued]>
[2022-09-08T10:32:57.599+0000] {taskinstance.py:1171} INFO - Dependencies all met for <TaskInstance: our_first_dag_v5.first_task scheduled__2021-09-10T00:00:00+00:00 [queued]>
[2022-09-08T10:32:57.608+0000] {taskinstance.py:1368} INFO - 
--------------------------------------------------------------------------------
[2022-09-08T10:32:57.610+0000] {taskinstance.py:1369} INFO - Starting attempt 1 of 6
[2022-09-08T10:32:57.611+0000] {taskinstance.py:1370} INFO - 
--------------------------------------------------------------------------------
[2022-09-08T10:32:57.708+0000] {taskinstance.py:1389} INFO - Executing <Task(BashOperator): first_task> on 2021-09-10 00:00:00+00:00
[2022-09-08T10:32:57.741+0000] {standard_task_runner.py:52} INFO - Started process 3631 to run task
[2022-09-08T10:32:57.792+0000] {standard_task_runner.py:79} INFO - Running: ['***', 'tasks', 'run', 'our_first_dag_v5', 'first_task', 'scheduled__2021-09-10T00:00:00+00:00', '--job-id', '118', '--raw', '--subdir', 'DAGS_FOLDER/example_dags.py', '--cfg-path', '/tmp/tmpepg0ygsx', '--error-file', '/tmp/tmp569m7yam']
[2022-09-08T10:32:57.800+0000] {standard_task_runner.py:80} INFO - Job 118: Subtask first_task
[2022-09-08T10:32:58.239+0000] {task_command.py:371} INFO - Running <TaskInstance: our_first_dag_v5.first_task scheduled__2021-09-10T00:00:00+00:00 [running]> on host c56eb7ae2624
[2022-09-08T10:33:03.701+0000] {taskinstance.py:1583} INFO - Exporting the following env vars:
AIRFLOW_CTX_DAG_OWNER=coder2j
AIRFLOW_CTX_DAG_ID=our_first_dag_v5
AIRFLOW_CTX_TASK_ID=first_task
AIRFLOW_CTX_EXECUTION_DATE=2021-09-10T00:00:00+00:00
AIRFLOW_CTX_TRY_NUMBER=1
AIRFLOW_CTX_DAG_RUN_ID=scheduled__2021-09-10T00:00:00+00:00
[2022-09-08T10:33:03.821+0000] {subprocess.py:62} INFO - Tmp dir root location: 
 /tmp
[2022-09-08T10:33:03.843+0000] {subprocess.py:74} INFO - Running command: ['/bin/bash', '-c', 'echo hello world, this is the first task!']
[2022-09-08T10:33:04.062+0000] {subprocess.py:85} INFO - Output:
[2022-09-08T10:33:04.102+0000] {subprocess.py:92} INFO - hello world, this is the first task!
[2022-09-08T10:33:04.114+0000] {subprocess.py:96} INFO - Command exited with return code 0
[2022-09-08T10:33:04.834+0000] {taskinstance.py:1412} INFO - Marking task as SUCCESS. dag_id=our_first_dag_v5, task_id=first_task, execution_date=20210910T000000, start_date=20220908T103257, end_date=20220908T103304
[2022-09-08T10:33:05.990+0000] {local_task_job.py:156} INFO - Task exited with return code 0
[2022-09-08T10:33:06.576+0000] {local_task_job.py:279} INFO - 0 downstream tasks scheduled from follow-on schedule check
