[2022-09-08T14:32:05.832+0000] {taskinstance.py:1171} INFO - Dependencies all met for <TaskInstance: second_dag_v6.python_la_so_1 scheduled__2022-09-07T00:00:00+00:00 [queued]>
[2022-09-08T14:32:05.840+0000] {taskinstance.py:1171} INFO - Dependencies all met for <TaskInstance: second_dag_v6.python_la_so_1 scheduled__2022-09-07T00:00:00+00:00 [queued]>
[2022-09-08T14:32:05.841+0000] {taskinstance.py:1368} INFO - 
--------------------------------------------------------------------------------
[2022-09-08T14:32:05.842+0000] {taskinstance.py:1369} INFO - Starting attempt 1 of 6
[2022-09-08T14:32:05.844+0000] {taskinstance.py:1370} INFO - 
--------------------------------------------------------------------------------
[2022-09-08T14:32:05.852+0000] {taskinstance.py:1389} INFO - Executing <Task(PythonOperator): python_la_so_1> on 2022-09-07 00:00:00+00:00
[2022-09-08T14:32:05.856+0000] {standard_task_runner.py:52} INFO - Started process 1192 to run task
[2022-09-08T14:32:05.858+0000] {standard_task_runner.py:79} INFO - Running: ['***', 'tasks', 'run', 'second_dag_v6', 'python_la_so_1', 'scheduled__2022-09-07T00:00:00+00:00', '--job-id', '81', '--raw', '--subdir', 'DAGS_FOLDER/create_dag_with_python_operator.py', '--cfg-path', '/tmp/tmpw1ly1noc', '--error-file', '/tmp/tmpdt4q33r5']
[2022-09-08T14:32:05.860+0000] {standard_task_runner.py:80} INFO - Job 81: Subtask python_la_so_1
[2022-09-08T14:32:05.901+0000] {task_command.py:371} INFO - Running <TaskInstance: second_dag_v6.python_la_so_1 scheduled__2022-09-07T00:00:00+00:00 [running]> on host e458dbb0fb9f
[2022-09-08T14:32:06.027+0000] {taskinstance.py:1583} INFO - Exporting the following env vars:
AIRFLOW_CTX_DAG_OWNER=coder2j
AIRFLOW_CTX_DAG_ID=second_dag_v6
AIRFLOW_CTX_TASK_ID=python_la_so_1
AIRFLOW_CTX_EXECUTION_DATE=2022-09-07T00:00:00+00:00
AIRFLOW_CTX_TRY_NUMBER=1
AIRFLOW_CTX_DAG_RUN_ID=scheduled__2022-09-07T00:00:00+00:00
[2022-09-08T14:32:06.039+0000] {logging_mixin.py:115} INFO - hello world None and I comment None
[2022-09-08T14:32:06.040+0000] {python.py:173} INFO - Done. Returned value was: None
[2022-09-08T14:32:06.048+0000] {taskinstance.py:1412} INFO - Marking task as SUCCESS. dag_id=second_dag_v6, task_id=python_la_so_1, execution_date=20220907T000000, start_date=20220908T143205, end_date=20220908T143206
[2022-09-08T14:32:06.074+0000] {local_task_job.py:156} INFO - Task exited with return code 0
[2022-09-08T14:32:06.095+0000] {local_task_job.py:279} INFO - 0 downstream tasks scheduled from follow-on schedule check
