[2022-09-08T11:12:26.618+0000] {taskinstance.py:1171} INFO - Dependencies all met for <TaskInstance: first_dag_v12.second_task scheduled__2022-09-07T00:00:00+00:00 [queued]>
[2022-09-08T11:12:26.625+0000] {taskinstance.py:1171} INFO - Dependencies all met for <TaskInstance: first_dag_v12.second_task scheduled__2022-09-07T00:00:00+00:00 [queued]>
[2022-09-08T11:12:26.626+0000] {taskinstance.py:1368} INFO - 
--------------------------------------------------------------------------------
[2022-09-08T11:12:26.627+0000] {taskinstance.py:1369} INFO - Starting attempt 1 of 6
[2022-09-08T11:12:26.628+0000] {taskinstance.py:1370} INFO - 
--------------------------------------------------------------------------------
[2022-09-08T11:12:26.636+0000] {taskinstance.py:1389} INFO - Executing <Task(BashOperator): second_task> on 2022-09-07 00:00:00+00:00
[2022-09-08T11:12:26.640+0000] {standard_task_runner.py:52} INFO - Started process 757 to run task
[2022-09-08T11:12:26.643+0000] {standard_task_runner.py:79} INFO - Running: ['***', 'tasks', 'run', 'first_dag_v12', 'second_task', 'scheduled__2022-09-07T00:00:00+00:00', '--job-id', '17', '--raw', '--subdir', 'DAGS_FOLDER/example_dags.py', '--cfg-path', '/tmp/tmp9n65iwtn', '--error-file', '/tmp/tmpcl3pge3h']
[2022-09-08T11:12:26.645+0000] {standard_task_runner.py:80} INFO - Job 17: Subtask second_task
[2022-09-08T11:12:26.686+0000] {task_command.py:371} INFO - Running <TaskInstance: first_dag_v12.second_task scheduled__2022-09-07T00:00:00+00:00 [running]> on host e458dbb0fb9f
[2022-09-08T11:12:26.727+0000] {taskinstance.py:1583} INFO - Exporting the following env vars:
AIRFLOW_CTX_DAG_OWNER=coder2j
AIRFLOW_CTX_DAG_ID=first_dag_v12
AIRFLOW_CTX_TASK_ID=second_task
AIRFLOW_CTX_EXECUTION_DATE=2022-09-07T00:00:00+00:00
AIRFLOW_CTX_TRY_NUMBER=1
AIRFLOW_CTX_DAG_RUN_ID=scheduled__2022-09-07T00:00:00+00:00
[2022-09-08T11:12:26.729+0000] {subprocess.py:62} INFO - Tmp dir root location: 
 /tmp
[2022-09-08T11:12:26.730+0000] {subprocess.py:74} INFO - Running command: ['/bin/bash', '-c', 'echo Dm log nhu lon']
[2022-09-08T11:12:26.737+0000] {subprocess.py:85} INFO - Output:
[2022-09-08T11:12:26.738+0000] {subprocess.py:92} INFO - Dm log nhu lon
[2022-09-08T11:12:26.739+0000] {subprocess.py:96} INFO - Command exited with return code 0
[2022-09-08T11:12:26.844+0000] {taskinstance.py:1412} INFO - Marking task as SUCCESS. dag_id=first_dag_v12, task_id=second_task, execution_date=20220907T000000, start_date=20220908T111226, end_date=20220908T111226
[2022-09-08T11:12:26.900+0000] {local_task_job.py:156} INFO - Task exited with return code 0
[2022-09-08T11:12:26.918+0000] {local_task_job.py:279} INFO - 0 downstream tasks scheduled from follow-on schedule check
