[2022-09-08T10:32:48.230+0000] {taskinstance.py:1171} INFO - Dependencies all met for <TaskInstance: our_first_dag_v5.second_task scheduled__2021-08-28T00:00:00+00:00 [queued]>
[2022-09-08T10:32:48.400+0000] {taskinstance.py:1171} INFO - Dependencies all met for <TaskInstance: our_first_dag_v5.second_task scheduled__2021-08-28T00:00:00+00:00 [queued]>
[2022-09-08T10:32:48.412+0000] {taskinstance.py:1368} INFO - 
--------------------------------------------------------------------------------
[2022-09-08T10:32:48.421+0000] {taskinstance.py:1369} INFO - Starting attempt 1 of 6
[2022-09-08T10:32:48.422+0000] {taskinstance.py:1370} INFO - 
--------------------------------------------------------------------------------
[2022-09-08T10:32:48.681+0000] {taskinstance.py:1389} INFO - Executing <Task(BashOperator): second_task> on 2021-08-28 00:00:00+00:00
[2022-09-08T10:32:48.716+0000] {standard_task_runner.py:52} INFO - Started process 3555 to run task
[2022-09-08T10:32:48.825+0000] {standard_task_runner.py:79} INFO - Running: ['***', 'tasks', 'run', 'our_first_dag_v5', 'second_task', 'scheduled__2021-08-28T00:00:00+00:00', '--job-id', '96', '--raw', '--subdir', 'DAGS_FOLDER/example_dags.py', '--cfg-path', '/tmp/tmpie5282p7', '--error-file', '/tmp/tmpavng5gzd']
[2022-09-08T10:32:48.855+0000] {standard_task_runner.py:80} INFO - Job 96: Subtask second_task
[2022-09-08T10:32:49.557+0000] {task_command.py:371} INFO - Running <TaskInstance: our_first_dag_v5.second_task scheduled__2021-08-28T00:00:00+00:00 [running]> on host c56eb7ae2624
[2022-09-08T10:32:51.535+0000] {taskinstance.py:1583} INFO - Exporting the following env vars:
AIRFLOW_CTX_DAG_OWNER=coder2j
AIRFLOW_CTX_DAG_ID=our_first_dag_v5
AIRFLOW_CTX_TASK_ID=second_task
AIRFLOW_CTX_EXECUTION_DATE=2021-08-28T00:00:00+00:00
AIRFLOW_CTX_TRY_NUMBER=1
AIRFLOW_CTX_DAG_RUN_ID=scheduled__2021-08-28T00:00:00+00:00
[2022-09-08T10:32:51.538+0000] {subprocess.py:62} INFO - Tmp dir root location: 
 /tmp
[2022-09-08T10:32:51.542+0000] {subprocess.py:74} INFO - Running command: ['/bin/bash', '-c', 'echo hey, I am task2 and will be running after task1!']
[2022-09-08T10:32:51.578+0000] {subprocess.py:85} INFO - Output:
[2022-09-08T10:32:51.586+0000] {subprocess.py:92} INFO - hey, I am task2 and will be running after task1!
[2022-09-08T10:32:51.589+0000] {subprocess.py:96} INFO - Command exited with return code 0
[2022-09-08T10:32:51.661+0000] {taskinstance.py:1412} INFO - Marking task as SUCCESS. dag_id=our_first_dag_v5, task_id=second_task, execution_date=20210828T000000, start_date=20220908T103248, end_date=20220908T103251
[2022-09-08T10:32:51.787+0000] {local_task_job.py:156} INFO - Task exited with return code 0
[2022-09-08T10:32:51.892+0000] {local_task_job.py:279} INFO - 0 downstream tasks scheduled from follow-on schedule check
