[2022-09-08T14:29:47.883+0000] {taskinstance.py:1171} INFO - Dependencies all met for <TaskInstance: second_dag_v5.task_3 scheduled__2022-09-06T00:00:00+00:00 [queued]>
[2022-09-08T14:29:47.890+0000] {taskinstance.py:1171} INFO - Dependencies all met for <TaskInstance: second_dag_v5.task_3 scheduled__2022-09-06T00:00:00+00:00 [queued]>
[2022-09-08T14:29:47.891+0000] {taskinstance.py:1368} INFO - 
--------------------------------------------------------------------------------
[2022-09-08T14:29:47.892+0000] {taskinstance.py:1369} INFO - Starting attempt 1 of 6
[2022-09-08T14:29:47.893+0000] {taskinstance.py:1370} INFO - 
--------------------------------------------------------------------------------
[2022-09-08T14:29:47.902+0000] {taskinstance.py:1389} INFO - Executing <Task(PythonOperator): task_3> on 2022-09-06 00:00:00+00:00
[2022-09-08T14:29:47.907+0000] {standard_task_runner.py:52} INFO - Started process 999 to run task
[2022-09-08T14:29:47.913+0000] {standard_task_runner.py:79} INFO - Running: ['***', 'tasks', 'run', 'second_dag_v5', 'task_3', 'scheduled__2022-09-06T00:00:00+00:00', '--job-id', '71', '--raw', '--subdir', 'DAGS_FOLDER/create_dag_with_python_operator.py', '--cfg-path', '/tmp/tmpvu1ivjhm', '--error-file', '/tmp/tmp7_bs73ft']
[2022-09-08T14:29:47.916+0000] {standard_task_runner.py:80} INFO - Job 71: Subtask task_3
[2022-09-08T14:29:47.984+0000] {task_command.py:371} INFO - Running <TaskInstance: second_dag_v5.task_3 scheduled__2022-09-06T00:00:00+00:00 [running]> on host e458dbb0fb9f
[2022-09-08T14:29:48.462+0000] {taskinstance.py:1583} INFO - Exporting the following env vars:
AIRFLOW_CTX_DAG_OWNER=coder2j
AIRFLOW_CTX_DAG_ID=second_dag_v5
AIRFLOW_CTX_TASK_ID=task_3
AIRFLOW_CTX_EXECUTION_DATE=2022-09-06T00:00:00+00:00
AIRFLOW_CTX_TRY_NUMBER=1
AIRFLOW_CTX_DAG_RUN_ID=scheduled__2022-09-06T00:00:00+00:00
[2022-09-08T14:29:48.567+0000] {python.py:173} INFO - Done. Returned value was: None
[2022-09-08T14:29:48.649+0000] {taskinstance.py:1412} INFO - Marking task as SUCCESS. dag_id=second_dag_v5, task_id=task_3, execution_date=20220906T000000, start_date=20220908T142947, end_date=20220908T142948
[2022-09-08T14:29:48.698+0000] {local_task_job.py:156} INFO - Task exited with return code 0
[2022-09-08T14:29:48.792+0000] {local_task_job.py:279} INFO - 0 downstream tasks scheduled from follow-on schedule check
