[2022-09-08T11:12:25.226+0000] {taskinstance.py:1171} INFO - Dependencies all met for <TaskInstance: first_dag_v12.first_task scheduled__2022-09-06T00:00:00+00:00 [queued]>
[2022-09-08T11:12:25.234+0000] {taskinstance.py:1171} INFO - Dependencies all met for <TaskInstance: first_dag_v12.first_task scheduled__2022-09-06T00:00:00+00:00 [queued]>
[2022-09-08T11:12:25.234+0000] {taskinstance.py:1368} INFO - 
--------------------------------------------------------------------------------
[2022-09-08T11:12:25.235+0000] {taskinstance.py:1369} INFO - Starting attempt 1 of 6
[2022-09-08T11:12:25.236+0000] {taskinstance.py:1370} INFO - 
--------------------------------------------------------------------------------
[2022-09-08T11:12:25.245+0000] {taskinstance.py:1389} INFO - Executing <Task(BashOperator): first_task> on 2022-09-06 00:00:00+00:00
[2022-09-08T11:12:25.249+0000] {standard_task_runner.py:52} INFO - Started process 750 to run task
[2022-09-08T11:12:25.252+0000] {standard_task_runner.py:79} INFO - Running: ['***', 'tasks', 'run', 'first_dag_v12', 'first_task', 'scheduled__2022-09-06T00:00:00+00:00', '--job-id', '14', '--raw', '--subdir', 'DAGS_FOLDER/example_dags.py', '--cfg-path', '/tmp/tmpc57kbdan', '--error-file', '/tmp/tmpa5_406q5']
[2022-09-08T11:12:25.253+0000] {standard_task_runner.py:80} INFO - Job 14: Subtask first_task
[2022-09-08T11:12:25.294+0000] {task_command.py:371} INFO - Running <TaskInstance: first_dag_v12.first_task scheduled__2022-09-06T00:00:00+00:00 [running]> on host e458dbb0fb9f
[2022-09-08T11:12:25.347+0000] {taskinstance.py:1583} INFO - Exporting the following env vars:
AIRFLOW_CTX_DAG_OWNER=coder2j
AIRFLOW_CTX_DAG_ID=first_dag_v12
AIRFLOW_CTX_TASK_ID=first_task
AIRFLOW_CTX_EXECUTION_DATE=2022-09-06T00:00:00+00:00
AIRFLOW_CTX_TRY_NUMBER=1
AIRFLOW_CTX_DAG_RUN_ID=scheduled__2022-09-06T00:00:00+00:00
[2022-09-08T11:12:25.349+0000] {subprocess.py:62} INFO - Tmp dir root location: 
 /tmp
[2022-09-08T11:12:25.350+0000] {subprocess.py:74} INFO - Running command: ['/bin/bash', '-c', 'echo tao la Dinh chi cong!']
[2022-09-08T11:12:25.358+0000] {subprocess.py:85} INFO - Output:
[2022-09-08T11:12:25.360+0000] {subprocess.py:92} INFO - tao la Dinh chi cong!
[2022-09-08T11:12:25.360+0000] {subprocess.py:96} INFO - Command exited with return code 0
[2022-09-08T11:12:25.586+0000] {taskinstance.py:1412} INFO - Marking task as SUCCESS. dag_id=first_dag_v12, task_id=first_task, execution_date=20220906T000000, start_date=20220908T111225, end_date=20220908T111225
[2022-09-08T11:12:25.630+0000] {local_task_job.py:156} INFO - Task exited with return code 0
[2022-09-08T11:12:25.659+0000] {local_task_job.py:279} INFO - 1 downstream tasks scheduled from follow-on schedule check
